2023-05-16T13:27:06.040Z info: GET:/api/posts
2023-05-16T13:28:49.118Z info: OPTIONS:/auth/login
2023-05-16T13:28:49.135Z info: POST:/auth/login
2023-05-16T13:28:49.239Z info: OPTIONS:/api/posts
2023-05-16T13:28:49.244Z info: GET:/api/posts
2023-05-16T13:28:53.991Z info: GET:/api/posts
2023-05-16T13:28:54.937Z info: GET:/api/posts
2023-05-16T13:33:28.275Z info: GET:/api/posts
2023-05-16T13:35:18.020Z info: GET:/api/post/1
2023-05-16T13:35:25.077Z info: GET:/api/post/2
2023-05-16T13:35:29.815Z info: GET:/api/post/1
2023-05-16T13:39:22.241Z error: Unexpected token } in JSON at position 146
2023-05-16T13:39:27.143Z info: POST:/api/createNewPost
2023-05-16T13:39:27.144Z info: {"title":"222","content":"s222fv","author":"s222dfv","genre":"Business","isPrivate":true}
2023-05-16T13:40:05.640Z info: GET:/api/posts
2023-05-16T13:44:37.038Z info: PUT:/api/editpost/1
2023-05-16T13:44:37.040Z info: {"title":"1","content":"sdfv","author":"sdfv","genre":"Business","isPrivate":true}
2023-05-16T13:44:40.814Z info: GET:/api/posts
2023-05-16T13:45:44.168Z info: DELETE:/api/delete/2
2023-05-16T13:45:47.532Z info: GET:/api/posts
2023-05-16T15:01:43.120Z info: POST:/auth/register
2023-05-16T15:01:43.123Z warn: {"ValidationError":["must match format \"email\""]}
2023-05-16T15:02:18.786Z info: POST:/auth/register
2023-05-16T15:02:18.787Z warn: {"ValidationError":["must match format \"email\""]}
2023-05-16T15:02:45.994Z info: POST:/auth/register
2023-05-16T15:03:16.341Z info: POST:/auth/register
2023-05-16T15:03:17.938Z info: POST:/auth/register
2023-05-16T15:03:26.745Z info: POST:/auth/register
2023-05-16T15:03:32.524Z info: POST:/auth/register
2023-05-16T15:03:34.374Z info: POST:/auth/register
2023-05-16T15:06:41.790Z error: Unexpected token u in JSON at position 18
2023-05-16T15:07:37.550Z error: Unexpected token u in JSON at position 18
2023-05-16T15:07:38.812Z error: Unexpected token u in JSON at position 18
2023-05-16T15:11:43.352Z info: POST:/auth/register
2023-05-16T15:11:43.358Z warn: {"ValidationError":["must have required property 'email'","must have required property 'password'","must have required property 'confirmPassword'"]}
2023-05-16T15:11:53.839Z error: Unexpected token u in JSON at position 18
2023-05-16T15:14:04.666Z info: POST:/auth/register
2023-05-16T15:16:21.131Z info: POST:/auth/register
2023-05-16T15:16:37.721Z info: POST:/auth/register
2023-05-16T15:17:10.700Z error: Unexpected token u in JSON at position 18
2023-05-16T15:17:39.721Z info: POST:/auth/register
2023-05-16T15:18:45.453Z info: GET:/auth/login
2023-05-16T15:18:58.393Z info: GET:/auth/login
2023-05-16T15:19:09.688Z info: POST:/auth/register
2023-05-16T15:19:21.099Z info: GET:/auth/login
2023-05-16T15:19:35.111Z info: GET:/auth/login
2023-05-16T15:19:49.026Z info: POST:/auth/register
2023-05-16T15:20:00.525Z info: GET:/auth/login
2023-05-16T15:20:13.082Z info: POST:/auth/register
2023-05-16T15:20:17.208Z info: GET:/auth/login
2023-05-16T15:20:18.147Z info: GET:/auth/login
2023-05-16T15:20:18.855Z info: GET:/auth/login
2023-05-16T15:20:57.701Z info: POST:/auth/login
2023-05-16T15:21:41.617Z info: GET:/api/posts
2023-05-16T15:21:46.407Z info: GET:/api/posts
2023-05-16T15:28:17.478Z info: GET:/api/posts
2023-05-16T15:28:45.603Z info: POST:/auth/login
2023-05-16T15:28:57.475Z info: POST:/auth/login
2023-05-16T15:28:58.631Z info: POST:/auth/login
2023-05-16T15:30:50.358Z info: POST:/auth/login
2023-05-16T15:31:32.577Z info: POST:/auth/login
2023-05-16T15:32:27.590Z info: POST:/auth/login
2023-05-16T15:33:17.803Z info: GET:/api/posts
2023-05-16T15:33:22.335Z info: POST:/auth/login
2023-05-16T15:33:28.677Z info: GET:/api/posts
2023-05-16T15:33:34.240Z info: GET:/api/posts
2023-05-16T15:33:36.701Z info: GET:/api/post/1
2023-05-16T15:33:42.459Z info: GET:/api/posts
2023-05-16T15:33:44.915Z info: GET:/api/posts
2023-05-16T15:33:50.406Z info: POST:/auth/register
2023-05-16T15:33:54.439Z info: POST:/auth/login
2023-05-16T15:33:58.336Z info: GET:/api/posts
2023-05-16T15:36:20.538Z info: POST:/auth/register
2023-05-16T15:36:20.602Z info: POST:/auth/login
2023-05-16T15:36:20.945Z info: GET:/api/posts
2023-05-16T15:37:44.418Z info: GET:/api/post/1
2023-05-16T15:39:34.723Z info: POST:/auth/register
2023-05-16T15:39:34.785Z info: POST:/auth/login
2023-05-16T15:39:35.135Z info: GET:/api/posts
2023-05-16T15:39:35.194Z info: GET:/api/post/1
2023-05-16T15:39:35.259Z info: POST:/api/createNewPost
2023-05-16T15:39:35.261Z info: {"title":"222","content":"s222fv","author":"s222dfv","genre":"Business","isPrivate":true}
2023-05-16T15:39:35.352Z info: PUT:/api/editpost/1
2023-05-16T15:39:35.354Z info: {"title":"1","content":"sdfv","author":"sdfv","genre":"Business","isPrivate":true}
2023-05-16T15:39:35.432Z info: DELETE:/api/delete/2
2023-05-16T15:40:26.655Z info: GET:/api/post/1
2023-05-16T15:40:29.771Z info: POST:/api/createNewPost
2023-05-16T15:40:29.772Z info: {"title":"222","content":"s222fv","author":"s222dfv","genre":"Business","isPrivate":true}
2023-05-16T15:40:34.793Z info: POST:/api/createNewPost
2023-05-16T15:40:34.794Z info: {"title":"222","content":"s222fv","author":"s222dfv","genre":"Business","isPrivate":true}
2023-05-16T15:40:37.392Z info: PUT:/api/editpost/1
2023-05-16T15:40:37.393Z info: {"title":"1","content":"sdfv","author":"sdfv","genre":"Business","isPrivate":true}
2023-05-16T15:40:44.477Z info: DELETE:/api/delete/2
2023-05-16T15:40:48.760Z info: DELETE:/api/delete/2
2023-05-16T15:40:49.917Z info: DELETE:/api/delete/2
2023-05-16T15:41:38.281Z info: GET:/api/posts
2023-05-16T15:41:40.737Z info: GET:/api/post/1
2023-05-16T15:41:43.191Z info: POST:/api/createNewPost
2023-05-16T15:41:45.170Z info: PUT:/api/editpost/1
2023-05-16T15:41:47.022Z info: DELETE:/api/delete/2
2023-05-16T15:41:52.347Z info: GET:/api/post/1
2023-05-16T15:41:53.897Z info: GET:/api/post/1
2023-05-16T15:42:01.391Z info: GET:/api/posts
2023-05-16T15:42:04.905Z info: GET:/api/posts
2023-05-16T15:42:06.047Z info: GET:/api/posts
2023-05-16T15:42:20.548Z info: POST:/auth/register
2023-05-16T15:42:20.603Z info: POST:/auth/login
2023-05-16T15:42:21.002Z info: GET:/api/posts
2023-05-16T15:42:21.085Z info: GET:/api/post/1
2023-05-16T15:42:21.162Z info: POST:/api/createNewPost
2023-05-16T15:42:21.164Z info: {"title":"222","content":"s222fv","author":"s222dfv","genre":"Business","isPrivate":true}
2023-05-16T15:42:21.218Z info: PUT:/api/editpost/1
2023-05-16T15:42:21.220Z info: {"title":"1","content":"sdfv","author":"sdfv","genre":"Business","isPrivate":true}
2023-05-16T15:42:21.309Z info: DELETE:/api/delete/2
2023-05-16T15:45:40.067Z error: Unexpected token u in JSON at position 18
2023-05-16T15:46:23.252Z info: POST:/auth/register
2023-05-16T15:46:50.442Z info: POST:/auth/login
2023-05-16T15:46:55.130Z info: GET:/api/posts
2023-05-16T15:46:57.442Z info: GET:/api/post/1
2023-05-16T15:47:00.062Z info: POST:/api/createNewPost
2023-05-16T15:47:00.064Z info: {"title":"222","content":"s222fv","author":"s222dfv","genre":"Business","isPrivate":true}
2023-05-16T15:47:03.410Z info: PUT:/api/editpost/1
2023-05-16T15:47:03.411Z info: {"title":"1","content":"sdfv","author":"sdfv","genre":"Business","isPrivate":true}
2023-05-16T15:47:06.014Z info: DELETE:/api/delete/2
2023-05-16T15:47:13.418Z info: POST:/auth/register
2023-05-16T15:47:13.504Z info: POST:/auth/login
2023-05-16T15:47:13.862Z info: GET:/api/posts
2023-05-16T15:47:13.937Z info: GET:/api/post/1
2023-05-16T15:47:14.020Z info: POST:/api/createNewPost
2023-05-16T15:47:14.021Z info: {"title":"222","content":"s222fv","author":"s222dfv","genre":"Business","isPrivate":true}
2023-05-16T15:47:14.103Z info: PUT:/api/editpost/1
2023-05-16T15:47:14.105Z info: {"title":"1","content":"sdfv","author":"sdfv","genre":"Business","isPrivate":true}
2023-05-16T15:47:14.145Z info: DELETE:/api/delete/2
