2023-06-01T11:03:12.660Z info: OPTIONS:/api/posts
2023-06-01T11:03:12.680Z info: GET:/api/posts
2023-06-01T11:03:12.687Z error: jwt expired
2023-06-01T11:03:19.874Z info: OPTIONS:/api/posts
2023-06-01T11:03:19.892Z info: GET:/api/posts
2023-06-01T11:03:19.896Z error: jwt expired
2023-06-01T11:03:30.995Z info: OPTIONS:/api/posts
2023-06-01T11:03:31.001Z info: GET:/api/posts
2023-06-01T11:03:31.003Z error: jwt expired
2023-06-01T11:03:36.688Z info: OPTIONS:/api/posts
2023-06-01T11:03:36.695Z info: GET:/api/posts
2023-06-01T11:03:36.700Z error: jwt expired
2023-06-01T11:03:53.721Z info: OPTIONS:/api/posts
2023-06-01T11:03:53.728Z info: GET:/api/posts
2023-06-01T11:03:53.730Z error: jwt expired
2023-06-01T11:04:16.337Z info: OPTIONS:/api/posts
2023-06-01T11:04:16.342Z info: GET:/api/posts
2023-06-01T11:04:16.344Z error: jwt expired
2023-06-01T11:04:26.499Z info: OPTIONS:/api/posts
2023-06-01T11:05:08.678Z info: GET:/api/posts
2023-06-01T11:05:08.679Z error: No authorization token was found
2023-06-01T11:05:28.207Z info: GET:/api/posts
2023-06-01T11:05:28.208Z error: No authorization token was found
2023-06-01T11:05:38.530Z info: OPTIONS:/auth/login
2023-06-01T11:05:38.576Z info: POST:/auth/login
2023-06-01T11:05:39.030Z info: OPTIONS:/api/posts
2023-06-01T11:05:39.038Z info: GET:/api/posts
2023-06-01T11:07:30.660Z info: OPTIONS:/api/posts
2023-06-01T11:07:30.670Z info: GET:/api/posts
2023-06-01T11:07:37.370Z info: OPTIONS:/api/posts
2023-06-01T11:07:37.377Z info: GET:/api/posts
2023-06-01T11:07:39.980Z info: OPTIONS:/api/post/1
2023-06-01T11:07:39.986Z info: GET:/api/post/1
2023-06-01T11:11:05.236Z info: OPTIONS:/api/posts
2023-06-01T11:11:05.249Z info: GET:/api/posts
2023-06-01T11:11:15.283Z info: OPTIONS:/api/posts
2023-06-01T11:11:15.288Z info: GET:/api/posts
2023-06-01T11:11:18.852Z info: OPTIONS:/api/post/1
2023-06-01T11:11:18.859Z info: GET:/api/post/1
2023-06-01T11:12:40.779Z info: OPTIONS:/api/posts
2023-06-01T11:12:40.792Z info: GET:/api/posts
2023-06-01T11:12:44.755Z info: GET:/api/posts
2023-06-01T11:12:46.838Z info: OPTIONS:/api/post/1
2023-06-01T11:12:46.847Z info: GET:/api/post/1
2023-06-01T11:13:36.661Z info: OPTIONS:/api/posts
2023-06-01T11:13:36.673Z info: GET:/api/posts
2023-06-01T11:13:38.861Z info: GET:/api/posts
2023-06-01T11:13:41.042Z info: OPTIONS:/api/post/1
2023-06-01T11:13:41.051Z info: GET:/api/post/1
2023-06-01T11:15:12.827Z info: OPTIONS:/api/posts
2023-06-01T11:15:12.844Z info: GET:/api/posts
2023-06-01T11:15:15.509Z info: GET:/api/posts
2023-06-01T11:15:18.099Z info: OPTIONS:/api/post/2
2023-06-01T11:15:18.110Z info: GET:/api/post/2
2023-06-01T11:17:10.578Z info: OPTIONS:/api/posts
2023-06-01T11:17:10.590Z info: GET:/api/posts
2023-06-01T11:17:14.893Z info: GET:/api/posts
2023-06-01T11:17:18.446Z info: OPTIONS:/api/post/1
2023-06-01T11:17:18.456Z info: GET:/api/post/1
2023-06-01T11:21:16.581Z info: OPTIONS:/api/posts
2023-06-01T11:21:16.608Z info: GET:/api/posts
2023-06-01T11:21:20.216Z info: OPTIONS:/api/post/1
2023-06-01T11:21:20.226Z info: GET:/api/post/1
2023-06-01T11:21:50.184Z info: OPTIONS:/api/posts
2023-06-01T11:21:50.188Z info: GET:/api/posts
2023-06-01T11:21:52.443Z info: OPTIONS:/api/post/1
2023-06-01T11:21:52.448Z info: GET:/api/post/1
2023-06-01T11:21:54.759Z info: GET:/api/post/1
2023-06-01T11:22:00.955Z info: OPTIONS:/api/editpost/1
2023-06-01T11:22:00.993Z info: PUT:/api/editpost/1
2023-06-01T11:22:00.999Z info: {"title":"111","content":"sdvsdc","author":{"id":1,"email":"underwater3499@gmail.com","password":"$2a$10$h6Psk0OEroP1zZWoDy2HPeBL0QQP7VoJdeifJW/erCGwM1dbT9FD2"},"genre":"Business","isPrivate":true}
2023-06-01T11:22:01.001Z warn: {"ValidationError":["must NOT have additional properties"]}
2023-06-01T11:22:01.004Z error: must NOT have additional properties
2023-06-01T11:22:05.007Z info: OPTIONS:/api/posts
2023-06-01T11:22:05.013Z info: GET:/api/posts
2023-06-01T11:22:06.525Z info: GET:/api/posts
2023-06-01T11:24:20.980Z info: OPTIONS:/api/posts
2023-06-01T11:24:20.990Z info: GET:/api/posts
2023-06-01T11:24:24.213Z info: OPTIONS:/api/post/1
2023-06-01T11:24:24.219Z info: GET:/api/post/1
2023-06-01T11:24:27.666Z info: GET:/api/post/1
2023-06-01T11:24:34.612Z info: OPTIONS:/api/editpost/1
2023-06-01T11:24:34.619Z info: PUT:/api/editpost/1
2023-06-01T11:24:34.624Z info: {"title":"111","content":"111","genre":"Business","isPrivate":true}
2023-06-01T11:24:34.632Z error: Property "where" was not found in "Post". Make sure your query is correct.
2023-06-01T11:24:34.633Z error: Property "where" was not found in "Post". Make sure your query is correct.
2023-06-01T11:24:37.413Z info: OPTIONS:/api/posts
2023-06-01T11:24:37.419Z info: GET:/api/posts
2023-06-01T11:24:39.747Z info: GET:/api/posts
2023-06-01T11:28:15.867Z info: OPTIONS:/api/posts
2023-06-01T11:28:15.880Z info: GET:/api/posts
2023-06-01T11:28:20.351Z info: OPTIONS:/api/post/1
2023-06-01T11:28:20.359Z info: GET:/api/post/1
2023-06-01T11:28:22.798Z info: OPTIONS:/api/posts
2023-06-01T11:28:22.803Z info: GET:/api/posts
2023-06-01T11:28:24.974Z info: GET:/api/post/1
2023-06-01T11:28:27.087Z info: OPTIONS:/api/post/1
2023-06-01T11:28:27.091Z info: GET:/api/post/1
2023-06-01T11:28:32.504Z info: OPTIONS:/api/editpost/1
2023-06-01T11:28:32.518Z info: PUT:/api/editpost/1
2023-06-01T11:28:32.521Z info: {"title":"xc xc 12","content":"sdvsdc","genre":"Business","isPrivate":true}
2023-06-01T11:28:32.525Z error: Property "where" was not found in "Post". Make sure your query is correct.
2023-06-01T11:28:32.526Z error: Property "where" was not found in "Post". Make sure your query is correct.
2023-06-01T11:28:34.247Z info: OPTIONS:/api/posts
2023-06-01T11:28:34.251Z info: GET:/api/posts
2023-06-01T11:28:35.201Z info: GET:/api/posts
2023-06-01T11:45:23.129Z info: OPTIONS:/api/posts
2023-06-01T11:45:23.159Z info: GET:/api/posts
2023-06-01T11:45:26.119Z info: OPTIONS:/api/post/1
2023-06-01T11:45:26.130Z info: GET:/api/post/1
2023-06-01T11:45:28.440Z info: GET:/api/post/1
2023-06-01T11:45:32.469Z info: OPTIONS:/api/editpost/1
2023-06-01T11:45:32.512Z info: PUT:/api/editpost/1
2023-06-01T11:45:32.518Z info: {"title":"1111","content":"sdvsdc","genre":"Business","isPrivate":true}
2023-06-01T11:45:35.191Z info: OPTIONS:/api/posts
2023-06-01T11:45:35.197Z info: GET:/api/posts
2023-06-01T11:45:35.987Z info: GET:/api/posts
2023-06-01T11:45:39.662Z info: GET:/api/posts
2023-06-01T11:46:27.632Z info: OPTIONS:/api/post/2
2023-06-01T11:46:27.641Z info: GET:/api/post/2
2023-06-01T11:46:30.007Z info: GET:/api/post/2
2023-06-01T11:46:36.495Z info: OPTIONS:/api/editpost/2
2023-06-01T11:46:36.502Z info: PUT:/api/editpost/2
2023-06-01T11:46:36.508Z info: {"title":"22222","content":"2222","genre":"Business","isPrivate":false}
2023-06-01T11:46:37.546Z info: OPTIONS:/api/posts
2023-06-01T11:46:37.553Z info: GET:/api/posts
2023-06-01T11:46:38.437Z info: GET:/api/posts
2023-06-01T11:47:21.645Z info: OPTIONS:/api/post/3
2023-06-01T11:47:21.660Z info: GET:/api/post/3
2023-06-01T11:47:27.557Z info: OPTIONS:/api/delete/3
2023-06-01T11:47:27.560Z info: OPTIONS:/api/posts
2023-06-01T11:47:27.562Z info: DELETE:/api/delete/3
2023-06-01T11:47:30.629Z info: OPTIONS:/api/posts
2023-06-01T11:47:30.635Z info: GET:/api/posts
2023-06-01T11:48:00.285Z info: OPTIONS:/api/post/3
2023-06-01T11:48:00.290Z info: GET:/api/post/3
2023-06-01T11:48:02.669Z info: OPTIONS:/api/delete/3
2023-06-01T11:48:02.671Z info: OPTIONS:/api/posts
2023-06-01T11:48:02.673Z info: DELETE:/api/delete/3
2023-06-01T11:48:08.357Z info: OPTIONS:/api/posts
2023-06-01T11:48:08.363Z info: GET:/api/posts
2023-06-01T11:48:42.824Z info: OPTIONS:/api/posts
2023-06-01T11:48:42.848Z info: GET:/api/posts
2023-06-01T11:48:45.462Z info: OPTIONS:/api/post/3
2023-06-01T11:48:45.470Z info: GET:/api/post/3
2023-06-01T11:48:47.413Z info: OPTIONS:/api/delete/3
2023-06-01T11:48:47.416Z info: GET:/api/posts
2023-06-01T11:48:47.423Z info: DELETE:/api/delete/3
2023-06-01T11:48:49.767Z info: OPTIONS:/api/posts
2023-06-01T11:48:49.777Z info: GET:/api/posts
2023-06-01T11:48:52.822Z info: GET:/api/posts
2023-06-01T11:49:32.250Z info: OPTIONS:/api/post/1
2023-06-01T11:49:32.262Z info: GET:/api/post/1
2023-06-01T11:49:35.198Z info: OPTIONS:/api/delete/1
2023-06-01T11:49:35.202Z info: OPTIONS:/api/posts
2023-06-01T11:49:35.206Z info: DELETE:/api/delete/1
2023-06-01T11:49:43.809Z info: OPTIONS:/api/posts
2023-06-01T11:49:43.817Z info: GET:/api/posts
2023-06-01T11:49:46.665Z info: GET:/api/posts
2023-06-01T11:49:58.143Z info: OPTIONS:/api/createNewPost
2023-06-01T11:49:58.172Z info: POST:/api/createNewPost
2023-06-01T11:49:58.177Z info: {"title":"44444444","content":"sdcsdcsdcsdc","genre":"Business","isPrivate":true}
2023-06-01T11:50:01.151Z info: OPTIONS:/api/posts
2023-06-01T11:50:01.158Z info: GET:/api/posts
2023-06-01T11:57:07.207Z info: OPTIONS:/api/post/4
2023-06-01T11:57:07.212Z info: GET:/api/post/4
2023-06-01T14:29:33.781Z info: OPTIONS:/api/posts
2023-06-01T14:29:33.787Z info: GET:/api/posts
2023-06-01T14:29:39.635Z info: OPTIONS:/api/posts
2023-06-01T14:29:39.639Z info: GET:/api/posts
2023-06-01T14:31:48.313Z info: OPTIONS:/api/posts
2023-06-01T14:31:48.325Z info: GET:/api/posts
2023-06-01T14:31:57.635Z info: OPTIONS:/api/createNewPost
2023-06-01T14:31:57.679Z info: POST:/api/createNewPost
2023-06-01T14:31:57.688Z info: {"title":"sacsdcsdc","content":"sdcsdcsdc","genre":"Business","isPrivate":true}
2023-06-01T14:32:00.593Z info: OPTIONS:/api/posts
2023-06-01T14:32:00.602Z info: GET:/api/posts
2023-06-01T14:35:50.454Z info: OPTIONS:/api/posts
2023-06-01T14:35:50.465Z info: GET:/api/posts
2023-06-01T14:35:58.150Z info: OPTIONS:/api/createNewPost
2023-06-01T14:35:58.190Z info: POST:/api/createNewPost
2023-06-01T14:35:58.198Z info: {"title":"asxasxas","content":"asxasxasx","genre":"Business","isPrivate":true}
2023-06-01T14:35:58.232Z error: date/time field value out of range: "1685630158200"
2023-06-01T14:35:58.235Z error: date/time field value out of range: "1685630158200"
2023-06-01T14:39:50.670Z info: OPTIONS:/api/posts
2023-06-01T14:39:55.713Z info: OPTIONS:/api/posts
2023-06-01T14:39:55.719Z info: GET:/api/posts
2023-06-01T14:40:03.341Z info: OPTIONS:/api/createNewPost
2023-06-01T14:40:03.376Z info: POST:/api/createNewPost
2023-06-01T14:40:03.382Z info: {"title":"csdcsdc","content":"sdcsdcsd","genre":"Sport","isPrivate":true}
2023-06-01T14:40:03.405Z error: date/time field value out of range: "1685630403385"
2023-06-01T14:40:03.406Z error: date/time field value out of range: "1685630403385"
2023-06-01T14:45:35.155Z info: OPTIONS:/api/posts
2023-06-01T14:45:35.179Z info: GET:/api/posts
2023-06-01T14:45:42.892Z info: OPTIONS:/api/createNewPost
2023-06-01T14:45:42.930Z info: POST:/api/createNewPost
2023-06-01T14:45:42.938Z info: {"title":"asxasx","content":"asxasxsax","genre":"Sport","isPrivate":true}
2023-06-01T14:45:46.091Z info: OPTIONS:/api/posts
2023-06-01T14:45:46.099Z info: GET:/api/posts
2023-06-01T15:06:18.383Z info: OPTIONS:/api/posts
2023-06-01T15:06:18.394Z info: GET:/api/posts
2023-06-01T15:06:23.991Z info: OPTIONS:/api/posts
2023-06-01T15:06:24.000Z info: GET:/api/posts
2023-06-01T15:06:26.058Z info: OPTIONS:/api/post/1
2023-06-01T15:06:26.064Z info: GET:/api/post/1
2023-06-01T15:06:28.958Z info: GET:/api/post/1
2023-06-01T15:06:33.161Z info: OPTIONS:/api/editpost/1
2023-06-01T15:06:33.169Z info: PUT:/api/editpost/1
2023-06-01T15:06:33.173Z info: {"title":"11111","content":"asxasxsax","genre":"Sport","isPrivate":true}
2023-06-01T15:06:34.236Z info: OPTIONS:/api/posts
2023-06-01T15:06:34.243Z info: GET:/api/posts
2023-06-01T15:06:35.585Z info: GET:/api/posts
2023-06-01T15:08:44.744Z info: OPTIONS:/api/posts
2023-06-01T15:08:44.749Z info: GET:/api/posts
2023-06-01T15:09:03.154Z info: GET:/api/posts
2023-06-01T15:09:03.156Z error: No authorization token was found
2023-06-01T15:09:16.765Z info: GET:/api/posts
2023-06-01T15:09:16.765Z error: No authorization token was found
2023-06-01T15:09:40.657Z info: OPTIONS:/auth/register
2023-06-01T15:09:40.661Z info: POST:/auth/register
2023-06-01T15:09:40.824Z info: OPTIONS:/api/posts
2023-06-01T15:09:40.828Z info: GET:/api/posts
2023-06-01T15:09:40.830Z error: invalid signature
2023-06-01T15:11:51.303Z info: OPTIONS:/api/posts
2023-06-01T15:11:51.307Z info: GET:/api/posts
2023-06-01T15:11:51.309Z error: invalid signature
2023-06-01T15:12:07.557Z info: OPTIONS:/api/posts
2023-06-01T15:12:07.659Z info: GET:/api/posts
2023-06-01T15:12:07.663Z error: invalid signature
2023-06-01T15:12:30.112Z info: OPTIONS:/auth/register
2023-06-01T15:12:30.118Z info: POST:/auth/register
2023-06-01T15:12:30.521Z info: OPTIONS:/api/posts
2023-06-01T15:12:30.526Z info: GET:/api/posts
2023-06-01T15:12:30.531Z error: invalid signature
2023-06-01T15:18:15.617Z info: OPTIONS:/auth/login
2023-06-01T15:18:15.621Z info: POST:/auth/login
2023-06-01T15:18:15.782Z info: OPTIONS:/api/posts
2023-06-01T15:18:15.789Z info: GET:/api/posts
2023-06-01T15:19:06.379Z info: GET:/api/posts
2023-06-01T15:19:06.380Z error: No authorization token was found
2023-06-01T15:19:19.133Z info: OPTIONS:/auth/register
2023-06-01T15:19:19.138Z info: POST:/auth/register
2023-06-01T15:22:20.889Z info: OPTIONS:/auth/register
2023-06-01T15:22:20.950Z info: POST:/auth/register
2023-06-01T15:22:21.473Z info: OPTIONS:/api/posts
2023-06-01T15:22:21.483Z info: GET:/api/posts
2023-06-01T15:22:21.490Z error: invalid signature
2023-06-01T15:26:55.914Z info: OPTIONS:/api/posts
2023-06-01T15:26:55.935Z info: GET:/api/posts
2023-06-01T15:26:55.939Z error: invalid signature
2023-06-01T15:27:00.568Z info: GET:/api/posts
2023-06-01T15:27:00.574Z error: invalid signature
2023-06-01T15:27:16.603Z info: OPTIONS:/auth/register
2023-06-01T15:27:16.637Z info: POST:/auth/register
2023-06-01T15:28:13.066Z info: OPTIONS:/auth/login
2023-06-01T15:28:13.074Z info: POST:/auth/login
2023-06-01T15:28:13.489Z info: OPTIONS:/api/posts
2023-06-01T15:28:13.495Z info: GET:/api/posts
2023-06-01T15:28:44.354Z info: OPTIONS:/auth/register
2023-06-01T15:28:44.360Z info: POST:/auth/register
2023-06-01T15:36:41.489Z info: OPTIONS:/auth/register
2023-06-01T15:36:41.495Z info: POST:/auth/register
2023-06-01T15:37:02.854Z info: OPTIONS:/auth/register
2023-06-01T15:37:02.859Z info: POST:/auth/register
2023-06-01T15:37:39.339Z info: OPTIONS:/auth/register
2023-06-01T15:37:39.345Z info: POST:/auth/register
2023-06-01T15:37:40.365Z info: POST:/auth/register
2023-06-01T15:37:40.366Z warn: {"ValidationError":["must have required property 'email'","must have required property 'password'","must have required property 'confirmPassword'"]}
2023-06-01T15:37:40.515Z info: POST:/auth/register
2023-06-01T15:37:40.516Z warn: {"ValidationError":["must have required property 'email'","must have required property 'password'","must have required property 'confirmPassword'"]}
2023-06-01T15:37:40.674Z info: POST:/auth/register
2023-06-01T15:37:40.676Z warn: {"ValidationError":["must have required property 'email'","must have required property 'password'","must have required property 'confirmPassword'"]}
2023-06-01T15:42:23.482Z info: OPTIONS:/auth/register
2023-06-01T15:42:23.528Z info: POST:/auth/register
2023-06-01T15:43:11.699Z info: OPTIONS:/auth/register
2023-06-01T15:43:11.706Z info: POST:/auth/register
2023-06-01T15:43:11.710Z warn: {"ValidationError":["must have required property 'email'","must have required property 'password'","must have required property 'confirmPassword'"]}
2023-06-01T15:43:58.331Z info: OPTIONS:/auth/register
2023-06-01T15:43:58.344Z info: POST:/auth/register
2023-06-01T15:45:33.664Z info: OPTIONS:/auth/register
2023-06-01T15:45:33.669Z info: POST:/auth/register
2023-06-01T15:45:33.672Z warn: {"ValidationError":["must match format \"email\""]}
2023-06-01T15:45:50.869Z info: OPTIONS:/auth/register
2023-06-01T15:45:50.875Z info: POST:/auth/register
2023-06-01T15:46:02.524Z info: OPTIONS:/auth/register
2023-06-01T15:46:02.530Z info: POST:/auth/register
2023-06-01T15:46:02.534Z warn: {"ValidationError":["must match format \"email\""]}
2023-06-01T15:46:40.762Z info: OPTIONS:/auth/register
2023-06-01T15:46:40.767Z info: POST:/auth/register
2023-06-01T15:46:40.821Z info: POST:/auth/register
2023-06-01T15:53:14.851Z info: OPTIONS:/auth/register
2023-06-01T15:53:14.857Z info: POST:/auth/register
2023-06-01T15:53:14.913Z info: POST:/auth/register
2023-06-01T15:53:30.410Z info: OPTIONS:/auth/register
2023-06-01T15:53:30.415Z info: POST:/auth/register
2023-06-01T15:53:38.558Z info: OPTIONS:/api/posts
2023-06-01T15:53:38.576Z info: GET:/api/posts
2023-06-01T15:53:38.581Z error: invalid signature
2023-06-01T15:54:07.138Z info: OPTIONS:/api/posts
2023-06-01T15:54:07.142Z info: GET:/api/posts
2023-06-01T15:54:07.144Z error: invalid signature
2023-06-01T15:56:33.985Z info: GET:/api/posts
2023-06-01T15:56:33.987Z error: No authorization token was found
2023-06-01T15:56:42.310Z info: OPTIONS:/auth/login
2023-06-01T15:56:42.315Z info: POST:/auth/login
2023-06-01T15:56:45.531Z info: OPTIONS:/api/posts
2023-06-01T15:56:45.537Z info: GET:/api/posts
2023-06-01T15:57:39.043Z info: GET:/api/posts
2023-06-01T15:57:39.044Z error: No authorization token was found
2023-06-01T15:57:55.725Z info: OPTIONS:/auth/login
2023-06-01T15:57:55.730Z info: POST:/auth/login
2023-06-01T15:57:58.402Z info: OPTIONS:/api/posts
2023-06-01T15:57:58.407Z info: GET:/api/posts
2023-06-01T16:00:01.547Z info: OPTIONS:/api/createNewPost
2023-06-01T16:00:01.552Z info: POST:/api/createNewPost
2023-06-01T16:00:01.555Z info: {"title":"sdcsdc","content":"sdcsdcsd","genre":"Business","isPrivate":true}
2023-06-01T16:00:05.147Z info: OPTIONS:/api/posts
2023-06-01T16:00:05.158Z info: GET:/api/posts
2023-06-01T16:00:08.940Z info: GET:/api/posts
2023-06-01T16:00:11.705Z info: OPTIONS:/api/posts
2023-06-01T16:00:11.710Z info: GET:/api/posts
2023-06-01T16:03:39.693Z info: OPTIONS:/api/post/1
2023-06-01T16:03:39.705Z info: GET:/api/post/1
2023-06-01T16:03:43.136Z info: OPTIONS:/api/posts
2023-06-01T16:03:43.143Z info: GET:/api/posts
2023-06-01T16:03:45.162Z info: OPTIONS:/api/post/2
2023-06-01T16:03:45.168Z info: GET:/api/post/2
2023-06-01T16:03:50.659Z info: OPTIONS:/api/posts
2023-06-01T16:03:50.664Z info: GET:/api/posts
2023-06-01T16:03:53.312Z info: OPTIONS:/api/post/2
2023-06-01T16:03:53.317Z info: GET:/api/post/2
2023-06-01T16:03:56.938Z info: GET:/api/post/2
2023-06-01T16:04:01.691Z info: OPTIONS:/api/posts
2023-06-01T16:04:01.700Z info: GET:/api/posts
2023-06-01T16:04:06.280Z info: OPTIONS:/api/post/1
2023-06-01T16:04:06.285Z info: GET:/api/post/1
2023-06-01T16:04:11.852Z info: OPTIONS:/api/posts
2023-06-01T16:04:11.859Z info: GET:/api/posts
2023-06-01T16:04:16.377Z info: OPTIONS:/api/post/2
2023-06-01T16:04:16.382Z info: GET:/api/post/2
2023-06-01T16:04:21.254Z info: OPTIONS:/api/posts
2023-06-01T16:04:21.258Z info: GET:/api/posts
2023-06-01T16:04:30.265Z info: OPTIONS:/api/post/2
2023-06-01T16:04:30.270Z info: GET:/api/post/2
2023-06-01T16:04:45.332Z info: OPTIONS:/api/posts
2023-06-01T16:04:45.335Z info: GET:/api/posts
2023-06-01T16:04:47.974Z info: OPTIONS:/api/post/1
2023-06-01T16:04:47.978Z info: GET:/api/post/1
2023-06-01T16:04:58.315Z info: OPTIONS:/api/post/1
2023-06-01T16:04:58.319Z info: GET:/api/post/1
2023-06-01T16:05:00.793Z info: OPTIONS:/api/posts
2023-06-01T16:05:00.799Z info: GET:/api/posts
2023-06-01T16:05:02.726Z info: OPTIONS:/api/post/2
2023-06-01T16:05:02.731Z info: GET:/api/post/2
2023-06-01T16:05:05.704Z info: OPTIONS:/api/delete/2
2023-06-01T16:05:05.706Z info: GET:/api/posts
2023-06-01T16:05:05.709Z info: DELETE:/api/delete/2
2023-06-01T16:05:07.514Z info: OPTIONS:/api/posts
2023-06-01T16:05:07.566Z info: GET:/api/posts
2023-06-01T16:05:12.775Z info: OPTIONS:/api/post/1
2023-06-01T16:05:12.780Z info: GET:/api/post/1
2023-06-01T16:05:15.924Z info: GET:/api/post/1
2023-06-01T16:05:21.999Z info: OPTIONS:/api/editpost/1
2023-06-01T16:05:22.004Z info: PUT:/api/editpost/1
2023-06-01T16:05:22.008Z info: {"title":"1","content":"asxasxsax","genre":"Sport","isPrivate":false}
2023-06-01T16:05:22.961Z info: OPTIONS:/api/posts
2023-06-01T16:05:22.967Z info: GET:/api/posts
2023-06-01T16:05:23.710Z info: GET:/api/posts
2023-06-01T16:05:30.824Z info: OPTIONS:/api/createNewPost
2023-06-01T16:05:30.830Z info: POST:/api/createNewPost
2023-06-01T16:05:30.834Z info: {"title":"dfsc","content":"gfbdvsc","genre":"Business","isPrivate":true}
2023-06-01T16:05:34.071Z info: OPTIONS:/api/posts
2023-06-01T16:05:34.076Z info: GET:/api/posts
2023-06-01T16:05:37.837Z info: GET:/api/posts
2023-06-01T16:05:40.175Z info: OPTIONS:/api/post/3
2023-06-01T16:05:40.180Z info: GET:/api/post/3
2023-06-01T16:06:05.614Z info: OPTIONS:/api/posts
2023-06-01T16:06:05.619Z info: GET:/api/posts
2023-06-01T16:06:08.322Z info: GET:/api/posts
2023-06-01T16:06:28.731Z info: OPTIONS:/api/post/3
2023-06-01T16:06:28.738Z info: GET:/api/post/3
2023-06-01T16:06:49.926Z info: OPTIONS:/api/posts
2023-06-01T16:06:49.930Z info: GET:/api/posts
2023-06-01T16:06:52.607Z info: OPTIONS:/api/post/3
2023-06-01T16:06:52.612Z info: GET:/api/post/3
2023-06-01T16:06:56.579Z info: OPTIONS:/api/posts
2023-06-01T16:06:56.583Z info: GET:/api/posts
2023-06-01T16:06:58.833Z info: OPTIONS:/api/post/1
2023-06-01T16:06:58.838Z info: GET:/api/post/1
2023-06-01T16:08:56.156Z info: OPTIONS:/api/posts
2023-06-01T16:08:56.168Z info: GET:/api/posts
2023-06-01T16:09:00.612Z info: GET:/api/posts
2023-06-01T16:09:05.808Z info: OPTIONS:/api/post/3
2023-06-01T16:09:05.813Z info: GET:/api/post/3
2023-06-01T16:12:57.689Z info: OPTIONS:/api/post/3
2023-06-01T16:12:57.702Z info: GET:/api/post/3
2023-06-01T16:13:14.727Z info: OPTIONS:/api/posts
2023-06-01T16:13:14.733Z info: GET:/api/posts
2023-06-01T16:13:17.057Z info: GET:/api/posts
2023-06-01T16:13:20.980Z info: OPTIONS:/api/post/3
2023-06-01T16:13:20.984Z info: GET:/api/post/3
2023-06-01T16:14:31.545Z info: OPTIONS:/api/post/3
2023-06-01T16:14:31.575Z info: GET:/api/post/3
2023-06-01T16:19:15.072Z info: OPTIONS:/api/post/3
2023-06-01T16:19:15.084Z info: GET:/api/post/3
2023-06-01T16:19:19.361Z info: OPTIONS:/api/posts
2023-06-01T16:19:19.372Z info: GET:/api/posts
2023-06-01T16:19:21.431Z info: OPTIONS:/api/post/1
2023-06-01T16:19:21.438Z info: GET:/api/post/1
2023-06-01T16:19:23.885Z info: GET:/api/posts
2023-06-01T16:19:27.061Z info: OPTIONS:/api/post/3
2023-06-01T16:19:27.068Z info: GET:/api/post/3
2023-06-01T16:21:56.572Z info: OPTIONS:/api/posts
2023-06-01T16:21:56.578Z info: GET:/api/posts
2023-06-01T16:21:58.557Z info: OPTIONS:/api/post/1
2023-06-01T16:21:58.561Z info: GET:/api/post/1
2023-06-01T16:22:01.273Z info: GET:/api/posts
2023-06-01T16:22:03.288Z info: OPTIONS:/api/post/3
2023-06-01T16:22:03.298Z info: GET:/api/post/3
2023-06-01T16:22:05.753Z info: OPTIONS:/api/posts
2023-06-01T16:22:05.759Z info: GET:/api/posts
2023-06-01T16:22:07.198Z info: OPTIONS:/api/post/1
2023-06-01T16:22:07.203Z info: GET:/api/post/1
2023-06-01T16:22:46.778Z info: OPTIONS:/api/posts
2023-06-01T16:22:46.784Z info: GET:/api/posts
2023-06-01T16:22:48.710Z info: OPTIONS:/api/post/3
2023-06-01T16:22:48.717Z info: GET:/api/post/3
2023-06-01T16:22:51.248Z info: GET:/api/posts
2023-06-01T16:22:53.070Z info: OPTIONS:/api/post/1
2023-06-01T16:22:53.075Z info: GET:/api/post/1
2023-06-01T16:23:21.893Z info: OPTIONS:/api/posts
2023-06-01T16:23:21.897Z info: GET:/api/posts
2023-06-01T16:23:29.962Z info: OPTIONS:/api/createNewPost
2023-06-01T16:23:29.994Z info: POST:/api/createNewPost
2023-06-01T16:23:29.999Z info: {"title":"jmhngbfvdc","content":"jhngbfvdcs","genre":"Other","isPrivate":true}
2023-06-01T16:23:31.742Z info: OPTIONS:/api/posts
2023-06-01T16:23:31.746Z info: GET:/api/posts
2023-06-01T16:24:19.246Z info: OPTIONS:/api/posts
2023-06-01T16:24:19.251Z info: GET:/api/posts
