2023-06-01T11:03:12.687Z error: jwt expired
2023-06-01T11:03:19.896Z error: jwt expired
2023-06-01T11:03:31.003Z error: jwt expired
2023-06-01T11:03:36.700Z error: jwt expired
2023-06-01T11:03:53.730Z error: jwt expired
2023-06-01T11:04:16.344Z error: jwt expired
2023-06-01T11:05:08.679Z error: No authorization token was found
2023-06-01T11:05:28.208Z error: No authorization token was found
2023-06-01T11:22:01.004Z error: must NOT have additional properties
2023-06-01T11:24:34.632Z error: Property "where" was not found in "Post". Make sure your query is correct.
2023-06-01T11:24:34.633Z error: Property "where" was not found in "Post". Make sure your query is correct.
2023-06-01T11:28:32.525Z error: Property "where" was not found in "Post". Make sure your query is correct.
2023-06-01T11:28:32.526Z error: Property "where" was not found in "Post". Make sure your query is correct.
2023-06-01T14:35:58.232Z error: date/time field value out of range: "1685630158200"
2023-06-01T14:35:58.235Z error: date/time field value out of range: "1685630158200"
2023-06-01T14:40:03.405Z error: date/time field value out of range: "1685630403385"
2023-06-01T14:40:03.406Z error: date/time field value out of range: "1685630403385"
2023-06-01T15:09:03.156Z error: No authorization token was found
2023-06-01T15:09:16.765Z error: No authorization token was found
2023-06-01T15:09:40.830Z error: invalid signature
2023-06-01T15:11:51.309Z error: invalid signature
2023-06-01T15:12:07.663Z error: invalid signature
2023-06-01T15:12:30.531Z error: invalid signature
2023-06-01T15:19:06.380Z error: No authorization token was found
2023-06-01T15:22:21.490Z error: invalid signature
2023-06-01T15:26:55.939Z error: invalid signature
2023-06-01T15:27:00.574Z error: invalid signature
2023-06-01T15:53:38.581Z error: invalid signature
2023-06-01T15:54:07.144Z error: invalid signature
2023-06-01T15:56:33.987Z error: No authorization token was found
2023-06-01T15:57:39.044Z error: No authorization token was found
