2023-05-15T12:46:58.378Z info: POST:/privatetest
2023-05-15T12:47:14.470Z info: POST:/auth/privatetest
2023-05-15T12:47:27.819Z info: GET:/auth/privatetest
2023-05-15T12:50:40.113Z info: POST:/auth/register
2023-05-15T12:50:40.118Z warn: {"ValidationError":["must match format \"email\""]}
2023-05-15T12:50:53.301Z info: POST:/auth/register
2023-05-15T12:52:39.705Z info: POST:/auth/register
2023-05-15T12:53:16.647Z info: POST:/auth/register
2023-05-15T12:54:59.766Z info: POST:/auth/register
2023-05-15T12:55:06.830Z info: POST:/auth/register
2023-05-15T12:55:15.362Z info: POST:/auth/register
2023-05-15T12:55:54.209Z info: POST:/auth/register
2023-05-15T12:56:03.299Z info: POST:/auth/register
2023-05-15T13:00:13.761Z info: POST:/auth/register
2023-05-15T13:00:17.161Z info: POST:/auth/register
2023-05-15T13:00:21.334Z info: POST:/auth/register
2023-05-15T13:00:43.527Z info: POST:/auth/register
2023-05-15T13:01:14.309Z info: POST:/auth/register
2023-05-15T13:02:27.024Z info: POST:/auth/register
2023-05-15T13:03:09.010Z info: POST:/auth/register
2023-05-15T13:03:11.786Z info: POST:/auth/register
2023-05-15T13:03:12.899Z info: POST:/auth/register
2023-05-15T13:03:16.075Z info: POST:/auth/register
2023-05-15T13:04:49.677Z info: POST:/auth/register
2023-05-15T13:05:27.278Z info: POST:/auth/register
2023-05-15T13:05:36.415Z info: POST:/auth/register
2023-05-15T13:06:34.141Z info: POST:/auth/register
2023-05-15T13:08:12.011Z info: POST:/auth/register
2023-05-15T13:08:34.576Z info: POST:/auth/register
2023-05-15T13:08:34.578Z warn: {"ValidationError":["must have required property 'confirmPassword'"]}
2023-05-15T13:09:57.963Z info: POST:/auth/register
2023-05-15T13:14:33.921Z info: POST:/auth/login
2023-05-15T13:25:03.676Z info: POST:/api/createNewPost
2023-05-15T13:25:03.683Z info: {"author":"sss","content":"aasas","title":"zsdsd","genre":"Politic","isPrivate":true}
2023-05-15T13:25:09.465Z info: POST:/api/createNewPost
2023-05-15T13:25:09.468Z info: {"author":"sss","content":"aasas","title":"zsdsd","genre":"Politic","isPrivate":true}
2023-05-15T13:25:19.440Z error: Unexpected token } in JSON at position 93
2023-05-15T13:25:31.815Z info: POST:/api/createNewPost
2023-05-15T13:25:31.816Z info: {"author":"sss","content":"aasas","genre":"Politic","isPrivate":true}
2023-05-15T13:25:31.819Z warn: {"ValidationError":["must have required property 'title'"]}
2023-05-15T13:25:31.823Z error: must have required property 'title'
2023-05-15T13:25:42.205Z info: POST:/api/createNewPost
2023-05-15T13:25:42.206Z info: {"content":"aasas","genre":"Politic","isPrivate":true}
2023-05-15T13:25:42.207Z warn: {"ValidationError":["must have required property 'author'","must have required property 'title'"]}
2023-05-15T13:25:42.208Z error: must have required property 'author',must have required property 'title'
2023-05-15T13:25:59.881Z info: POST:/api/createNewPost
2023-05-15T13:25:59.882Z info: {"author":"sss","content":"aasas","title":"zsdsd","genre":"Politic"}
2023-05-15T13:25:59.883Z warn: {"ValidationError":["must have required property 'isPrivate'"]}
2023-05-15T13:25:59.883Z error: must have required property 'isPrivate'
2023-05-15T14:06:33.205Z info: GET:/api/posts
2023-05-15T14:06:44.236Z info: OPTIONS:/api/createNewPost
2023-05-15T14:06:44.277Z info: POST:/api/createNewPost
2023-05-15T14:06:44.280Z info: {"title":"sdcsdc","content":"sdcsdcsd","author":"sdcsdc","genre":"Business","isPrivate":true}
2023-05-15T14:15:35.284Z info: GET:/api/posts
2023-05-15T14:15:53.093Z info: GET:/api/posts
2023-05-15T15:22:51.160Z info: GET:/auth/register
2023-05-15T15:23:40.199Z info: OPTIONS:/auth/register
2023-05-15T15:23:40.210Z info: POST:/auth/register
2023-05-15T15:57:18.474Z info: OPTIONS:/auth/register
2023-05-15T15:57:18.478Z info: POST:/auth/register
2023-05-15T15:57:18.479Z warn: {"ValidationError":["must match format \"email\""]}
2023-05-15T15:57:27.460Z info: OPTIONS:/auth/register
2023-05-15T15:57:27.464Z info: POST:/auth/register
2023-05-15T15:57:54.711Z info: OPTIONS:/auth/register
2023-05-15T15:57:54.715Z info: POST:/auth/register
2023-05-15T15:57:54.715Z warn: {"ValidationError":["must have required property 'email'","must have required property 'password'","must have required property 'confirmPassword'"]}
2023-05-15T15:58:01.691Z info: OPTIONS:/auth/register
2023-05-15T15:58:01.696Z info: POST:/auth/register
2023-05-15T15:58:01.697Z warn: {"ValidationError":["must match format \"email\""]}
2023-05-15T15:58:13.940Z info: OPTIONS:/auth/register
2023-05-15T15:58:13.944Z info: POST:/auth/register
2023-05-15T15:59:15.863Z info: OPTIONS:/auth/register
2023-05-15T15:59:15.867Z info: POST:/auth/register
2023-05-15T16:00:19.390Z info: OPTIONS:/auth/register
2023-05-15T16:00:19.394Z info: POST:/auth/register
2023-05-15T16:02:05.535Z info: OPTIONS:/auth/register
2023-05-15T16:02:05.539Z info: POST:/auth/register
2023-05-15T16:05:28.295Z info: OPTIONS:/api/posts
2023-05-15T16:05:28.302Z info: GET:/api/posts
2023-05-15T16:05:46.700Z info: OPTIONS:/api/posts
2023-05-15T16:05:46.712Z info: GET:/api/posts
2023-05-15T16:05:47.255Z info: GET:/api/posts
2023-05-15T16:05:47.724Z info: GET:/api/posts
2023-05-15T16:06:02.450Z info: OPTIONS:/auth/register
2023-05-15T16:06:02.454Z info: POST:/auth/register
2023-05-15T16:06:02.791Z info: OPTIONS:/api/posts
2023-05-15T16:06:02.800Z info: GET:/api/posts
2023-05-15T16:06:27.423Z info: OPTIONS:/api/posts
2023-05-15T16:06:27.437Z info: GET:/api/posts
2023-05-15T16:06:28.889Z info: GET:/api/posts
2023-05-15T16:06:29.608Z info: GET:/api/posts
2023-05-15T16:06:30.309Z info: GET:/api/posts
2023-05-15T16:06:30.930Z info: GET:/api/posts
2023-05-15T16:06:31.713Z info: GET:/api/posts
2023-05-15T16:06:32.502Z info: OPTIONS:/api/posts
2023-05-15T16:06:32.507Z info: GET:/api/posts
2023-05-15T16:06:33.190Z info: GET:/api/posts
2023-05-15T16:06:33.770Z info: GET:/api/posts
2023-05-15T16:06:55.220Z info: OPTIONS:/api/posts
2023-05-15T16:06:55.225Z info: GET:/api/posts
2023-05-15T16:06:57.169Z info: GET:/api/posts
2023-05-15T16:07:14.537Z info: OPTIONS:/auth/register
2023-05-15T16:07:14.541Z info: POST:/auth/register
2023-05-15T16:07:14.542Z warn: {"ValidationError":["must have required property 'confirmPassword'"]}
2023-05-15T16:07:21.884Z info: OPTIONS:/auth/register
2023-05-15T16:07:21.890Z info: POST:/auth/register
2023-05-15T16:07:21.896Z info: POST:/auth/register
2023-05-15T16:08:04.350Z info: OPTIONS:/auth/register
2023-05-15T16:08:04.355Z info: POST:/auth/register
2023-05-15T16:08:04.693Z info: OPTIONS:/api/posts
2023-05-15T16:08:04.708Z info: GET:/api/posts
2023-05-15T16:12:27.126Z info: GET:/api/posts
2023-05-15T16:12:57.240Z info: OPTIONS:/auth/login
2023-05-15T16:12:57.245Z info: POST:/auth/login
2023-05-15T16:12:57.532Z error: {"errors":{"email or password":"is invalid"}}
2023-05-15T16:16:38.142Z info: OPTIONS:/auth/login
2023-05-15T16:16:38.165Z info: POST:/auth/login
2023-05-15T16:17:03.245Z info: OPTIONS:/auth/login
2023-05-15T16:17:03.254Z info: POST:/auth/login
2023-05-15T16:17:03.571Z error: {"errors":{"email or password":"is invalid"}}
2023-05-15T16:23:08.371Z info: OPTIONS:/auth/login
2023-05-15T16:23:08.422Z info: POST:/auth/login
2023-05-15T16:24:00.429Z info: OPTIONS:/auth/login
2023-05-15T16:24:00.448Z info: POST:/auth/login
2023-05-15T16:24:08.870Z info: OPTIONS:/auth/login
2023-05-15T16:24:08.878Z info: POST:/auth/login
2023-05-15T16:26:26.573Z info: OPTIONS:/auth/login
2023-05-15T16:26:26.578Z info: POST:/auth/login
2023-05-15T16:27:22.740Z info: OPTIONS:/auth/login
2023-05-15T16:27:22.746Z info: POST:/auth/login
2023-05-15T16:27:49.690Z info: OPTIONS:/auth/login
2023-05-15T16:27:49.695Z info: POST:/auth/login
2023-05-15T16:28:08.700Z info: OPTIONS:/auth/login
2023-05-15T16:28:08.707Z info: POST:/auth/login
2023-05-15T16:28:09.036Z info: OPTIONS:/api/posts
2023-05-15T16:28:09.050Z info: GET:/api/posts
2023-05-15T16:28:42.937Z info: GET:/api/posts
2023-05-15T16:29:19.317Z info: GET:/api/posts
2023-05-15T16:29:36.400Z info: OPTIONS:/api/createNewPost
2023-05-15T16:29:36.407Z info: POST:/api/createNewPost
2023-05-15T16:29:36.408Z info: {"title":"dfcdfc","content":"dfvdfvfvd","author":"sdc","genre":"Business","isPrivate":true}
2023-05-15T16:29:38.637Z info: GET:/api/posts
2023-05-15T16:29:45.060Z info: GET:/api/posts
2023-05-15T16:29:47.671Z info: GET:/api/posts
2023-05-15T16:30:22.085Z info: GET:/api/posts
2023-05-15T16:30:26.565Z info: GET:/api/posts
2023-05-15T16:41:55.651Z info: GET:/api/posts
2023-05-15T16:42:09.409Z info: GET:/api/posts
2023-05-15T16:42:30.782Z info: GET:/api/post/5
2023-05-15T16:43:14.016Z info: GET:/api/post/5
2023-05-15T16:43:27.027Z info: GET:/api/posts
2023-05-15T16:43:35.555Z info: OPTIONS:/auth/login
2023-05-15T16:43:35.585Z info: POST:/auth/login
2023-05-15T16:43:35.959Z info: OPTIONS:/api/posts
2023-05-15T16:43:35.964Z info: GET:/api/posts
2023-05-15T16:43:49.765Z info: GET:/api/post/5
2023-05-15T16:43:55.207Z info: GET:/api/post/1
2023-05-15T16:44:09.450Z info: GET:/api/post/1
2023-05-15T16:44:24.659Z info: GET:/api/post/1
2023-05-15T16:44:35.081Z info: OPTIONS:/auth/login
2023-05-15T16:44:35.086Z info: POST:/auth/login
2023-05-15T16:44:35.395Z info: OPTIONS:/api/posts
2023-05-15T16:44:35.403Z info: GET:/api/posts
2023-05-15T16:44:36.474Z info: OPTIONS:/api/post/1
2023-05-15T16:44:36.480Z info: GET:/api/post/1
2023-05-15T16:44:44.728Z info: GET:/api/post/1
2023-05-15T16:44:47.385Z info: GET:/api/posts
2023-05-15T16:45:07.043Z info: GET:/api/posts
2023-05-15T16:46:38.296Z info: GET:/api/posts
2023-05-15T16:46:55.771Z info: GET:/api/posts
2023-05-15T16:47:03.179Z info: GET:/api/posts
2023-05-15T16:49:41.061Z info: GET:/api/posts
2023-05-15T16:50:07.233Z info: OPTIONS:/api/posts
2023-05-15T16:50:07.244Z info: GET:/api/posts
2023-05-15T16:50:13.471Z info: OPTIONS:/api/posts
2023-05-15T16:50:13.479Z info: GET:/api/posts
2023-05-15T16:50:19.199Z info: OPTIONS:/api/posts
2023-05-15T16:50:19.215Z info: GET:/api/posts
2023-05-15T16:50:30.245Z info: OPTIONS:/api/posts
2023-05-15T16:50:30.260Z info: GET:/api/posts
2023-05-15T16:50:34.178Z info: GET:/api/posts
2023-05-15T16:50:38.505Z info: OPTIONS:/api/posts
2023-05-15T16:50:38.514Z info: GET:/api/posts
2023-05-15T16:50:57.867Z info: OPTIONS:/api/posts
2023-05-15T16:50:57.885Z info: GET:/api/posts
2023-05-15T16:51:02.479Z info: GET:/api/posts
2023-05-15T16:51:18.361Z info: GET:/api/posts
2023-05-15T16:51:21.525Z info: GET:/api/posts
2023-05-15T16:51:24.163Z info: GET:/api/posts
2023-05-15T16:51:37.567Z info: OPTIONS:/auth/login
2023-05-15T16:51:37.581Z info: POST:/auth/login
2023-05-15T16:51:37.703Z info: OPTIONS:/api/posts
2023-05-15T16:51:37.710Z info: GET:/api/posts
2023-05-15T16:51:38.606Z info: OPTIONS:/api/post/1
2023-05-15T16:51:38.611Z info: GET:/api/post/1
2023-05-15T16:52:37.614Z info: OPTIONS:/api/post/1
2023-05-15T16:52:37.623Z info: GET:/api/post/1
2023-05-15T16:52:40.286Z info: GET:/api/post/1
2023-05-15T16:52:43.870Z info: OPTIONS:/api/post/1
2023-05-15T16:52:43.877Z info: GET:/api/post/1
2023-05-15T16:52:47.385Z info: GET:/api/post/1
2023-05-15T16:52:50.679Z info: OPTIONS:/api/post/1
2023-05-15T16:52:50.686Z info: GET:/api/post/1
2023-05-15T16:52:52.724Z info: OPTIONS:/api/posts
2023-05-15T16:52:52.730Z info: GET:/api/posts
2023-05-15T16:52:54.627Z info: GET:/api/posts
2023-05-15T16:52:55.512Z info: OPTIONS:/api/post/2
2023-05-15T16:52:55.517Z info: GET:/api/post/2
2023-05-15T16:53:09.519Z info: OPTIONS:/api/post/2
2023-05-15T16:53:09.531Z info: GET:/api/post/2
2023-05-15T16:53:24.328Z info: OPTIONS:/api/post/2
2023-05-15T16:53:24.341Z info: GET:/api/post/2
2023-05-15T18:31:55.554Z info: OPTIONS:/api/post/2
2023-05-15T18:31:55.578Z info: GET:/api/post/2
2023-05-15T18:32:25.331Z info: OPTIONS:/api/posts
2023-05-15T18:32:25.334Z info: GET:/api/posts
2023-05-15T18:32:26.613Z info: GET:/api/posts
2023-05-15T18:32:27.788Z info: GET:/api/posts
2023-05-15T18:32:33.394Z info: OPTIONS:/api/post/1
2023-05-15T18:32:33.400Z info: GET:/api/post/1
2023-05-15T18:33:28.746Z info: OPTIONS:/api/post/1
2023-05-15T18:33:28.750Z info: GET:/api/post/1
2023-05-15T18:41:32.817Z info: OPTIONS:/api/posts
2023-05-15T18:41:32.831Z info: GET:/api/posts
2023-05-15T18:41:34.362Z info: OPTIONS:/api/post/3
2023-05-15T18:41:34.366Z info: GET:/api/post/3
2023-05-15T18:45:11.232Z info: OPTIONS:/api/posts
2023-05-15T18:45:11.242Z info: GET:/api/posts
2023-05-15T18:45:12.249Z info: OPTIONS:/api/post/3
2023-05-15T18:45:12.254Z info: GET:/api/post/3
2023-05-15T18:47:50.368Z info: OPTIONS:/api/posts
2023-05-15T18:47:50.383Z info: GET:/api/posts
2023-05-15T18:47:52.328Z info: GET:/api/posts
2023-05-15T18:47:53.159Z info: OPTIONS:/api/post/1
2023-05-15T18:47:53.164Z info: GET:/api/post/1
2023-05-15T18:48:48.222Z info: OPTIONS:/api/post/1
2023-05-15T18:48:48.233Z info: GET:/api/post/1
2023-05-15T18:48:54.264Z info: OPTIONS:/api/post/1
2023-05-15T18:48:54.270Z info: GET:/api/post/1
2023-05-15T18:49:14.422Z info: OPTIONS:/api/post/1
2023-05-15T18:49:14.433Z info: GET:/api/post/1
2023-05-15T18:49:52.278Z info: OPTIONS:/api/post/1
2023-05-15T18:49:52.285Z info: GET:/api/post/1
2023-05-15T18:50:21.281Z info: OPTIONS:/api/post/1
2023-05-15T18:50:21.287Z info: GET:/api/post/1
2023-05-15T18:50:23.354Z info: GET:/api/post/1
2023-05-15T18:52:28.837Z info: OPTIONS:/api/post/1
2023-05-15T18:52:28.843Z info: GET:/api/post/1
2023-05-15T18:52:39.746Z info: OPTIONS:/api/post/1
2023-05-15T18:52:39.775Z info: GET:/api/post/1
2023-05-15T18:53:42.290Z info: OPTIONS:/api/post/1
2023-05-15T18:53:42.298Z info: GET:/api/post/1
2023-05-15T19:40:06.290Z info: OPTIONS:/api/post/3
2023-05-15T19:40:06.321Z info: GET:/api/post/3
2023-05-15T19:40:08.898Z info: GET:/api/post/3
2023-05-15T19:40:10.313Z info: GET:/api/post/3
2023-05-15T19:40:11.719Z info: OPTIONS:/api/post/3
2023-05-15T19:40:11.725Z info: GET:/api/post/3
2023-05-15T19:40:12.559Z info: GET:/api/post/3
2023-05-15T19:40:13.851Z info: GET:/api/post/3
2023-05-15T19:40:15.077Z info: GET:/api/post/3
2023-05-15T19:40:16.215Z info: GET:/api/post/3
2023-05-15T19:40:16.885Z info: OPTIONS:/api/post/3
2023-05-15T19:40:16.891Z info: GET:/api/post/3
2023-05-15T19:40:18.443Z info: GET:/api/post/3
2023-05-15T19:40:19.426Z info: GET:/api/post/3
2023-05-15T19:40:22.450Z info: OPTIONS:/api/post/3
2023-05-15T19:40:22.455Z info: GET:/api/post/3
2023-05-15T19:40:23.817Z info: GET:/api/post/3
2023-05-15T19:40:24.768Z info: GET:/api/post/3
2023-05-15T19:40:26.274Z info: GET:/api/post/3
2023-05-15T19:40:27.217Z info: GET:/api/post/3
2023-05-15T19:40:28.010Z info: OPTIONS:/api/post/3
2023-05-15T19:40:28.015Z info: GET:/api/post/3
2023-05-15T19:40:28.569Z info: GET:/api/post/3
2023-05-15T19:40:29.087Z info: GET:/api/post/3
2023-05-15T19:40:29.610Z info: GET:/api/post/3
2023-05-15T19:42:23.843Z info: OPTIONS:/api/post/3
2023-05-15T19:42:23.848Z info: GET:/api/post/3
2023-05-15T19:42:24.628Z info: GET:/api/post/3
2023-05-15T19:42:25.234Z info: GET:/api/post/3
2023-05-15T19:42:25.899Z info: GET:/api/post/3
2023-05-15T19:42:26.523Z info: GET:/api/post/3
2023-05-15T19:42:28.872Z info: OPTIONS:/api/post/3
2023-05-15T19:42:28.892Z info: GET:/api/post/3
2023-05-15T19:42:29.675Z info: GET:/api/post/3
2023-05-15T19:42:30.226Z info: GET:/api/post/3
2023-05-15T19:42:30.795Z info: GET:/api/post/3
2023-05-15T19:42:33.401Z info: GET:/api/post/3
2023-05-15T19:43:54.861Z info: OPTIONS:/api/post/3
2023-05-15T19:43:54.866Z info: GET:/api/post/3
2023-05-15T19:43:55.286Z info: OPTIONS:/api/post/1
2023-05-15T19:43:55.291Z info: GET:/api/post/1
2023-05-15T19:44:06.125Z info: OPTIONS:/api/post/3
2023-05-15T19:44:06.129Z info: GET:/api/post/3
2023-05-15T19:44:08.009Z info: GET:/api/post/3
2023-05-15T19:44:11.972Z info: OPTIONS:/api/post/3
2023-05-15T19:44:11.979Z info: GET:/api/post/3
2023-05-15T19:44:16.660Z info: GET:/api/post/3
2023-05-15T19:44:19.044Z info: OPTIONS:/api/post/3
2023-05-15T19:44:19.049Z info: GET:/api/post/3
2023-05-15T19:44:21.488Z info: OPTIONS:/api/posts
2023-05-15T19:44:21.492Z info: GET:/api/posts
2023-05-15T19:44:22.819Z info: OPTIONS:/api/post/2
2023-05-15T19:44:22.827Z info: GET:/api/post/2
2023-05-15T19:44:27.612Z info: GET:/api/post/2
2023-05-15T19:44:31.364Z info: OPTIONS:/api/post/2
2023-05-15T19:44:31.369Z info: GET:/api/post/2
2023-05-15T19:44:33.814Z info: GET:/api/post/2
2023-05-15T19:44:36.001Z info: GET:/api/post/2
2023-05-15T19:44:38.409Z info: OPTIONS:/api/posts
2023-05-15T19:44:38.414Z info: GET:/api/posts
2023-05-15T19:44:41.295Z info: OPTIONS:/api/post/1
2023-05-15T19:44:41.301Z info: GET:/api/post/1
2023-05-15T19:44:43.816Z info: GET:/api/post/1
2023-05-15T19:44:47.667Z info: OPTIONS:/api/editpost/1
2023-05-15T19:44:47.703Z info: PUT:/api/editpost/1
2023-05-15T19:44:47.705Z info: {"title":"111","content":"sdfv","author":"sdfv","genre":"Business","isPrivate":true}
2023-05-15T19:44:49.267Z info: OPTIONS:/api/posts
2023-05-15T19:44:49.271Z info: GET:/api/posts
2023-05-15T19:44:49.304Z info: GET:/api/posts
2023-05-15T19:44:51.429Z info: GET:/api/posts
2023-05-15T19:49:30.994Z info: OPTIONS:/api/posts
2023-05-15T19:49:31.005Z info: GET:/api/posts
2023-05-15T19:49:44.926Z info: GET:/api/posts
2023-05-15T19:50:08.542Z info: OPTIONS:/auth/login
2023-05-15T19:50:08.549Z info: POST:/auth/login
2023-05-15T19:50:08.912Z info: OPTIONS:/api/posts
2023-05-15T19:50:08.919Z info: GET:/api/posts
2023-05-15T19:51:09.479Z info: OPTIONS:/api/posts
2023-05-15T19:51:09.485Z info: GET:/api/posts
2023-05-15T19:51:40.913Z info: OPTIONS:/api/posts
2023-05-15T19:51:40.918Z info: GET:/api/posts
2023-05-15T19:51:42.441Z info: OPTIONS:/api/post/2
2023-05-15T19:51:42.447Z info: GET:/api/post/2
2023-05-15T19:51:45.277Z info: GET:/api/post/2
2023-05-15T19:51:53.123Z info: OPTIONS:/api/post/2
2023-05-15T19:51:53.130Z info: GET:/api/post/2
2023-05-15T19:51:57.627Z info: OPTIONS:/api/post/1
2023-05-15T19:51:57.632Z info: GET:/api/post/1
2023-05-15T19:52:04.783Z info: OPTIONS:/api/post/1
2023-05-15T19:52:04.788Z info: GET:/api/post/1
2023-05-15T19:52:12.009Z info: OPTIONS:/api/post/1
2023-05-15T19:52:12.013Z info: GET:/api/post/1
2023-05-15T19:52:37.578Z info: GET:/api/post/2
2023-05-15T19:53:04.881Z info: GET:/api/posts
2023-05-15T19:56:01.341Z info: GET:/api/posts
2023-05-15T19:56:06.345Z info: GET:/api/posts
2023-05-15T19:56:48.919Z info: GET:/api/posts
2023-05-15T19:57:05.843Z info: GET:/api/posts
2023-05-15T19:57:10.209Z info: GET:/api/posts
2023-05-15T19:58:04.370Z info: GET:/api/posts
2023-05-15T19:58:34.095Z info: GET:/api/posts
2023-05-15T20:00:24.338Z info: GET:/api/posts
2023-05-15T20:00:27.064Z info: GET:/api/posts
2023-05-15T20:00:43.142Z info: GET:/api/posts
2023-05-15T20:01:31.552Z info: GET:/api/posts
2023-05-15T20:03:51.150Z info: GET:/api/post/1
2023-05-15T20:04:13.194Z info: GET:/api/post/1
2023-05-15T20:07:21.549Z info: GET:/api/post/1
2023-05-15T20:07:22.175Z info: GET:/api/post/1
2023-05-15T20:07:23.260Z info: GET:/api/post/1
2023-05-15T20:07:26.158Z info: GET:/api/post/1
2023-05-15T20:07:35.710Z info: OPTIONS:/auth/login
2023-05-15T20:07:35.715Z info: POST:/auth/login
2023-05-15T20:07:36.030Z info: OPTIONS:/api/posts
2023-05-15T20:07:36.035Z info: GET:/api/posts
2023-05-15T20:07:38.008Z info: OPTIONS:/api/post/1
2023-05-15T20:07:38.013Z info: GET:/api/post/1
2023-05-15T20:07:42.050Z info: GET:/api/post/1
2023-05-15T20:07:45.487Z info: OPTIONS:/api/editpost/1
2023-05-15T20:07:45.493Z info: PUT:/api/editpost/1
2023-05-15T20:07:45.494Z info: {"title":"111qw","content":"sdfv","author":"sdfv","genre":"Business","isPrivate":true}
2023-05-15T20:07:46.883Z info: OPTIONS:/api/posts
2023-05-15T20:07:46.890Z info: GET:/api/posts
2023-05-15T20:07:48.257Z info: GET:/api/posts
2023-05-15T20:07:53.899Z info: OPTIONS:/api/post/5
2023-05-15T20:07:53.904Z info: GET:/api/post/5
2023-05-15T20:07:56.468Z info: OPTIONS:/api/delete/5
2023-05-15T20:07:56.471Z info: OPTIONS:/api/posts
2023-05-15T20:07:56.472Z info: DELETE:/api/delete/5
2023-05-15T20:08:05.370Z info: OPTIONS:/api/posts
2023-05-15T20:08:05.376Z info: GET:/api/posts
2023-05-15T20:08:10.176Z info: GET:/api/posts
2023-05-15T20:08:33.195Z info: OPTIONS:/api/post/4
2023-05-15T20:08:33.199Z info: GET:/api/post/4
2023-05-15T20:08:35.593Z info: OPTIONS:/api/delete/4
2023-05-15T20:08:35.594Z info: OPTIONS:/api/posts
2023-05-15T20:08:35.597Z info: DELETE:/api/delete/4
2023-05-15T20:09:12.260Z info: OPTIONS:/api/posts
2023-05-15T20:09:12.264Z info: GET:/api/posts
2023-05-15T20:13:00.663Z info: OPTIONS:/api/post/3
2023-05-15T20:13:00.696Z info: GET:/api/post/3
2023-05-15T20:13:03.111Z info: OPTIONS:/api/delete/3
2023-05-15T20:13:03.117Z info: OPTIONS:/api/posts
2023-05-15T20:13:03.121Z info: DELETE:/api/delete/3
2023-05-15T20:13:06.307Z info: OPTIONS:/api/posts
2023-05-15T20:13:06.318Z info: GET:/api/posts
2023-05-15T20:13:10.879Z info: GET:/api/posts
2023-05-15T20:14:46.161Z info: OPTIONS:/api/posts
2023-05-15T20:14:46.180Z info: GET:/api/posts
2023-05-15T20:14:52.474Z info: OPTIONS:/api/post/2
2023-05-15T20:14:52.486Z info: GET:/api/post/2
2023-05-15T20:14:55.238Z info: OPTIONS:/api/delete/2
2023-05-15T20:14:55.242Z info: OPTIONS:/api/posts
2023-05-15T20:14:55.244Z info: DELETE:/api/delete/2
2023-05-15T20:15:45.511Z info: OPTIONS:/api/posts
2023-05-15T20:15:45.516Z info: GET:/api/posts
2023-05-15T20:15:47.817Z info: GET:/api/posts
2023-05-15T20:15:50.886Z info: OPTIONS:/api/posts
2023-05-15T20:15:50.891Z info: GET:/api/posts
2023-05-15T20:15:54.632Z info: GET:/api/posts
2023-05-15T20:16:02.601Z info: OPTIONS:/api/createNewPost
2023-05-15T20:16:02.631Z info: POST:/api/createNewPost
2023-05-15T20:16:02.633Z info: {"title":"sd","content":"sd","author":"sd","genre":"Business","isPrivate":true}
2023-05-15T20:16:06.197Z info: OPTIONS:/api/posts
2023-05-15T20:16:06.201Z info: GET:/api/posts
2023-05-15T20:16:10.691Z info: OPTIONS:/api/post/2
2023-05-15T20:16:10.697Z info: GET:/api/post/2
2023-05-15T20:16:12.725Z info: OPTIONS:/api/delete/2
2023-05-15T20:16:12.728Z info: OPTIONS:/api/posts
2023-05-15T20:16:12.730Z info: DELETE:/api/delete/2
2023-05-15T20:20:24.249Z info: OPTIONS:/api/posts
2023-05-15T20:20:24.260Z info: GET:/api/posts
2023-05-15T20:20:27.051Z info: GET:/api/posts
2023-05-15T20:20:35.878Z info: OPTIONS:/api/createNewPost
2023-05-15T20:20:35.908Z info: POST:/api/createNewPost
2023-05-15T20:20:35.910Z info: {"title":"sd","content":"sd","author":"sd","genre":"Business","isPrivate":true}
2023-05-15T20:20:37.993Z info: OPTIONS:/api/posts
2023-05-15T20:20:38.003Z info: GET:/api/posts
2023-05-15T20:20:39.695Z info: OPTIONS:/api/post/2
2023-05-15T20:20:39.707Z info: GET:/api/post/2
2023-05-15T20:20:41.605Z info: GET:/api/posts
2023-05-15T20:20:41.610Z info: OPTIONS:/api/delete/2
2023-05-15T20:20:41.616Z info: DELETE:/api/delete/2
2023-05-15T20:20:44.707Z info: OPTIONS:/api/posts
2023-05-15T20:20:44.715Z info: GET:/api/posts
2023-05-15T20:21:20.361Z info: OPTIONS:/auth/register
2023-05-15T20:21:20.368Z info: POST:/auth/register
2023-05-15T20:21:23.421Z info: POST:/auth/register
2023-05-15T20:21:23.423Z warn: {"ValidationError":["must have required property 'email'","must have required property 'password'","must have required property 'confirmPassword'"]}
2023-05-15T20:22:24.688Z info: OPTIONS:/auth/register
2023-05-15T20:22:24.694Z info: POST:/auth/register
2023-05-15T20:22:25.071Z info: OPTIONS:/api/posts
2023-05-15T20:22:25.077Z info: GET:/api/posts
2023-05-15T20:23:12.777Z info: GET:/api/posts
