2023-06-10T10:26:13.220Z info: OPTIONS:/api/posts
2023-06-10T10:26:13.240Z info: GET:/api/posts
2023-06-10T10:26:13.267Z error: jwt expired
2023-06-10T10:26:29.243Z info: OPTIONS:/api/posts
2023-06-10T10:26:29.249Z info: GET:/api/posts
2023-06-10T10:26:29.253Z error: jwt expired
2023-06-10T10:26:53.542Z info: OPTIONS:/auth/login
2023-06-10T10:26:53.591Z info: POST:/auth/login
2023-06-10T10:26:55.604Z info: OPTIONS:/api/posts
2023-06-10T10:26:55.614Z info: GET:/api/posts
2023-06-10T10:43:34.463Z info: OPTIONS:/api/posts
2023-06-10T10:43:34.472Z info: GET:/api/posts
2023-06-10T10:44:57.981Z info: OPTIONS:/api/posts
2023-06-10T10:44:57.989Z info: GET:/api/posts
2023-06-10T10:49:07.233Z info: OPTIONS:/api/posts
2023-06-10T10:49:07.239Z info: GET:/api/posts
2023-06-10T10:49:35.234Z info: OPTIONS:/api/posts
2023-06-10T10:49:35.242Z info: GET:/api/posts
2023-06-10T10:49:52.849Z info: OPTIONS:/auth/login
2023-06-10T10:49:52.857Z info: POST:/auth/login
2023-06-10T10:49:54.560Z info: OPTIONS:/api/posts
2023-06-10T10:49:54.566Z info: GET:/api/posts
2023-06-10T10:51:37.943Z info: OPTIONS:/api/posts
2023-06-10T10:51:37.954Z info: GET:/api/posts
2023-06-10T10:52:32.325Z info: OPTIONS:/api/posts
2023-06-10T10:52:32.332Z info: GET:/api/posts
2023-06-10T10:52:44.327Z info: OPTIONS:/api/posts
2023-06-10T10:52:44.339Z info: GET:/api/posts
2023-06-10T10:53:31.392Z info: OPTIONS:/api/posts
2023-06-10T10:53:31.398Z info: GET:/api/posts
2023-06-10T10:53:48.107Z info: OPTIONS:/auth/login
2023-06-10T10:53:48.111Z info: POST:/auth/login
2023-06-10T10:53:49.662Z info: OPTIONS:/api/posts
2023-06-10T10:53:49.668Z info: GET:/api/posts
2023-06-10T10:54:21.996Z info: OPTIONS:/api/posts
2023-06-10T10:54:22.009Z info: GET:/api/posts
2023-06-10T10:54:36.129Z info: OPTIONS:/auth/login
2023-06-10T10:54:36.133Z info: POST:/auth/login
2023-06-10T10:54:37.495Z info: OPTIONS:/api/posts
2023-06-10T10:54:37.504Z info: GET:/api/posts
2023-06-10T10:55:09.526Z info: OPTIONS:/api/posts
2023-06-10T10:55:09.544Z info: GET:/api/posts
2023-06-10T10:59:17.589Z info: OPTIONS:/api/posts
2023-06-10T10:59:17.595Z info: GET:/api/posts
2023-06-10T10:59:20.414Z info: GET:/api/posts
2023-06-10T10:59:48.828Z info: OPTIONS:/auth/login
2023-06-10T10:59:48.833Z info: POST:/auth/login
2023-06-10T10:59:50.286Z info: OPTIONS:/api/posts
2023-06-10T10:59:50.290Z info: GET:/api/posts
2023-06-10T11:14:14.929Z info: OPTIONS:/api/posts
2023-06-10T11:14:14.938Z info: GET:/api/posts
2023-06-10T11:14:18.926Z info: GET:/api/posts
2023-06-10T11:14:22.470Z info: OPTIONS:/auth/userData
2023-06-10T11:14:22.481Z info: GET:/auth/userData
2023-06-10T11:15:57.281Z info: OPTIONS:/api/posts
2023-06-10T11:15:57.301Z info: GET:/api/posts
2023-06-10T11:16:00.003Z info: OPTIONS:/auth/userData
2023-06-10T11:16:00.011Z info: GET:/auth/userData
2023-06-10T11:16:32.803Z info: GET:/auth/userData
2023-06-10T11:17:00.941Z info: OPTIONS:/auth/login
2023-06-10T11:17:00.981Z info: POST:/auth/login
2023-06-10T11:17:02.293Z info: OPTIONS:/api/posts
2023-06-10T11:17:02.302Z info: GET:/api/posts
2023-06-10T11:17:05.079Z info: OPTIONS:/auth/userData
2023-06-10T11:17:05.087Z info: GET:/auth/userData
2023-06-10T11:18:45.381Z info: GET:/auth/userData
2023-06-10T11:18:52.683Z info: GET:/auth/userData
2023-06-10T11:18:57.207Z info: GET:/auth/userData
2023-06-10T11:19:29.621Z info: GET:/auth/userData
2023-06-10T11:19:33.310Z info: GET:/auth/userData
2023-06-10T11:19:37.248Z info: GET:/auth/userData
2023-06-10T11:19:42.302Z info: GET:/auth/userData
2023-06-10T11:19:45.079Z info: GET:/auth/userData
2023-06-10T11:20:06.540Z info: GET:/auth/userData
2023-06-10T11:20:18.417Z info: GET:/auth/userData
2023-06-10T11:27:59.499Z info: GET:/auth/userData
2023-06-10T11:33:56.847Z info: GET:/auth/userData
2023-06-10T11:34:04.877Z info: GET:/auth/userData
2023-06-10T11:34:23.674Z info: GET:/auth/userData
2023-06-10T11:34:45.744Z info: GET:/auth/userData
2023-06-10T11:35:34.316Z info: POST:/auth/userData
2023-06-10T11:38:00.838Z info: POST:/auth/userData
2023-06-10T11:38:03.116Z info: POST:/auth/userData
2023-06-10T11:39:14.674Z info: POST:/auth/userData
2023-06-10T11:39:27.873Z info: OPTIONS:/api/posts
2023-06-10T11:39:27.884Z info: GET:/api/posts
2023-06-10T11:39:34.351Z info: OPTIONS:/auth/userData
2023-06-10T11:39:34.357Z info: POST:/auth/userData
2023-06-10T11:42:19.073Z info: OPTIONS:/auth/login
2023-06-10T11:42:19.111Z info: POST:/auth/login
2023-06-10T11:42:22.342Z info: OPTIONS:/api/posts
2023-06-10T11:42:22.348Z info: GET:/api/posts
2023-06-10T11:42:26.176Z info: OPTIONS:/auth/userData
2023-06-10T11:42:26.181Z info: POST:/auth/userData
2023-06-10T11:42:38.023Z info: POST:/auth/userData
2023-06-10T11:46:55.672Z info: POST:/auth/userData
2023-06-10T11:49:25.090Z info: POST:/auth/userData
2023-06-10T11:49:28.853Z info: POST:/auth/userData
2023-06-10T11:49:31.913Z info: POST:/auth/userData
2023-06-10T11:49:33.091Z info: POST:/auth/userData
2023-06-10T11:49:44.322Z info: POST:/auth/userData
2023-06-10T11:49:50.353Z info: POST:/auth/userData
2023-06-10T11:50:10.615Z info: OPTIONS:/auth/login
2023-06-10T11:50:10.658Z info: POST:/auth/login
2023-06-10T11:50:12.095Z info: OPTIONS:/api/posts
2023-06-10T11:50:12.108Z info: GET:/api/posts
2023-06-10T11:50:15.814Z info: OPTIONS:/auth/userData
2023-06-10T11:50:15.819Z info: POST:/auth/userData
2023-06-10T11:51:12.723Z info: POST:/auth/userData
2023-06-10T11:51:24.972Z info: POST:/auth/userData
2023-06-10T11:51:48.814Z info: POST:/auth/userData
2023-06-10T11:52:00.673Z info: POST:/auth/userData
2023-06-10T11:52:20.235Z info: POST:/auth/userData
2023-06-10T11:52:28.611Z info: POST:/auth/userData
2023-06-10T11:53:42.729Z info: OPTIONS:/auth/login
2023-06-10T11:53:42.735Z info: POST:/auth/login
2023-06-10T11:53:44.163Z info: OPTIONS:/api/posts
2023-06-10T11:53:44.169Z info: GET:/api/posts
2023-06-10T11:53:53.198Z info: OPTIONS:/auth/userData
2023-06-10T11:53:53.202Z info: POST:/auth/userData
2023-06-10T11:54:00.448Z info: POST:/auth/userData
2023-06-10T11:54:41.462Z info: POST:/auth/userData
2023-06-10T11:54:54.166Z info: OPTIONS:/auth/userData
2023-06-10T11:54:54.183Z info: POST:/auth/userData
2023-06-10T12:41:34.249Z info: GET:/auth/userData
2023-06-10T12:41:52.499Z info: OPTIONS:/auth/userData
2023-06-10T12:41:52.521Z info: POST:/auth/userData
2023-06-10T12:44:43.253Z info: OPTIONS:/auth/userData
2023-06-10T12:44:43.341Z info: POST:/auth/userData
2023-06-10T12:47:52.946Z info: OPTIONS:/auth/userData
2023-06-10T12:47:52.952Z info: POST:/auth/userData
2023-06-10T12:48:18.133Z info: OPTIONS:/auth/userData
2023-06-10T12:48:18.162Z info: POST:/auth/userData
2023-06-10T13:02:55.869Z info: OPTIONS:/auth/userData
2023-06-10T13:02:55.893Z info: POST:/auth/userData
2023-06-10T13:03:31.026Z info: OPTIONS:/auth/login
2023-06-10T13:03:31.031Z info: POST:/auth/login
2023-06-10T13:04:44.040Z info: OPTIONS:/auth/register
2023-06-10T13:04:44.087Z info: POST:/auth/register
2023-06-10T13:33:33.670Z info: OPTIONS:/auth/register
2023-06-10T13:33:33.729Z info: POST:/auth/register
2023-06-10T13:33:35.496Z info: OPTIONS:/api/posts
2023-06-10T13:33:35.505Z info: GET:/api/posts
2023-06-10T13:33:35.510Z error: invalid signature
2023-06-10T13:34:04.004Z info: OPTIONS:/auth/userData
2023-06-10T13:34:04.011Z info: POST:/auth/userData
2023-06-10T13:35:13.525Z info: OPTIONS:/auth/login
2023-06-10T13:35:13.530Z info: POST:/auth/login
2023-06-10T13:35:15.534Z info: OPTIONS:/api/posts
2023-06-10T13:35:15.541Z info: GET:/api/posts
2023-06-10T13:35:21.691Z info: OPTIONS:/auth/userData
2023-06-10T13:35:21.696Z info: POST:/auth/userData
2023-06-10T13:36:42.537Z info: OPTIONS:/auth/userData
2023-06-10T13:36:42.543Z info: POST:/auth/userData
2023-06-10T13:36:54.903Z info: OPTIONS:/auth/userData
2023-06-10T13:36:54.907Z info: POST:/auth/userData
2023-06-10T13:36:55.902Z info: POST:/auth/userData
2023-06-10T13:36:57.570Z info: POST:/auth/userData
2023-06-10T13:36:58.336Z info: POST:/auth/userData
2023-06-10T13:36:58.507Z info: POST:/auth/userData
2023-06-10T13:36:58.574Z info: POST:/auth/userData
2023-06-10T13:37:06.402Z info: OPTIONS:/auth/userData
2023-06-10T13:37:06.407Z info: POST:/auth/userData
2023-06-10T13:37:07.169Z info: POST:/auth/userData
2023-06-10T13:37:07.553Z info: POST:/auth/userData
2023-06-10T13:37:07.877Z info: POST:/auth/userData
2023-06-10T13:37:07.930Z info: POST:/auth/userData
2023-06-10T13:37:07.983Z info: POST:/auth/userData
2023-06-10T13:38:12.620Z info: OPTIONS:/auth/userData
2023-06-10T13:38:12.627Z info: POST:/auth/userData
2023-06-10T13:38:47.029Z info: OPTIONS:/auth/userData
2023-06-10T13:38:47.036Z info: POST:/auth/userData
2023-06-10T13:38:52.127Z info: OPTIONS:/auth/userData
2023-06-10T13:38:52.131Z info: POST:/auth/userData
2023-06-10T13:38:57.876Z info: OPTIONS:/auth/userData
2023-06-10T13:38:57.884Z info: POST:/auth/userData
2023-06-10T13:39:01.688Z info: POST:/auth/userData
2023-06-10T13:39:10.608Z info: OPTIONS:/auth/userData
2023-06-10T13:39:10.619Z info: POST:/auth/userData
2023-06-10T13:39:22.023Z info: OPTIONS:/auth/userData
2023-06-10T13:39:22.032Z info: POST:/auth/userData
2023-06-10T13:39:24.276Z info: POST:/auth/userData
2023-06-10T13:39:40.167Z info: OPTIONS:/auth/userData
2023-06-10T13:39:40.171Z info: POST:/auth/userData
2023-06-10T13:40:10.204Z info: OPTIONS:/auth/userData
2023-06-10T13:40:10.210Z info: POST:/auth/userData
2023-06-10T13:40:12.766Z info: POST:/auth/userData
2023-06-10T13:40:14.089Z info: POST:/auth/userData
2023-06-10T13:40:21.657Z info: OPTIONS:/auth/userData
2023-06-10T13:40:21.666Z info: POST:/auth/userData
2023-06-10T13:40:23.958Z info: POST:/auth/userData
2023-06-10T13:40:38.740Z info: OPTIONS:/auth/userData
2023-06-10T13:40:38.745Z info: POST:/auth/userData
2023-06-10T13:40:39.493Z info: POST:/auth/userData
2023-06-10T13:40:39.907Z info: POST:/auth/userData
2023-06-10T13:40:40.269Z info: POST:/auth/userData
2023-06-10T13:40:40.335Z info: POST:/auth/userData
2023-06-10T13:40:40.810Z info: POST:/auth/userData
2023-06-10T13:40:43.469Z info: POST:/auth/userData
2023-06-10T13:40:44.004Z info: OPTIONS:/auth/userData
2023-06-10T13:40:44.009Z info: POST:/auth/userData
2023-06-10T13:40:44.671Z info: POST:/auth/userData
2023-06-10T13:40:46.660Z info: POST:/auth/userData
2023-06-10T13:40:47.064Z info: POST:/auth/userData
2023-06-10T13:40:54.815Z info: OPTIONS:/auth/userData
2023-06-10T13:40:54.820Z info: POST:/auth/userData
2023-06-10T13:40:54.871Z info: POST:/auth/userData
2023-06-10T13:40:57.374Z info: POST:/auth/userData
2023-06-10T13:40:58.514Z info: POST:/auth/userData
2023-06-10T13:41:00.364Z info: OPTIONS:/auth/userData
2023-06-10T13:41:00.370Z info: POST:/auth/userData
2023-06-10T13:41:00.425Z info: POST:/auth/userData
2023-06-10T13:41:01.006Z info: POST:/auth/userData
2023-06-10T13:41:03.734Z info: POST:/auth/userData
2023-06-10T13:43:03.402Z info: OPTIONS:/auth/userData
2023-06-10T13:43:03.408Z info: POST:/auth/userData
2023-06-10T13:43:04.528Z info: POST:/auth/userData
2023-06-10T13:43:04.617Z info: POST:/auth/userData
2023-06-10T13:43:04.707Z info: POST:/auth/userData
2023-06-10T13:43:10.298Z info: OPTIONS:/auth/userData
2023-06-10T13:43:10.304Z info: POST:/auth/userData
2023-06-10T13:43:17.196Z info: OPTIONS:/auth/userData
2023-06-10T13:43:17.201Z info: POST:/auth/userData
2023-06-10T13:43:21.182Z info: POST:/auth/userData
2023-06-10T13:43:21.248Z info: POST:/auth/userData
2023-06-10T13:43:21.286Z info: POST:/auth/userData
2023-06-10T13:43:25.697Z info: OPTIONS:/auth/userData
2023-06-10T13:43:25.704Z info: POST:/auth/userData
2023-06-10T13:43:26.615Z info: POST:/auth/userData
2023-06-10T13:43:27.277Z info: POST:/auth/userData
2023-06-10T13:43:28.021Z info: POST:/auth/userData
2023-06-10T13:43:35.550Z info: OPTIONS:/auth/userData
2023-06-10T13:43:35.554Z info: POST:/auth/userData
2023-06-10T13:43:48.137Z info: OPTIONS:/auth/userData
2023-06-10T13:43:48.141Z info: POST:/auth/userData
2023-06-10T13:44:21.525Z info: OPTIONS:/auth/userData
2023-06-10T13:44:21.531Z info: POST:/auth/userData
2023-06-10T13:44:52.326Z info: OPTIONS:/auth/userData
2023-06-10T13:44:52.330Z info: POST:/auth/userData
2023-06-10T13:44:53.789Z info: POST:/auth/userData
2023-06-10T13:45:00.876Z info: OPTIONS:/auth/userData
2023-06-10T13:45:00.883Z info: POST:/auth/userData
2023-06-10T13:45:09.742Z info: OPTIONS:/auth/userData
2023-06-10T13:45:09.747Z info: POST:/auth/userData
2023-06-10T13:45:11.068Z info: POST:/auth/userData
2023-06-10T13:45:17.140Z info: OPTIONS:/auth/userData
2023-06-10T13:45:17.146Z info: POST:/auth/userData
2023-06-10T13:45:21.964Z info: POST:/auth/userData
2023-06-10T13:45:27.524Z info: OPTIONS:/auth/userData
2023-06-10T13:45:27.528Z info: POST:/auth/userData
2023-06-10T13:45:34.663Z info: OPTIONS:/auth/userData
2023-06-10T13:45:34.667Z info: POST:/auth/userData
2023-06-10T13:47:54.846Z info: OPTIONS:/auth/userData
2023-06-10T13:47:54.850Z info: POST:/auth/userData
2023-06-10T13:48:10.685Z info: OPTIONS:/auth/userData
2023-06-10T13:48:10.688Z info: POST:/auth/userData
2023-06-10T13:48:12.079Z info: POST:/auth/userData
2023-06-10T13:48:17.371Z info: OPTIONS:/auth/userData
2023-06-10T13:48:17.375Z info: POST:/auth/userData
2023-06-10T13:48:22.917Z info: OPTIONS:/auth/userData
2023-06-10T13:48:22.920Z info: POST:/auth/userData
2023-06-10T13:48:42.563Z info: OPTIONS:/auth/userData
2023-06-10T13:48:42.568Z info: POST:/auth/userData
2023-06-10T13:49:48.157Z info: OPTIONS:/api/posts
2023-06-10T13:49:48.165Z info: GET:/api/posts
2023-06-10T13:49:53.844Z info: OPTIONS:/auth/userData
2023-06-10T13:49:53.848Z info: POST:/auth/userData
2023-06-10T13:49:57.510Z info: POST:/auth/userData
2023-06-10T13:50:00.908Z info: OPTIONS:/auth/userData
2023-06-10T13:50:00.914Z info: POST:/auth/userData
2023-06-10T13:50:12.253Z info: OPTIONS:/api/posts
2023-06-10T13:50:12.259Z info: GET:/api/posts
2023-06-10T13:50:17.574Z info: OPTIONS:/api/posts
2023-06-10T13:50:17.579Z info: GET:/api/posts
2023-06-10T13:50:20.889Z info: OPTIONS:/auth/userData
2023-06-10T13:50:20.893Z info: POST:/auth/userData
2023-06-10T13:50:25.981Z info: OPTIONS:/auth/userData
2023-06-10T13:50:25.986Z info: POST:/auth/userData
2023-06-10T13:50:29.200Z info: OPTIONS:/api/posts
2023-06-10T13:50:29.205Z info: GET:/api/posts
2023-06-10T13:50:31.768Z info: OPTIONS:/auth/userData
2023-06-10T13:50:31.772Z info: POST:/auth/userData
2023-06-10T13:50:53.523Z info: OPTIONS:/auth/userData
2023-06-10T13:50:53.527Z info: POST:/auth/userData
2023-06-10T13:51:01.252Z info: OPTIONS:/api/posts
2023-06-10T13:51:01.257Z info: GET:/api/posts
2023-06-10T13:51:09.424Z info: OPTIONS:/api/createNewPost
2023-06-10T13:51:09.428Z info: POST:/api/createNewPost
2023-06-10T13:51:09.431Z info: {"title":"fgh","content":"ghjk","genre":"Politic","isPrivate":false}
2023-06-10T13:51:12.803Z info: OPTIONS:/api/posts
2023-06-10T13:51:12.823Z info: GET:/api/posts
2023-06-10T13:51:17.865Z info: OPTIONS:/api/post/1
2023-06-10T13:51:17.870Z info: GET:/api/post/1
2023-06-10T13:51:19.957Z info: GET:/api/post/1
2023-06-10T13:51:23.329Z info: OPTIONS:/api/post/1
2023-06-10T13:51:23.334Z info: GET:/api/post/1
2023-06-10T13:51:27.582Z info: GET:/api/post/1
2023-06-10T13:51:30.642Z info: OPTIONS:/auth/userData
2023-06-10T13:51:30.653Z info: POST:/auth/userData
2023-06-10T13:51:33.063Z info: POST:/auth/userData
2023-06-10T13:57:11.066Z info: OPTIONS:/auth/userData
2023-06-10T13:57:11.071Z info: POST:/auth/userData
2023-06-10T13:57:16.108Z info: OPTIONS:/auth/userData
2023-06-10T13:57:16.112Z info: POST:/auth/userData
2023-06-10T13:58:22.812Z info: OPTIONS:/api/post/1
2023-06-10T13:58:22.817Z info: GET:/api/post/1
2023-06-10T13:58:25.774Z info: GET:/api/post/1
2023-06-10T13:58:29.515Z info: OPTIONS:/api/post/1
2023-06-10T13:58:29.520Z info: GET:/api/post/1
2023-06-10T13:58:40.034Z info: OPTIONS:/auth/userData
2023-06-10T13:58:40.043Z info: POST:/auth/userData
2023-06-10T13:58:45.589Z info: OPTIONS:/auth/userData
2023-06-10T13:58:45.593Z info: POST:/auth/userData
2023-06-10T14:00:30.035Z info: OPTIONS:/auth/userData
2023-06-10T14:00:30.039Z info: POST:/auth/userData
2023-06-10T14:00:33.852Z info: POST:/auth/userData
2023-06-10T14:00:36.713Z info: OPTIONS:/auth/userData
2023-06-10T14:00:36.718Z info: POST:/auth/userData
2023-06-10T14:00:40.726Z info: POST:/auth/userData
2023-06-10T14:00:43.101Z info: OPTIONS:/auth/userData
2023-06-10T14:00:43.105Z info: POST:/auth/userData
2023-06-10T14:01:49.070Z info: OPTIONS:/auth/userData
2023-06-10T14:01:49.077Z info: POST:/auth/userData
2023-06-10T14:01:56.090Z info: OPTIONS:/auth/userData
2023-06-10T14:01:56.097Z info: POST:/auth/userData
2023-06-10T14:02:12.034Z info: OPTIONS:/auth/userData
2023-06-10T14:02:12.041Z info: POST:/auth/userData
2023-06-10T14:02:17.618Z info: OPTIONS:/auth/userData
2023-06-10T14:02:17.621Z info: POST:/auth/userData
2023-06-10T14:02:20.800Z info: POST:/auth/userData
2023-06-10T14:02:24.157Z info: OPTIONS:/auth/userData
2023-06-10T14:02:24.269Z info: POST:/auth/userData
2023-06-10T14:02:52.075Z info: OPTIONS:/auth/userData
2023-06-10T14:02:52.080Z info: POST:/auth/userData
2023-06-10T14:04:08.224Z info: OPTIONS:/auth/userData
2023-06-10T14:04:08.227Z info: POST:/auth/userData
2023-06-10T14:05:31.068Z info: OPTIONS:/auth/userData
2023-06-10T14:05:31.075Z info: POST:/auth/userData
2023-06-10T14:05:33.032Z info: POST:/auth/userData
2023-06-10T14:05:35.927Z info: POST:/auth/userData
2023-06-10T14:05:59.058Z info: OPTIONS:/auth/userData
2023-06-10T14:05:59.064Z info: POST:/auth/userData
2023-06-10T14:06:02.299Z info: POST:/auth/userData
2023-06-10T14:06:07.632Z info: OPTIONS:/auth/userData
2023-06-10T14:06:07.636Z info: POST:/auth/userData
2023-06-10T14:06:10.533Z info: POST:/auth/userData
2023-06-10T14:06:21.738Z info: OPTIONS:/auth/userData
2023-06-10T14:06:21.754Z info: POST:/auth/userData
2023-06-10T14:06:31.549Z info: OPTIONS:/auth/userData
2023-06-10T14:06:31.553Z info: POST:/auth/userData
2023-06-10T14:06:48.807Z info: OPTIONS:/api/post/1
2023-06-10T14:06:48.812Z info: GET:/api/post/1
2023-06-10T14:14:53.233Z info: OPTIONS:/auth/userData
2023-06-10T14:14:53.237Z info: POST:/auth/userData
2023-06-10T14:15:08.862Z info: OPTIONS:/auth/userData
2023-06-10T14:15:08.867Z info: POST:/auth/userData
2023-06-10T14:15:09.107Z info: POST:/auth/userData
2023-06-10T14:15:09.666Z info: POST:/auth/userData
2023-06-10T14:15:16.321Z info: OPTIONS:/auth/userData
2023-06-10T14:15:16.335Z info: POST:/auth/userData
2023-06-10T14:15:21.738Z info: OPTIONS:/auth/userData
2023-06-10T14:15:21.742Z info: POST:/auth/userData
2023-06-10T14:15:32.065Z info: OPTIONS:/auth/userData
2023-06-10T14:15:32.070Z info: POST:/auth/userData
2023-06-10T14:15:55.065Z info: OPTIONS:/auth/userData
2023-06-10T14:15:55.071Z info: POST:/auth/userData
2023-06-10T14:15:56.020Z info: POST:/auth/userData
2023-06-10T14:16:16.041Z info: OPTIONS:/auth/userData
2023-06-10T14:16:16.047Z info: POST:/auth/userData
2023-06-10T14:16:20.325Z info: POST:/auth/userData
2023-06-10T14:17:25.683Z info: OPTIONS:/auth/userData
2023-06-10T14:17:25.688Z info: POST:/auth/userData
2023-06-10T14:17:38.836Z info: OPTIONS:/auth/userData
2023-06-10T14:17:38.841Z info: POST:/auth/userData
2023-06-10T14:17:43.203Z info: POST:/auth/userData
2023-06-10T14:17:55.058Z info: OPTIONS:/auth/userData
2023-06-10T14:17:55.062Z info: POST:/auth/userData
2023-06-10T14:20:13.048Z info: OPTIONS:/auth/userData
2023-06-10T14:20:13.053Z info: POST:/auth/userData
2023-06-10T14:20:17.036Z info: POST:/auth/userData
2023-06-10T14:20:30.393Z info: OPTIONS:/auth/userData
2023-06-10T14:20:52.821Z info: OPTIONS:/auth/userData
2023-06-10T14:20:52.872Z info: POST:/auth/userData
2023-06-10T15:01:11.494Z info: OPTIONS:/auth/userData
2023-06-10T15:01:11.498Z info: POST:/auth/userData
2023-06-10T15:01:33.841Z info: OPTIONS:/auth/userData
2023-06-10T15:01:33.848Z info: POST:/auth/userData
2023-06-10T15:01:38.004Z info: POST:/auth/userData
2023-06-10T15:01:41.650Z info: OPTIONS:/auth/userData
2023-06-10T15:01:41.654Z info: POST:/auth/userData
2023-06-10T15:05:28.037Z info: OPTIONS:/auth/userData
2023-06-10T15:05:28.043Z info: POST:/auth/userData
2023-06-10T15:05:33.034Z info: POST:/auth/userData
2023-06-10T15:05:51.032Z info: OPTIONS:/auth/userData
2023-06-10T15:05:51.037Z info: POST:/auth/userData
2023-06-10T15:05:53.057Z info: POST:/auth/userData
2023-06-10T15:05:59.273Z info: OPTIONS:/auth/userData
2023-06-10T15:05:59.278Z info: POST:/auth/userData
2023-06-10T15:06:08.033Z info: OPTIONS:/api/posts
2023-06-10T15:06:08.044Z info: GET:/api/posts
2023-06-10T15:07:40.724Z info: OPTIONS:/api/posts
2023-06-10T15:07:40.730Z info: GET:/api/posts
2023-06-10T15:07:48.340Z info: OPTIONS:/api/posts
2023-06-10T15:07:48.344Z info: GET:/api/posts
2023-06-10T15:07:51.248Z info: OPTIONS:/auth/userData
2023-06-10T15:07:51.251Z info: POST:/auth/userData
2023-06-10T15:07:52.974Z info: POST:/auth/userData
2023-06-10T15:07:53.781Z info: POST:/auth/userData
2023-06-10T15:07:55.437Z info: POST:/auth/userData
2023-06-10T15:08:08.728Z info: OPTIONS:/api/posts
2023-06-10T15:08:08.740Z info: GET:/api/posts
2023-06-10T15:08:15.029Z info: OPTIONS:/auth/userData
2023-06-10T15:08:15.037Z info: POST:/auth/userData
2023-06-10T15:08:17.983Z info: OPTIONS:/api/posts
2023-06-10T15:08:17.987Z info: GET:/api/posts
2023-06-10T15:08:28.939Z info: OPTIONS:/auth/userData
2023-06-10T15:08:28.947Z info: POST:/auth/userData
2023-06-10T15:08:31.330Z info: OPTIONS:/api/posts
2023-06-10T15:08:31.338Z info: GET:/api/posts
2023-06-10T15:08:36.167Z info: OPTIONS:/auth/userData
2023-06-10T15:08:36.171Z info: POST:/auth/userData
2023-06-10T15:08:38.636Z info: POST:/auth/userData
2023-06-10T15:08:42.698Z info: OPTIONS:/auth/userData
2023-06-10T15:08:42.702Z info: POST:/auth/userData
2023-06-10T15:08:46.245Z info: OPTIONS:/api/posts
2023-06-10T15:08:46.249Z info: GET:/api/posts
2023-06-10T15:13:12.770Z info: OPTIONS:/auth/userData
2023-06-10T15:13:12.775Z info: POST:/auth/userData
2023-06-10T15:13:19.212Z info: OPTIONS:/api/posts
2023-06-10T15:13:19.217Z info: GET:/api/posts
2023-06-10T15:13:23.370Z info: OPTIONS:/auth/userData
2023-06-10T15:13:23.374Z info: POST:/auth/userData
2023-06-10T15:13:31.882Z info: OPTIONS:/api/posts
2023-06-10T15:13:31.886Z info: GET:/api/posts
2023-06-10T15:13:37.007Z info: OPTIONS:/auth/userData
2023-06-10T15:13:37.010Z info: POST:/auth/userData
2023-06-10T15:13:44.928Z info: OPTIONS:/api/posts
2023-06-10T15:13:44.933Z info: GET:/api/posts
2023-06-10T15:14:17.702Z info: OPTIONS:/api/posts
2023-06-10T15:14:17.706Z info: GET:/api/posts
2023-06-10T15:14:23.305Z info: OPTIONS:/auth/userData
2023-06-10T15:14:23.309Z info: POST:/auth/userData
2023-06-10T15:15:47.806Z info: OPTIONS:/auth/userData
2023-06-10T15:15:47.811Z info: POST:/auth/userData
2023-06-10T15:15:54.576Z info: OPTIONS:/api/posts
2023-06-10T15:15:54.584Z info: GET:/api/posts
2023-06-10T15:16:06.034Z info: OPTIONS:/api/posts
2023-06-10T15:16:06.043Z info: GET:/api/posts
2023-06-10T15:16:15.446Z info: OPTIONS:/auth/userData
2023-06-10T15:16:15.449Z info: POST:/auth/userData
2023-06-10T15:16:17.159Z info: OPTIONS:/api/posts
2023-06-10T15:16:17.163Z info: GET:/api/posts
2023-06-10T15:16:19.288Z info: GET:/api/posts
2023-06-10T15:16:21.749Z info: OPTIONS:/auth/userData
2023-06-10T15:16:21.752Z info: POST:/auth/userData
2023-06-10T15:16:22.950Z info: OPTIONS:/api/posts
2023-06-10T15:16:22.953Z info: GET:/api/posts
2023-06-10T15:16:24.031Z info: GET:/api/posts
2023-06-10T15:16:26.695Z info: OPTIONS:/api/post/1
2023-06-10T15:16:26.699Z info: GET:/api/post/1
2023-06-10T15:16:29.201Z info: OPTIONS:/auth/userData
2023-06-10T15:16:29.204Z info: POST:/auth/userData
2023-06-10T15:16:53.040Z info: OPTIONS:/auth/userData
2023-06-10T15:16:53.044Z info: POST:/auth/userData
2023-06-10T15:17:43.029Z info: OPTIONS:/auth/userData
2023-06-10T15:17:43.032Z info: POST:/auth/userData
2023-06-10T15:18:43.384Z info: OPTIONS:/auth/userData
2023-06-10T15:18:43.399Z info: POST:/auth/userData
2023-06-10T15:18:48.504Z info: OPTIONS:/auth/userData
2023-06-10T15:18:48.507Z info: POST:/auth/userData
2023-06-10T15:18:54.008Z info: OPTIONS:/auth/userData
2023-06-10T15:18:54.011Z info: POST:/auth/userData
2023-06-10T15:18:58.493Z info: OPTIONS:/api/post/1
2023-06-10T15:18:58.497Z info: GET:/api/post/1
2023-06-10T15:19:00.888Z info: GET:/api/post/1
2023-06-10T15:19:04.600Z info: OPTIONS:/auth/userData
2023-06-10T15:19:04.604Z info: POST:/auth/userData
2023-06-10T15:19:26.024Z info: OPTIONS:/auth/userData
2023-06-10T15:19:26.028Z info: POST:/auth/userData
2023-06-10T15:19:34.022Z info: OPTIONS:/auth/userData
2023-06-10T15:19:34.028Z info: POST:/auth/userData
2023-06-10T15:19:36.529Z info: POST:/auth/userData
2023-06-10T15:19:44.124Z info: OPTIONS:/auth/userData
2023-06-10T15:19:44.127Z info: POST:/auth/userData
2023-06-10T15:19:45.865Z info: POST:/auth/userData
2023-06-10T15:19:48.310Z info: POST:/auth/userData
2023-06-10T15:19:51.433Z info: OPTIONS:/auth/userData
2023-06-10T15:19:51.436Z info: POST:/auth/userData
2023-06-10T15:20:02.038Z info: OPTIONS:/auth/userData
2023-06-10T15:20:02.041Z info: POST:/auth/userData
2023-06-10T15:20:08.021Z info: OPTIONS:/auth/userData
2023-06-10T15:20:08.025Z info: POST:/auth/userData
2023-06-10T15:20:10.016Z info: POST:/auth/userData
2023-06-10T15:20:16.038Z info: OPTIONS:/auth/userData
2023-06-10T15:20:16.041Z info: POST:/auth/userData
2023-06-10T15:20:19.037Z info: POST:/auth/userData
2023-06-10T15:20:20.026Z info: POST:/auth/userData
2023-06-10T15:20:23.939Z info: OPTIONS:/auth/userData
2023-06-10T15:20:23.944Z info: POST:/auth/userData
2023-06-10T15:20:26.622Z info: POST:/auth/userData
2023-06-10T15:20:41.055Z info: OPTIONS:/auth/userData
2023-06-10T15:20:41.058Z info: POST:/auth/userData
2023-06-10T15:20:43.020Z info: POST:/auth/userData
2023-06-10T15:20:50.034Z info: OPTIONS:/auth/userData
2023-06-10T15:20:50.039Z info: POST:/auth/userData
2023-06-10T15:20:53.026Z info: POST:/auth/userData
2023-06-10T15:20:54.033Z info: POST:/auth/userData
2023-06-10T15:20:57.042Z info: OPTIONS:/auth/userData
2023-06-10T15:20:57.046Z info: POST:/auth/userData
2023-06-10T15:21:02.250Z info: OPTIONS:/auth/userData
2023-06-10T15:21:02.255Z info: POST:/auth/userData
2023-06-10T15:21:04.850Z info: POST:/auth/userData
2023-06-10T15:21:07.854Z info: OPTIONS:/auth/userData
2023-06-10T15:21:07.859Z info: POST:/auth/userData
2023-06-10T15:21:11.001Z info: POST:/auth/userData
2023-06-10T15:37:25.789Z info: OPTIONS:/auth/userData
2023-06-10T15:37:25.794Z info: POST:/auth/userData
2023-06-10T15:37:42.138Z info: OPTIONS:/auth/userData
2023-06-10T15:37:42.144Z info: POST:/auth/userData
2023-06-10T15:37:44.228Z info: POST:/auth/userData
2023-06-10T15:38:16.088Z info: OPTIONS:/auth/userData
2023-06-10T15:38:16.092Z info: POST:/auth/userData
2023-06-10T15:38:20.388Z info: POST:/auth/userData
2023-06-10T15:38:23.334Z info: OPTIONS:/auth/userData
2023-06-10T15:38:23.341Z info: POST:/auth/userData
2023-06-10T15:41:59.696Z info: OPTIONS:/auth/userData
2023-06-10T15:41:59.700Z info: POST:/auth/userData
2023-06-10T15:42:06.721Z info: OPTIONS:/auth/notificationsettings
2023-06-10T15:42:06.734Z info: POST:/auth/notificationsettings
2023-06-10T15:42:06.743Z info: OPTIONS:/api/posts
2023-06-10T15:42:06.751Z info: GET:/api/posts
2023-06-10T15:42:06.753Z error: jwt expired
2023-06-10T15:49:10.537Z info: OPTIONS:/auth/userData
2023-06-10T15:49:10.560Z info: POST:/auth/userData
2023-06-10T15:49:14.884Z info: OPTIONS:/auth/notificationsettings
2023-06-10T15:49:14.896Z info: POST:/auth/notificationsettings
2023-06-10T15:49:14.898Z info: OPTIONS:/api/posts
2023-06-10T15:49:14.905Z info: GET:/api/posts
2023-06-10T15:49:14.910Z error: jwt expired
2023-06-10T15:50:01.227Z info: OPTIONS:/api/posts
2023-06-10T15:50:01.232Z info: GET:/api/posts
2023-06-10T15:50:01.235Z error: jwt expired
2023-06-10T15:50:12.133Z info: OPTIONS:/api/createNewPost
2023-06-10T15:50:12.137Z info: POST:/api/createNewPost
2023-06-10T15:50:12.140Z error: jwt expired
2023-06-10T15:50:49.250Z info: OPTIONS:/auth/login
2023-06-10T15:50:49.254Z info: POST:/auth/login
2023-06-10T15:50:50.533Z info: OPTIONS:/api/posts
2023-06-10T15:50:50.539Z info: GET:/api/posts
2023-06-10T15:50:54.638Z info: OPTIONS:/auth/userData
2023-06-10T15:50:54.642Z info: POST:/auth/userData
2023-06-10T15:50:56.235Z info: POST:/auth/userData
2023-06-10T15:51:05.017Z info: OPTIONS:/auth/notificationsettings
2023-06-10T15:51:05.021Z info: POST:/auth/notificationsettings
2023-06-10T15:51:05.036Z info: OPTIONS:/api/posts
2023-06-10T15:51:05.046Z info: GET:/api/posts
2023-06-10T15:55:37.457Z info: OPTIONS:/api/posts
2023-06-10T15:55:37.461Z info: GET:/api/posts
2023-06-10T15:55:39.693Z info: OPTIONS:/auth/userData
2023-06-10T15:55:39.697Z info: POST:/auth/userData
2023-06-10T15:55:41.214Z info: OPTIONS:/auth/notificationsettings
2023-06-10T15:55:41.218Z info: POST:/auth/notificationsettings
2023-06-10T15:55:41.245Z info: GET:/api/posts
2023-06-10T15:59:12.992Z info: OPTIONS:/api/posts
2023-06-10T15:59:13.002Z info: GET:/api/posts
2023-06-10T15:59:16.497Z info: OPTIONS:/auth/userData
2023-06-10T15:59:16.514Z info: POST:/auth/userData
2023-06-10T15:59:23.137Z info: OPTIONS:/auth/notificationsettings
2023-06-10T15:59:23.142Z info: POST:/auth/notificationsettings
2023-06-10T15:59:23.157Z info: OPTIONS:/api/posts
2023-06-10T15:59:23.176Z info: GET:/api/posts
2023-06-10T16:01:08.511Z info: OPTIONS:/api/posts
2023-06-10T16:01:08.527Z info: GET:/api/posts
2023-06-10T16:01:11.581Z info: OPTIONS:/auth/userData
2023-06-10T16:01:11.597Z info: POST:/auth/userData
2023-06-10T16:01:14.566Z info: OPTIONS:/auth/notificationsettings
2023-06-10T16:01:14.571Z info: POST:/auth/notificationsettings
2023-06-10T16:01:14.587Z info: OPTIONS:/api/posts
2023-06-10T16:01:14.593Z info: GET:/api/posts
2023-06-10T16:19:13.507Z info: OPTIONS:/auth/userData
2023-06-10T16:19:13.511Z info: POST:/auth/userData
2023-06-10T16:19:15.710Z info: POST:/auth/userData
2023-06-10T16:19:26.903Z info: OPTIONS:/auth/notificationsettings
2023-06-10T16:19:26.907Z info: POST:/auth/notificationsettings
2023-06-10T16:19:26.927Z info: OPTIONS:/api/posts
2023-06-10T16:19:26.931Z info: GET:/api/posts
2023-06-10T16:19:40.641Z info: OPTIONS:/auth/userData
2023-06-10T16:19:40.646Z info: POST:/auth/userData
2023-06-10T16:19:42.823Z info: POST:/auth/userData
2023-06-10T16:20:25.033Z info: OPTIONS:/auth/userData
2023-06-10T16:20:25.037Z info: POST:/auth/userData
2023-06-10T16:20:51.745Z info: OPTIONS:/auth/userData
2023-06-10T16:20:51.749Z info: POST:/auth/userData
2023-06-10T16:20:57.252Z info: OPTIONS:/auth/notificationsettings
2023-06-10T16:20:57.256Z info: POST:/auth/notificationsettings
2023-06-10T16:20:57.273Z info: OPTIONS:/api/posts
2023-06-10T16:20:57.277Z info: GET:/api/posts
2023-06-10T16:21:03.702Z info: OPTIONS:/api/posts
2023-06-10T16:21:03.708Z info: GET:/api/posts
2023-06-10T16:21:06.261Z info: OPTIONS:/auth/userData
2023-06-10T16:21:06.268Z info: POST:/auth/userData
2023-06-10T16:21:19.897Z info: OPTIONS:/auth/userData
2023-06-10T16:21:19.901Z info: POST:/auth/userData
2023-06-10T16:21:21.524Z info: OPTIONS:/api/posts
2023-06-10T16:21:21.527Z info: GET:/api/posts
2023-06-10T16:21:24.362Z info: OPTIONS:/api/post/1
2023-06-10T16:21:24.366Z info: GET:/api/post/1
2023-06-10T16:21:28.472Z info: GET:/api/post/1
2023-06-10T16:21:33.753Z info: OPTIONS:/api/editpost/1
2023-06-10T16:21:33.757Z info: PUT:/api/editpost/1
2023-06-10T16:21:33.760Z info: {"title":"11111","content":"ghjk","genre":"Politic","isPrivate":false}
2023-06-10T16:21:35.078Z info: OPTIONS:/api/posts
2023-06-10T16:21:35.082Z info: GET:/api/posts
2023-06-10T16:21:36.200Z info: GET:/api/posts
2023-06-10T16:21:45.674Z info: OPTIONS:/api/post/1
2023-06-10T16:21:45.678Z info: GET:/api/post/1
2023-06-10T16:21:51.212Z info: OPTIONS:/api/posts
2023-06-10T16:21:51.216Z info: GET:/api/posts
2023-06-10T16:21:53.915Z info: OPTIONS:/api/post/1
2023-06-10T16:21:53.918Z info: GET:/api/post/1
2023-06-10T16:21:56.164Z info: GET:/api/post/1
2023-06-10T16:21:58.760Z info: OPTIONS:/auth/userData
2023-06-10T16:21:58.764Z info: POST:/auth/userData
2023-06-10T16:22:04.330Z info: OPTIONS:/auth/notificationsettings
2023-06-10T16:22:04.343Z info: POST:/auth/notificationsettings
2023-06-10T16:22:04.361Z info: OPTIONS:/api/posts
2023-06-10T16:22:04.364Z info: GET:/api/posts
2023-06-10T16:22:06.973Z info: OPTIONS:/auth/userData
2023-06-10T16:22:06.977Z info: POST:/auth/userData
2023-06-10T16:22:55.029Z info: OPTIONS:/auth/userData
2023-06-10T16:22:55.032Z info: POST:/auth/userData
2023-06-10T16:23:09.019Z info: OPTIONS:/auth/userData
2023-06-10T16:23:09.022Z info: POST:/auth/userData
2023-06-10T16:23:10.028Z info: POST:/auth/userData
2023-06-10T16:23:15.025Z info: OPTIONS:/auth/userData
2023-06-10T16:23:15.028Z info: POST:/auth/userData
2023-06-10T16:23:18.256Z info: POST:/auth/userData
2023-06-10T16:23:20.205Z info: OPTIONS:/auth/notificationsettings
2023-06-10T16:23:20.209Z info: POST:/auth/notificationsettings
2023-06-10T16:23:20.236Z info: OPTIONS:/api/posts
2023-06-10T16:23:20.241Z info: GET:/api/posts
2023-06-10T16:23:22.374Z info: OPTIONS:/auth/userData
2023-06-10T16:23:22.381Z info: POST:/auth/userData
2023-06-10T16:23:25.505Z info: POST:/auth/userData
2023-06-10T16:23:41.025Z info: OPTIONS:/auth/userData
2023-06-10T16:23:41.029Z info: POST:/auth/userData
2023-06-10T16:23:44.040Z info: POST:/auth/userData
2023-06-10T16:23:45.780Z info: OPTIONS:/auth/notificationsettings
2023-06-10T16:23:45.784Z info: POST:/auth/notificationsettings
2023-06-10T16:23:45.807Z info: OPTIONS:/api/posts
2023-06-10T16:23:45.811Z info: GET:/api/posts
2023-06-10T16:23:47.804Z info: OPTIONS:/auth/userData
2023-06-10T16:23:47.807Z info: POST:/auth/userData
2023-06-10T16:23:49.946Z info: POST:/auth/userData
2023-06-10T16:24:13.039Z info: OPTIONS:/auth/userData
2023-06-10T16:24:13.042Z info: POST:/auth/userData
2023-06-10T16:24:18.295Z info: OPTIONS:/auth/userData
2023-06-10T16:24:18.300Z info: POST:/auth/userData
2023-06-10T16:24:22.700Z info: OPTIONS:/auth/notificationsettings
2023-06-10T16:24:22.704Z info: POST:/auth/notificationsettings
2023-06-10T16:24:22.720Z info: OPTIONS:/api/posts
2023-06-10T16:24:22.723Z info: GET:/api/posts
2023-06-10T16:24:26.642Z info: OPTIONS:/auth/userData
2023-06-10T16:24:26.646Z info: POST:/auth/userData
2023-06-10T16:24:29.119Z info: POST:/auth/userData
2023-06-10T16:24:36.048Z info: OPTIONS:/auth/userData
2023-06-10T16:24:36.051Z info: POST:/auth/userData
2023-06-10T16:26:22.908Z info: OPTIONS:/auth/userData
2023-06-10T16:26:22.911Z info: POST:/auth/userData
2023-06-10T16:26:25.186Z info: POST:/auth/userData
2023-06-10T16:26:27.196Z info: POST:/auth/userData
2023-06-10T16:26:35.735Z info: OPTIONS:/auth/userData
2023-06-10T16:31:51.768Z info: OPTIONS:/auth/userData
2023-06-10T16:31:51.772Z info: POST:/auth/userData
2023-06-10T16:31:54.656Z info: POST:/auth/userData
2023-06-10T16:31:56.818Z info: OPTIONS:/auth/notificationsettings
2023-06-10T16:31:56.822Z info: POST:/auth/notificationsettings
2023-06-10T16:31:56.843Z info: OPTIONS:/api/posts
2023-06-10T16:31:56.849Z info: GET:/api/posts
2023-06-10T16:32:05.546Z info: OPTIONS:/api/createNewPost
2023-06-10T16:32:05.549Z info: POST:/api/createNewPost
2023-06-10T16:32:05.551Z info: {"title":"233232","content":"233232","genre":"Business","isPrivate":true}
2023-06-10T16:32:08.051Z info: OPTIONS:/api/posts
2023-06-10T16:32:08.056Z info: GET:/api/posts
2023-06-10T16:32:10.756Z info: OPTIONS:/auth/userData
2023-06-10T16:32:10.763Z info: POST:/auth/userData
2023-06-10T16:32:20.900Z info: OPTIONS:/auth/userData
2023-06-10T16:32:21.012Z info: POST:/auth/userData
2023-06-10T16:33:37.043Z info: OPTIONS:/auth/userData
2023-06-10T16:33:37.048Z info: POST:/auth/userData
2023-06-10T16:33:38.036Z info: POST:/auth/userData
2023-06-10T16:33:47.158Z info: OPTIONS:/auth/userData
2023-06-10T16:33:47.165Z info: POST:/auth/userData
2023-06-10T16:33:49.003Z info: OPTIONS:/auth/notificationsettings
2023-06-10T16:33:49.008Z info: POST:/auth/notificationsettings
2023-06-10T16:33:49.025Z info: OPTIONS:/api/posts
2023-06-10T16:33:49.028Z info: GET:/api/posts
2023-06-10T16:33:51.331Z info: OPTIONS:/api/post/2
2023-06-10T16:33:51.338Z info: GET:/api/post/2
2023-06-10T16:33:53.710Z info: OPTIONS:/auth/userData
2023-06-10T16:33:53.715Z info: POST:/auth/userData
