2023-06-13T15:07:30.653Z info: OPTIONS:/api/posts
2023-06-13T15:07:30.669Z info: GET:/api/posts
2023-06-13T15:07:34.388Z info: OPTIONS:/auth/userData
2023-06-13T15:07:34.421Z info: POST:/auth/userData
2023-06-13T15:07:36.826Z info: POST:/auth/userData
2023-06-13T15:07:40.248Z info: OPTIONS:/auth/notificationsettings
2023-06-13T15:07:40.252Z info: OPTIONS:/auth/userData
2023-06-13T15:07:40.254Z info: OPTIONS:/api/posts
2023-06-13T15:07:40.256Z info: POST:/auth/notificationsettings
2023-06-13T15:07:45.233Z info: OPTIONS:/api/posts
2023-06-13T15:07:45.250Z info: GET:/api/posts
2023-06-13T15:07:49.208Z info: OPTIONS:/auth/userData
2023-06-13T15:07:49.214Z info: POST:/auth/userData
2023-06-13T15:07:54.046Z info: POST:/auth/userData
2023-06-13T15:07:54.049Z info: OPTIONS:/auth/notificationsettings
2023-06-13T15:07:54.062Z info: POST:/auth/notificationsettings
2023-06-13T15:07:54.086Z info: OPTIONS:/api/posts
2023-06-13T15:07:54.092Z info: GET:/api/posts
2023-06-13T15:07:56.185Z info: OPTIONS:/auth/userData
2023-06-13T15:07:56.190Z info: POST:/auth/userData
2023-06-13T15:07:59.464Z info: POST:/auth/userData
2023-06-13T15:08:03.556Z info: OPTIONS:/auth/userData
2023-06-13T15:08:03.563Z info: POST:/auth/userData
2023-06-13T15:08:07.254Z info: OPTIONS:/auth/notificationsettings
2023-06-13T15:08:07.260Z info: POST:/auth/userData
2023-06-13T15:08:07.270Z info: POST:/auth/notificationsettings
2023-06-13T15:08:07.280Z info: OPTIONS:/api/posts
2023-06-13T15:08:07.292Z info: GET:/api/posts
2023-06-13T15:08:10.131Z info: OPTIONS:/auth/userData
2023-06-13T15:08:10.136Z info: POST:/auth/userData
2023-06-13T15:08:12.515Z info: POST:/auth/userData
2023-06-13T15:09:38.058Z info: OPTIONS:/auth/userData
2023-06-13T15:09:38.063Z info: POST:/auth/userData
2023-06-13T15:09:57.747Z info: OPTIONS:/auth/userData
2023-06-13T15:09:57.754Z info: POST:/auth/userData
2023-06-13T15:10:01.162Z info: POST:/auth/userData
2023-06-13T15:10:01.164Z info: OPTIONS:/auth/notificationsettings
2023-06-13T15:10:01.169Z info: POST:/auth/notificationsettings
2023-06-13T15:10:01.194Z info: OPTIONS:/api/posts
2023-06-13T15:10:01.198Z info: GET:/api/posts
2023-06-13T15:10:03.890Z info: OPTIONS:/auth/userData
2023-06-13T15:10:03.900Z info: POST:/auth/userData
2023-06-13T15:10:05.628Z info: POST:/auth/userData
2023-06-13T15:10:08.288Z info: POST:/auth/userData
2023-06-13T15:10:11.236Z info: OPTIONS:/auth/userData
2023-06-13T15:10:11.240Z info: POST:/auth/userData
2023-06-13T15:10:14.096Z info: POST:/auth/userData
2023-06-13T15:10:24.049Z info: OPTIONS:/auth/userData
2023-06-13T15:10:24.053Z info: POST:/auth/userData
2023-06-13T15:17:15.035Z info: OPTIONS:/auth/userData
2023-06-13T15:17:15.040Z info: POST:/auth/userData
2023-06-13T15:17:23.543Z info: OPTIONS:/auth/userData
2023-06-13T15:17:23.550Z info: POST:/auth/userData
2023-06-13T15:17:26.119Z info: POST:/auth/userData
2023-06-13T15:17:31.507Z info: OPTIONS:/api/posts
2023-06-13T15:17:31.511Z info: GET:/api/posts
2023-06-13T15:17:35.108Z info: GET:/api/posts
2023-06-13T15:17:37.647Z info: OPTIONS:/auth/userData
2023-06-13T15:17:37.652Z info: POST:/auth/userData
2023-06-13T15:17:41.398Z info: POST:/auth/userData
2023-06-13T15:17:41.400Z info: OPTIONS:/auth/notificationsettings
2023-06-13T15:17:41.416Z info: POST:/auth/notificationsettings
2023-06-13T15:17:41.426Z info: OPTIONS:/api/posts
2023-06-13T15:17:41.432Z info: GET:/api/posts
2023-06-13T15:17:44.244Z info: OPTIONS:/auth/userData
2023-06-13T15:17:44.250Z info: POST:/auth/userData
2023-06-13T15:17:45.657Z info: POST:/auth/userData
2023-06-13T15:18:03.056Z info: OPTIONS:/auth/userData
2023-06-13T15:18:03.063Z info: POST:/auth/userData
2023-06-13T15:18:19.034Z info: OPTIONS:/auth/userData
2023-06-13T15:18:19.042Z info: POST:/auth/userData
2023-06-13T15:18:27.029Z info: OPTIONS:/auth/userData
2023-06-13T15:18:27.036Z info: POST:/auth/userData
2023-06-13T15:18:28.016Z info: POST:/auth/userData
2023-06-13T15:18:29.022Z info: POST:/auth/userData
2023-06-13T15:18:31.024Z info: POST:/auth/userData
2023-06-13T15:24:52.044Z info: OPTIONS:/auth/userData
2023-06-13T15:24:52.050Z info: POST:/auth/userData
2023-06-13T15:25:32.068Z info: OPTIONS:/auth/userData
2023-06-13T15:25:32.074Z info: POST:/auth/userData
2023-06-13T15:25:34.273Z info: POST:/auth/userData
2023-06-13T15:25:36.632Z info: OPTIONS:/auth/notificationsettings
2023-06-13T15:25:36.635Z info: POST:/auth/userData
2023-06-13T15:25:36.638Z info: POST:/auth/notificationsettings
2023-06-13T15:25:36.665Z info: OPTIONS:/api/posts
2023-06-13T15:25:36.673Z info: GET:/api/posts
2023-06-13T15:25:42.002Z info: OPTIONS:/auth/userData
2023-06-13T15:25:42.006Z info: POST:/auth/userData
2023-06-13T15:25:44.011Z info: POST:/auth/userData
2023-06-13T15:25:50.718Z info: OPTIONS:/auth/userData
2023-06-13T15:25:50.720Z info: OPTIONS:/api/posts
2023-06-13T15:25:50.722Z info: OPTIONS:/auth/notificationsettings
2023-06-13T15:25:50.729Z info: POST:/auth/userData
2023-06-13T15:25:54.294Z info: OPTIONS:/api/posts
2023-06-13T15:25:54.299Z info: GET:/api/posts
2023-06-13T15:25:57.664Z info: OPTIONS:/auth/userData
2023-06-13T15:25:57.668Z info: POST:/auth/userData
2023-06-13T15:25:59.640Z info: POST:/auth/userData
2023-06-13T15:25:59.642Z info: OPTIONS:/auth/notificationsettings
2023-06-13T15:25:59.648Z info: POST:/auth/notificationsettings
2023-06-13T15:25:59.682Z info: OPTIONS:/api/posts
2023-06-13T15:25:59.693Z info: GET:/api/posts
2023-06-13T15:26:01.640Z info: POST:/auth/userData
2023-06-13T15:26:03.362Z info: OPTIONS:/auth/userData
2023-06-13T15:26:03.366Z info: POST:/auth/userData
2023-06-13T15:26:14.058Z info: OPTIONS:/auth/userData
2023-06-13T15:26:14.066Z info: POST:/auth/userData
2023-06-13T15:26:18.035Z info: POST:/auth/userData
2023-06-13T15:28:37.013Z info: OPTIONS:/auth/userData
2023-06-13T15:28:37.019Z info: POST:/auth/userData
2023-06-13T15:28:37.088Z info: POST:/auth/userData
2023-06-13T15:28:37.121Z info: POST:/auth/userData
2023-06-13T15:28:37.163Z info: POST:/auth/userData
2023-06-13T15:28:37.198Z info: POST:/auth/userData
2023-06-13T15:28:37.231Z info: POST:/auth/userData
2023-06-13T15:28:37.254Z info: POST:/auth/userData
2023-06-13T15:28:37.285Z info: POST:/auth/userData
2023-06-13T15:28:37.302Z info: POST:/auth/userData
2023-06-13T15:28:37.324Z info: POST:/auth/userData
2023-06-13T15:28:37.342Z info: POST:/auth/userData
2023-06-13T15:28:37.364Z info: POST:/auth/userData
2023-06-13T15:28:37.379Z info: POST:/auth/userData
2023-06-13T15:28:37.399Z info: POST:/auth/userData
2023-06-13T15:28:37.430Z info: POST:/auth/userData
2023-06-13T15:28:37.458Z info: POST:/auth/userData
2023-06-13T15:28:37.485Z info: POST:/auth/userData
2023-06-13T15:28:37.513Z info: POST:/auth/userData
2023-06-13T15:28:37.544Z info: POST:/auth/userData
2023-06-13T15:28:37.576Z info: POST:/auth/userData
2023-06-13T15:28:37.607Z info: POST:/auth/userData
2023-06-13T15:28:37.637Z info: POST:/auth/userData
2023-06-13T15:28:37.668Z info: POST:/auth/userData
2023-06-13T15:28:37.718Z info: POST:/auth/userData
2023-06-13T15:28:37.749Z info: POST:/auth/userData
2023-06-13T15:28:37.776Z info: POST:/auth/userData
2023-06-13T15:28:37.805Z info: POST:/auth/userData
2023-06-13T15:28:37.829Z info: POST:/auth/userData
2023-06-13T15:28:37.856Z info: POST:/auth/userData
2023-06-13T15:28:37.885Z info: POST:/auth/userData
2023-06-13T15:28:37.908Z info: POST:/auth/userData
2023-06-13T15:28:37.934Z info: POST:/auth/userData
2023-06-13T15:28:37.963Z info: POST:/auth/userData
2023-06-13T15:28:37.995Z info: POST:/auth/userData
2023-06-13T15:28:38.017Z info: POST:/auth/userData
2023-06-13T15:28:38.034Z info: POST:/auth/userData
2023-06-13T15:28:38.061Z info: POST:/auth/userData
2023-06-13T15:28:38.088Z info: POST:/auth/userData
2023-06-13T15:28:38.111Z info: POST:/auth/userData
2023-06-13T15:28:38.137Z info: POST:/auth/userData
2023-06-13T15:28:38.163Z info: POST:/auth/userData
2023-06-13T15:28:38.193Z info: POST:/auth/userData
2023-06-13T15:28:38.221Z info: POST:/auth/userData
2023-06-13T15:28:38.249Z info: POST:/auth/userData
2023-06-13T15:28:38.280Z info: POST:/auth/userData
2023-06-13T15:28:38.311Z info: POST:/auth/userData
2023-06-13T15:28:38.342Z info: POST:/auth/userData
2023-06-13T15:28:38.369Z info: POST:/auth/userData
2023-06-13T15:28:38.398Z info: POST:/auth/userData
2023-06-13T15:28:38.426Z info: POST:/auth/userData
2023-06-13T15:28:38.452Z info: POST:/auth/userData
2023-06-13T15:28:38.481Z info: POST:/auth/userData
2023-06-13T15:28:38.508Z info: POST:/auth/userData
2023-06-13T15:28:38.537Z info: POST:/auth/userData
2023-06-13T15:28:38.567Z info: POST:/auth/userData
2023-06-13T15:28:38.597Z info: POST:/auth/userData
2023-06-13T15:28:38.623Z info: POST:/auth/userData
2023-06-13T15:28:38.643Z info: POST:/auth/userData
2023-06-13T15:28:38.664Z info: POST:/auth/userData
2023-06-13T15:28:38.680Z info: POST:/auth/userData
2023-06-13T15:28:38.700Z info: POST:/auth/userData
2023-06-13T15:28:38.718Z info: POST:/auth/userData
2023-06-13T15:28:38.742Z info: POST:/auth/userData
2023-06-13T15:28:38.765Z info: POST:/auth/userData
2023-06-13T15:28:38.790Z info: POST:/auth/userData
2023-06-13T15:28:38.814Z info: POST:/auth/userData
2023-06-13T15:28:38.833Z info: POST:/auth/userData
2023-06-13T15:28:38.857Z info: POST:/auth/userData
2023-06-13T15:28:38.883Z info: POST:/auth/userData
2023-06-13T15:28:38.916Z info: POST:/auth/userData
2023-06-13T15:28:38.935Z info: POST:/auth/userData
2023-06-13T15:28:38.957Z info: POST:/auth/userData
2023-06-13T15:28:38.975Z info: POST:/auth/userData
2023-06-13T15:28:38.998Z info: POST:/auth/userData
2023-06-13T15:28:39.021Z info: POST:/auth/userData
2023-06-13T15:28:39.046Z info: POST:/auth/userData
2023-06-13T15:28:39.066Z info: POST:/auth/userData
2023-06-13T15:28:39.085Z info: POST:/auth/userData
2023-06-13T15:28:39.110Z info: POST:/auth/userData
2023-06-13T15:28:39.133Z info: POST:/auth/userData
2023-06-13T15:28:39.155Z info: POST:/auth/userData
2023-06-13T15:28:39.178Z info: POST:/auth/userData
2023-06-13T15:28:39.200Z info: POST:/auth/userData
2023-06-13T15:28:39.215Z info: POST:/auth/userData
2023-06-13T15:28:39.235Z info: POST:/auth/userData
2023-06-13T15:28:39.250Z info: POST:/auth/userData
2023-06-13T15:28:39.275Z info: POST:/auth/userData
2023-06-13T15:28:39.297Z info: POST:/auth/userData
2023-06-13T15:28:39.317Z info: POST:/auth/userData
2023-06-13T15:28:39.338Z info: POST:/auth/userData
2023-06-13T15:28:39.354Z info: POST:/auth/userData
2023-06-13T15:28:39.376Z info: POST:/auth/userData
2023-06-13T15:28:39.397Z info: POST:/auth/userData
2023-06-13T15:28:39.416Z info: POST:/auth/userData
2023-06-13T15:28:39.432Z info: POST:/auth/userData
2023-06-13T15:28:39.457Z info: POST:/auth/userData
2023-06-13T15:28:39.488Z info: POST:/auth/userData
2023-06-13T15:28:39.517Z info: POST:/auth/userData
2023-06-13T15:28:39.546Z info: POST:/auth/userData
2023-06-13T15:28:39.573Z info: POST:/auth/userData
2023-06-13T15:28:39.604Z info: POST:/auth/userData
2023-06-13T15:28:39.632Z info: POST:/auth/userData
2023-06-13T15:28:39.659Z info: POST:/auth/userData
2023-06-13T15:28:39.691Z info: POST:/auth/userData
2023-06-13T15:28:39.723Z info: POST:/auth/userData
2023-06-13T15:28:39.752Z info: POST:/auth/userData
2023-06-13T15:28:39.779Z info: POST:/auth/userData
2023-06-13T15:28:39.809Z info: POST:/auth/userData
2023-06-13T15:28:39.836Z info: POST:/auth/userData
2023-06-13T15:28:39.859Z info: POST:/auth/userData
2023-06-13T15:28:39.881Z info: POST:/auth/userData
2023-06-13T15:28:39.903Z info: POST:/auth/userData
2023-06-13T15:28:39.928Z info: POST:/auth/userData
2023-06-13T15:28:39.950Z info: POST:/auth/userData
2023-06-13T15:28:39.977Z info: POST:/auth/userData
2023-06-13T15:28:40.003Z info: POST:/auth/userData
2023-06-13T15:28:40.030Z info: POST:/auth/userData
2023-06-13T15:28:40.080Z info: POST:/auth/userData
2023-06-13T15:28:40.100Z info: POST:/auth/userData
2023-06-13T15:28:40.127Z info: POST:/auth/userData
2023-06-13T15:28:40.152Z info: POST:/auth/userData
2023-06-13T15:28:40.175Z info: POST:/auth/userData
2023-06-13T15:28:40.202Z info: POST:/auth/userData
2023-06-13T15:28:40.230Z info: POST:/auth/userData
2023-06-13T15:28:40.256Z info: POST:/auth/userData
2023-06-13T15:28:40.284Z info: POST:/auth/userData
2023-06-13T15:28:40.311Z info: POST:/auth/userData
2023-06-13T15:28:40.336Z info: POST:/auth/userData
2023-06-13T15:28:40.364Z info: POST:/auth/userData
2023-06-13T15:28:40.392Z info: POST:/auth/userData
2023-06-13T15:28:40.422Z info: POST:/auth/userData
2023-06-13T15:28:40.451Z info: POST:/auth/userData
2023-06-13T15:28:40.481Z info: POST:/auth/userData
2023-06-13T15:28:40.508Z info: POST:/auth/userData
2023-06-13T15:28:40.535Z info: POST:/auth/userData
2023-06-13T15:28:40.563Z info: POST:/auth/userData
2023-06-13T15:28:40.591Z info: POST:/auth/userData
2023-06-13T15:28:40.619Z info: POST:/auth/userData
2023-06-13T15:28:40.650Z info: POST:/auth/userData
2023-06-13T15:28:40.678Z info: POST:/auth/userData
2023-06-13T15:28:40.708Z info: POST:/auth/userData
2023-06-13T15:28:40.735Z info: POST:/auth/userData
2023-06-13T15:28:40.764Z info: POST:/auth/userData
2023-06-13T15:28:40.790Z info: POST:/auth/userData
2023-06-13T15:28:40.820Z info: POST:/auth/userData
2023-06-13T15:28:40.861Z info: POST:/auth/userData
2023-06-13T15:28:40.893Z info: POST:/auth/userData
2023-06-13T15:28:40.920Z info: POST:/auth/userData
2023-06-13T15:28:40.950Z info: POST:/auth/userData
2023-06-13T15:28:40.977Z info: POST:/auth/userData
2023-06-13T15:28:41.004Z info: POST:/auth/userData
2023-06-13T15:28:41.035Z info: POST:/auth/userData
2023-06-13T15:28:41.062Z info: POST:/auth/userData
2023-06-13T15:28:41.089Z info: POST:/auth/userData
2023-06-13T15:28:41.114Z info: POST:/auth/userData
2023-06-13T15:28:41.143Z info: POST:/auth/userData
2023-06-13T15:28:41.167Z info: POST:/auth/userData
2023-06-13T15:28:41.192Z info: POST:/auth/userData
2023-06-13T15:28:41.219Z info: POST:/auth/userData
2023-06-13T15:28:41.246Z info: POST:/auth/userData
2023-06-13T15:28:41.270Z info: POST:/auth/userData
2023-06-13T15:28:41.294Z info: POST:/auth/userData
2023-06-13T15:28:41.321Z info: POST:/auth/userData
2023-06-13T15:28:41.349Z info: POST:/auth/userData
2023-06-13T15:28:41.373Z info: POST:/auth/userData
2023-06-13T15:28:41.398Z info: POST:/auth/userData
2023-06-13T15:28:41.422Z info: POST:/auth/userData
2023-06-13T15:28:41.448Z info: POST:/auth/userData
2023-06-13T15:28:41.473Z info: POST:/auth/userData
2023-06-13T15:28:41.500Z info: POST:/auth/userData
2023-06-13T15:28:41.531Z info: POST:/auth/userData
2023-06-13T15:28:41.559Z info: POST:/auth/userData
2023-06-13T15:28:41.586Z info: POST:/auth/userData
2023-06-13T15:28:41.613Z info: POST:/auth/userData
2023-06-13T15:28:41.640Z info: POST:/auth/userData
2023-06-13T15:28:41.666Z info: POST:/auth/userData
2023-06-13T15:28:41.691Z info: POST:/auth/userData
2023-06-13T15:28:41.717Z info: POST:/auth/userData
2023-06-13T15:28:41.741Z info: POST:/auth/userData
2023-06-13T15:28:41.769Z info: POST:/auth/userData
2023-06-13T15:28:41.801Z info: POST:/auth/userData
2023-06-13T15:28:41.828Z info: POST:/auth/userData
2023-06-13T15:28:41.854Z info: POST:/auth/userData
2023-06-13T15:28:41.885Z info: POST:/auth/userData
2023-06-13T15:28:41.912Z info: POST:/auth/userData
2023-06-13T15:28:41.937Z info: POST:/auth/userData
2023-06-13T15:28:41.964Z info: POST:/auth/userData
2023-06-13T15:28:41.990Z info: POST:/auth/userData
2023-06-13T15:28:42.016Z info: POST:/auth/userData
2023-06-13T15:28:42.043Z info: OPTIONS:/auth/userData
2023-06-13T15:28:42.050Z info: POST:/auth/userData
2023-06-13T15:28:42.077Z info: POST:/auth/userData
2023-06-13T15:28:42.101Z info: POST:/auth/userData
2023-06-13T15:28:42.125Z info: POST:/auth/userData
2023-06-13T15:28:42.152Z info: POST:/auth/userData
2023-06-13T15:28:42.178Z info: POST:/auth/userData
2023-06-13T15:28:42.203Z info: POST:/auth/userData
2023-06-13T15:28:42.230Z info: POST:/auth/userData
2023-06-13T15:28:42.259Z info: POST:/auth/userData
2023-06-13T15:28:42.290Z info: POST:/auth/userData
2023-06-13T15:28:42.317Z info: POST:/auth/userData
2023-06-13T15:28:42.342Z info: POST:/auth/userData
2023-06-13T15:28:42.365Z info: POST:/auth/userData
2023-06-13T15:28:42.388Z info: POST:/auth/userData
2023-06-13T15:28:42.408Z info: POST:/auth/userData
2023-06-13T15:28:42.430Z info: POST:/auth/userData
2023-06-13T15:28:42.450Z info: POST:/auth/userData
2023-06-13T15:28:42.477Z info: POST:/auth/userData
2023-06-13T15:28:42.495Z info: POST:/auth/userData
2023-06-13T15:28:42.516Z info: POST:/auth/userData
2023-06-13T15:28:42.535Z info: POST:/auth/userData
2023-06-13T15:28:42.556Z info: POST:/auth/userData
2023-06-13T15:28:42.579Z info: POST:/auth/userData
2023-06-13T15:28:42.602Z info: POST:/auth/userData
2023-06-13T15:28:42.624Z info: POST:/auth/userData
2023-06-13T15:28:42.641Z info: POST:/auth/userData
2023-06-13T15:28:42.664Z info: POST:/auth/userData
2023-06-13T15:28:42.683Z info: POST:/auth/userData
2023-06-13T15:28:42.705Z info: POST:/auth/userData
2023-06-13T15:28:42.728Z info: POST:/auth/userData
2023-06-13T15:28:42.743Z info: POST:/auth/userData
2023-06-13T15:28:42.763Z info: POST:/auth/userData
2023-06-13T15:28:42.781Z info: POST:/auth/userData
2023-06-13T15:28:42.796Z info: POST:/auth/userData
2023-06-13T15:28:42.838Z info: POST:/auth/userData
2023-06-13T15:28:42.862Z info: POST:/auth/userData
2023-06-13T15:28:42.884Z info: POST:/auth/userData
2023-06-13T15:28:42.911Z info: POST:/auth/userData
2023-06-13T15:28:42.932Z info: POST:/auth/userData
2023-06-13T15:28:42.953Z info: POST:/auth/userData
2023-06-13T15:28:42.979Z info: POST:/auth/userData
2023-06-13T15:28:42.999Z info: POST:/auth/userData
2023-06-13T15:28:43.035Z info: POST:/auth/userData
2023-06-13T15:28:43.053Z info: POST:/auth/userData
2023-06-13T15:28:43.067Z info: POST:/auth/userData
2023-06-13T15:28:43.082Z info: POST:/auth/userData
2023-06-13T15:28:43.101Z info: POST:/auth/userData
2023-06-13T15:28:43.117Z info: POST:/auth/userData
2023-06-13T15:28:43.135Z info: POST:/auth/userData
2023-06-13T15:28:43.151Z info: POST:/auth/userData
2023-06-13T15:28:43.171Z info: POST:/auth/userData
2023-06-13T15:28:43.184Z info: POST:/auth/userData
2023-06-13T15:28:43.198Z info: POST:/auth/userData
2023-06-13T15:28:43.210Z info: POST:/auth/userData
2023-06-13T15:28:43.227Z info: POST:/auth/userData
2023-06-13T15:28:43.242Z info: POST:/auth/userData
2023-06-13T15:28:43.257Z info: POST:/auth/userData
2023-06-13T15:28:43.266Z info: POST:/auth/userData
2023-06-13T15:28:43.277Z info: POST:/auth/userData
2023-06-13T15:28:43.286Z info: POST:/auth/userData
2023-06-13T15:28:43.298Z info: POST:/auth/userData
2023-06-13T15:28:43.312Z info: POST:/auth/userData
2023-06-13T15:28:43.353Z info: POST:/auth/userData
2023-06-13T15:28:43.368Z info: POST:/auth/userData
2023-06-13T15:28:43.386Z info: POST:/auth/userData
2023-06-13T15:28:43.401Z info: POST:/auth/userData
2023-06-13T15:28:43.419Z info: POST:/auth/userData
2023-06-13T15:28:43.431Z info: POST:/auth/userData
2023-06-13T15:28:43.484Z info: POST:/auth/userData
2023-06-13T15:28:43.501Z info: POST:/auth/userData
2023-06-13T15:28:43.521Z info: POST:/auth/userData
2023-06-13T15:28:43.542Z info: POST:/auth/userData
2023-06-13T15:28:43.557Z info: POST:/auth/userData
2023-06-13T15:28:43.575Z info: POST:/auth/userData
2023-06-13T15:28:43.593Z info: POST:/auth/userData
2023-06-13T15:28:43.610Z info: POST:/auth/userData
2023-06-13T15:28:43.628Z info: POST:/auth/userData
2023-06-13T15:28:43.640Z info: POST:/auth/userData
2023-06-13T15:28:43.658Z info: POST:/auth/userData
2023-06-13T15:28:43.696Z info: POST:/auth/userData
2023-06-13T15:28:43.717Z info: POST:/auth/userData
2023-06-13T15:28:43.734Z info: POST:/auth/userData
2023-06-13T15:28:43.755Z info: POST:/auth/userData
2023-06-13T15:28:43.772Z info: POST:/auth/userData
2023-06-13T15:28:43.792Z info: POST:/auth/userData
2023-06-13T15:28:43.809Z info: POST:/auth/userData
2023-06-13T15:28:43.827Z info: POST:/auth/userData
2023-06-13T15:28:43.847Z info: POST:/auth/userData
2023-06-13T15:28:43.867Z info: POST:/auth/userData
2023-06-13T15:28:43.887Z info: POST:/auth/userData
2023-06-13T15:28:43.908Z info: POST:/auth/userData
2023-06-13T15:28:43.929Z info: POST:/auth/userData
2023-06-13T15:28:43.948Z info: POST:/auth/userData
2023-06-13T15:28:43.967Z info: POST:/auth/userData
2023-06-13T15:28:43.987Z info: POST:/auth/userData
2023-06-13T15:28:44.007Z info: POST:/auth/userData
2023-06-13T15:28:44.024Z info: POST:/auth/userData
2023-06-13T15:28:44.043Z info: POST:/auth/userData
2023-06-13T15:28:44.064Z info: POST:/auth/userData
2023-06-13T15:28:44.084Z info: POST:/auth/userData
2023-06-13T15:28:44.107Z info: POST:/auth/userData
2023-06-13T15:28:44.126Z info: POST:/auth/userData
2023-06-13T15:28:44.148Z info: POST:/auth/userData
2023-06-13T15:28:44.168Z info: POST:/auth/userData
2023-06-13T15:28:44.190Z info: POST:/auth/userData
2023-06-13T15:28:44.244Z info: POST:/auth/userData
2023-06-13T15:28:44.283Z info: POST:/auth/userData
2023-06-13T15:28:44.302Z info: POST:/auth/userData
2023-06-13T15:28:44.336Z info: POST:/auth/userData
2023-06-13T15:28:44.356Z info: POST:/auth/userData
2023-06-13T15:28:44.375Z info: POST:/auth/userData
2023-06-13T15:28:44.396Z info: POST:/auth/userData
2023-06-13T15:28:44.412Z info: POST:/auth/userData
2023-06-13T15:28:44.431Z info: POST:/auth/userData
2023-06-13T15:28:44.450Z info: POST:/auth/userData
2023-06-13T15:28:44.469Z info: POST:/auth/userData
2023-06-13T15:28:44.489Z info: POST:/auth/userData
2023-06-13T15:28:44.510Z info: POST:/auth/userData
2023-06-13T15:28:44.530Z info: POST:/auth/userData
2023-06-13T15:28:44.552Z info: POST:/auth/userData
2023-06-13T15:28:44.571Z info: POST:/auth/userData
2023-06-13T15:28:44.592Z info: POST:/auth/userData
2023-06-13T15:28:44.609Z info: POST:/auth/userData
2023-06-13T15:28:44.627Z info: POST:/auth/userData
2023-06-13T15:28:44.646Z info: POST:/auth/userData
2023-06-13T15:28:44.663Z info: POST:/auth/userData
2023-06-13T15:28:44.679Z info: POST:/auth/userData
2023-06-13T15:28:44.699Z info: POST:/auth/userData
2023-06-13T15:28:44.718Z info: POST:/auth/userData
2023-06-13T15:28:44.740Z info: POST:/auth/userData
2023-06-13T15:28:44.758Z info: POST:/auth/userData
2023-06-13T15:28:44.781Z info: POST:/auth/userData
2023-06-13T15:28:44.799Z info: POST:/auth/userData
2023-06-13T15:28:44.820Z info: POST:/auth/userData
2023-06-13T15:28:44.838Z info: POST:/auth/userData
2023-06-13T15:28:44.862Z info: POST:/auth/userData
2023-06-13T15:28:44.880Z info: POST:/auth/userData
2023-06-13T15:28:44.899Z info: POST:/auth/userData
2023-06-13T15:28:44.918Z info: POST:/auth/userData
2023-06-13T15:28:44.939Z info: POST:/auth/userData
2023-06-13T15:28:44.956Z info: POST:/auth/userData
2023-06-13T15:28:44.976Z info: POST:/auth/userData
2023-06-13T15:28:44.992Z info: POST:/auth/userData
2023-06-13T15:28:45.015Z info: POST:/auth/userData
2023-06-13T15:28:45.036Z info: POST:/auth/userData
2023-06-13T15:28:45.056Z info: POST:/auth/userData
2023-06-13T15:28:45.079Z info: POST:/auth/userData
2023-06-13T15:28:45.103Z info: POST:/auth/userData
2023-06-13T15:28:45.122Z info: POST:/auth/userData
2023-06-13T15:28:45.142Z info: POST:/auth/userData
2023-06-13T15:28:45.161Z info: POST:/auth/userData
2023-06-13T15:28:45.185Z info: POST:/auth/userData
2023-06-13T15:28:45.204Z info: POST:/auth/userData
2023-06-13T15:28:45.224Z info: POST:/auth/userData
2023-06-13T15:28:45.242Z info: POST:/auth/userData
2023-06-13T15:28:45.264Z info: POST:/auth/userData
2023-06-13T15:28:45.284Z info: POST:/auth/userData
2023-06-13T15:28:45.303Z info: POST:/auth/userData
2023-06-13T15:28:45.322Z info: POST:/auth/userData
2023-06-13T15:28:45.345Z info: POST:/auth/userData
2023-06-13T15:28:45.360Z info: POST:/auth/userData
2023-06-13T15:28:45.377Z info: POST:/auth/userData
2023-06-13T15:28:45.388Z info: POST:/auth/userData
2023-06-13T15:28:45.402Z info: POST:/auth/userData
2023-06-13T15:28:45.416Z info: POST:/auth/userData
2023-06-13T15:28:45.429Z info: POST:/auth/userData
2023-06-13T15:28:45.441Z info: POST:/auth/userData
2023-06-13T15:28:45.451Z info: POST:/auth/userData
2023-06-13T15:28:45.468Z info: POST:/auth/userData
2023-06-13T15:28:45.480Z info: POST:/auth/userData
2023-06-13T15:28:45.495Z info: POST:/auth/userData
2023-06-13T15:28:45.507Z info: POST:/auth/userData
2023-06-13T15:28:45.523Z info: POST:/auth/userData
2023-06-13T15:28:45.534Z info: POST:/auth/userData
2023-06-13T15:28:45.551Z info: POST:/auth/userData
2023-06-13T15:28:45.562Z info: POST:/auth/userData
2023-06-13T15:28:45.574Z info: POST:/auth/userData
2023-06-13T15:28:45.585Z info: POST:/auth/userData
2023-06-13T15:28:45.601Z info: POST:/auth/userData
2023-06-13T15:28:45.618Z info: POST:/auth/userData
2023-06-13T15:28:45.635Z info: POST:/auth/userData
2023-06-13T15:28:45.650Z info: POST:/auth/userData
2023-06-13T15:28:45.667Z info: POST:/auth/userData
2023-06-13T15:28:45.678Z info: POST:/auth/userData
2023-06-13T15:28:45.691Z info: POST:/auth/userData
2023-06-13T15:28:45.702Z info: POST:/auth/userData
2023-06-13T15:28:45.720Z info: POST:/auth/userData
2023-06-13T15:28:45.737Z info: POST:/auth/userData
2023-06-13T15:28:45.774Z info: POST:/auth/userData
2023-06-13T15:28:45.801Z info: POST:/auth/userData
2023-06-13T15:28:45.817Z info: POST:/auth/userData
2023-06-13T15:28:45.843Z info: POST:/auth/userData
2023-06-13T15:28:45.852Z info: POST:/auth/userData
2023-06-13T15:28:45.867Z info: POST:/auth/userData
2023-06-13T15:28:45.877Z info: POST:/auth/userData
2023-06-13T15:28:45.893Z info: POST:/auth/userData
2023-06-13T15:28:45.910Z info: POST:/auth/userData
2023-06-13T15:28:45.924Z info: POST:/auth/userData
2023-06-13T15:28:45.940Z info: POST:/auth/userData
2023-06-13T15:28:45.949Z info: POST:/auth/userData
2023-06-13T15:28:45.959Z info: POST:/auth/userData
2023-06-13T15:28:45.979Z info: POST:/auth/userData
2023-06-13T15:28:45.993Z info: POST:/auth/userData
2023-06-13T15:28:46.014Z info: POST:/auth/userData
2023-06-13T15:28:46.024Z info: POST:/auth/userData
2023-06-13T15:28:46.042Z info: POST:/auth/userData
2023-06-13T15:28:46.055Z info: POST:/auth/userData
2023-06-13T15:28:46.074Z info: POST:/auth/userData
2023-06-13T15:28:46.086Z info: POST:/auth/userData
2023-06-13T15:28:46.097Z info: POST:/auth/userData
2023-06-13T15:28:46.115Z info: POST:/auth/userData
2023-06-13T15:28:46.134Z info: POST:/auth/userData
2023-06-13T15:28:46.156Z info: POST:/auth/userData
2023-06-13T15:28:46.172Z info: POST:/auth/userData
2023-06-13T15:28:46.188Z info: POST:/auth/userData
2023-06-13T15:28:46.211Z info: POST:/auth/userData
2023-06-13T15:28:46.228Z info: POST:/auth/userData
2023-06-13T15:28:46.251Z info: POST:/auth/userData
2023-06-13T15:28:46.269Z info: POST:/auth/userData
2023-06-13T15:28:46.290Z info: POST:/auth/userData
2023-06-13T15:28:46.310Z info: POST:/auth/userData
2023-06-13T15:28:46.331Z info: POST:/auth/userData
2023-06-13T15:28:46.351Z info: POST:/auth/userData
2023-06-13T15:28:46.371Z info: POST:/auth/userData
2023-06-13T15:28:46.392Z info: POST:/auth/userData
2023-06-13T15:28:46.412Z info: POST:/auth/userData
2023-06-13T15:28:46.430Z info: POST:/auth/userData
2023-06-13T15:28:46.451Z info: POST:/auth/userData
2023-06-13T15:28:46.468Z info: POST:/auth/userData
2023-06-13T15:28:46.476Z info: POST:/auth/userData
2023-06-13T15:28:46.482Z info: POST:/auth/userData
2023-06-13T15:28:46.494Z info: POST:/auth/userData
2023-06-13T15:28:46.502Z info: POST:/auth/userData
2023-06-13T15:28:46.508Z info: POST:/auth/userData
2023-06-13T15:28:46.514Z info: POST:/auth/userData
2023-06-13T15:28:46.521Z info: POST:/auth/userData
2023-06-13T15:28:46.527Z info: POST:/auth/userData
2023-06-13T15:28:46.534Z info: POST:/auth/userData
2023-06-13T15:28:46.540Z info: POST:/auth/userData
2023-06-13T15:28:46.545Z info: POST:/auth/userData
2023-06-13T15:28:46.571Z info: POST:/auth/userData
2023-06-13T15:28:46.573Z info: POST:/auth/userData
2023-06-13T15:28:46.587Z info: POST:/auth/userData
2023-06-13T15:28:46.597Z info: POST:/auth/userData
2023-06-13T15:28:46.608Z info: POST:/auth/userData
2023-06-13T15:28:46.618Z info: POST:/auth/userData
2023-06-13T15:28:46.624Z info: POST:/auth/userData
2023-06-13T15:28:46.630Z info: POST:/auth/userData
2023-06-13T15:28:46.636Z info: POST:/auth/userData
2023-06-13T15:28:46.642Z info: POST:/auth/userData
2023-06-13T15:28:46.648Z info: POST:/auth/userData
2023-06-13T15:28:46.655Z info: POST:/auth/userData
2023-06-13T15:28:46.661Z info: POST:/auth/userData
2023-06-13T15:28:46.667Z info: POST:/auth/userData
2023-06-13T15:28:46.673Z info: POST:/auth/userData
2023-06-13T15:28:46.679Z info: POST:/auth/userData
2023-06-13T15:28:46.685Z info: POST:/auth/userData
2023-06-13T15:28:46.690Z info: POST:/auth/userData
2023-06-13T15:28:46.695Z info: POST:/auth/userData
2023-06-13T15:28:46.701Z info: POST:/auth/userData
2023-06-13T15:28:46.707Z info: POST:/auth/userData
2023-06-13T15:28:46.714Z info: POST:/auth/userData
2023-06-13T15:28:46.720Z info: POST:/auth/userData
2023-06-13T15:28:46.726Z info: POST:/auth/userData
2023-06-13T15:28:46.731Z info: POST:/auth/userData
2023-06-13T15:28:46.738Z info: POST:/auth/userData
2023-06-13T15:28:46.744Z info: POST:/auth/userData
2023-06-13T15:28:46.751Z info: POST:/auth/userData
2023-06-13T15:28:46.757Z info: POST:/auth/userData
2023-06-13T15:28:46.764Z info: POST:/auth/userData
2023-06-13T15:28:46.772Z info: POST:/auth/userData
2023-06-13T15:28:46.788Z info: POST:/auth/userData
2023-06-13T15:28:46.795Z info: POST:/auth/userData
2023-06-13T15:28:46.807Z info: POST:/auth/userData
2023-06-13T15:28:46.819Z info: POST:/auth/userData
2023-06-13T15:28:46.823Z info: POST:/auth/userData
2023-06-13T15:28:46.829Z info: POST:/auth/userData
2023-06-13T15:28:46.836Z info: POST:/auth/userData
2023-06-13T15:28:46.840Z info: POST:/auth/userData
2023-06-13T15:28:46.846Z info: POST:/auth/userData
2023-06-13T15:28:46.852Z info: POST:/auth/userData
2023-06-13T15:28:46.858Z info: POST:/auth/userData
2023-06-13T15:28:46.863Z info: POST:/auth/userData
2023-06-13T15:28:46.869Z info: POST:/auth/userData
2023-06-13T15:28:46.874Z info: POST:/auth/userData
2023-06-13T15:28:46.879Z info: POST:/auth/userData
2023-06-13T15:28:46.885Z info: POST:/auth/userData
2023-06-13T15:28:46.890Z info: POST:/auth/userData
2023-06-13T15:28:46.895Z info: POST:/auth/userData
2023-06-13T15:28:46.901Z info: POST:/auth/userData
2023-06-13T15:28:46.906Z info: POST:/auth/userData
2023-06-13T15:28:46.913Z info: POST:/auth/userData
2023-06-13T15:28:46.919Z info: POST:/auth/userData
2023-06-13T15:28:46.925Z info: POST:/auth/userData
2023-06-13T15:28:46.930Z info: POST:/auth/userData
2023-06-13T15:28:46.937Z info: POST:/auth/userData
2023-06-13T15:28:46.943Z info: POST:/auth/userData
2023-06-13T15:28:46.948Z info: POST:/auth/userData
2023-06-13T15:28:46.954Z info: POST:/auth/userData
2023-06-13T15:28:46.959Z info: POST:/auth/userData
2023-06-13T15:28:46.964Z info: POST:/auth/userData
2023-06-13T15:28:46.971Z info: POST:/auth/userData
2023-06-13T15:28:46.977Z info: POST:/auth/userData
2023-06-13T15:28:46.984Z info: POST:/auth/userData
2023-06-13T15:28:46.989Z info: POST:/auth/userData
2023-06-13T15:28:46.995Z info: POST:/auth/userData
2023-06-13T15:28:47.001Z info: POST:/auth/userData
2023-06-13T15:28:47.008Z info: POST:/auth/userData
2023-06-13T15:28:47.015Z info: POST:/auth/userData
2023-06-13T15:28:47.024Z info: POST:/auth/userData
2023-06-13T15:28:47.031Z info: POST:/auth/userData
2023-06-13T15:28:47.040Z info: POST:/auth/userData
2023-06-13T15:28:47.047Z info: POST:/auth/userData
2023-06-13T15:28:47.055Z info: OPTIONS:/auth/userData
2023-06-13T15:28:47.058Z info: POST:/auth/userData
2023-06-13T15:28:47.059Z info: POST:/auth/userData
2023-06-13T15:28:47.069Z info: POST:/auth/userData
2023-06-13T15:28:47.074Z info: POST:/auth/userData
2023-06-13T15:28:47.085Z info: POST:/auth/userData
2023-06-13T15:28:47.090Z info: POST:/auth/userData
2023-06-13T15:28:47.096Z info: POST:/auth/userData
2023-06-13T15:28:47.103Z info: POST:/auth/userData
2023-06-13T15:28:47.109Z info: POST:/auth/userData
2023-06-13T15:28:47.115Z info: POST:/auth/userData
2023-06-13T15:28:47.122Z info: POST:/auth/userData
2023-06-13T15:28:47.128Z info: POST:/auth/userData
2023-06-13T15:28:47.133Z info: POST:/auth/userData
2023-06-13T15:28:47.140Z info: POST:/auth/userData
2023-06-13T15:28:47.146Z info: POST:/auth/userData
2023-06-13T15:28:47.153Z info: POST:/auth/userData
2023-06-13T15:28:47.159Z info: POST:/auth/userData
2023-06-13T15:28:47.165Z info: POST:/auth/userData
2023-06-13T15:28:47.173Z info: POST:/auth/userData
2023-06-13T15:28:47.179Z info: POST:/auth/userData
2023-06-13T15:28:47.186Z info: POST:/auth/userData
2023-06-13T15:28:47.191Z info: POST:/auth/userData
2023-06-13T15:28:47.197Z info: POST:/auth/userData
2023-06-13T15:28:47.206Z info: POST:/auth/userData
2023-06-13T15:28:47.211Z info: POST:/auth/userData
2023-06-13T15:28:47.218Z info: POST:/auth/userData
2023-06-13T15:28:47.224Z info: POST:/auth/userData
2023-06-13T15:28:47.231Z info: POST:/auth/userData
2023-06-13T15:28:47.238Z info: POST:/auth/userData
2023-06-13T15:28:47.244Z info: POST:/auth/userData
2023-06-13T15:28:47.250Z info: POST:/auth/userData
2023-06-13T15:28:47.256Z info: POST:/auth/userData
2023-06-13T15:28:47.262Z info: POST:/auth/userData
2023-06-13T15:28:47.269Z info: POST:/auth/userData
2023-06-13T15:28:47.297Z info: POST:/auth/userData
2023-06-13T15:28:47.305Z info: POST:/auth/userData
2023-06-13T15:28:47.315Z info: POST:/auth/userData
2023-06-13T15:28:47.322Z info: POST:/auth/userData
2023-06-13T15:28:47.329Z info: POST:/auth/userData
2023-06-13T15:28:47.336Z info: POST:/auth/userData
2023-06-13T15:28:47.342Z info: POST:/auth/userData
2023-06-13T15:28:47.347Z info: POST:/auth/userData
2023-06-13T15:28:47.355Z info: POST:/auth/userData
2023-06-13T15:28:47.360Z info: POST:/auth/userData
2023-06-13T15:28:47.366Z info: POST:/auth/userData
2023-06-13T15:28:47.373Z info: POST:/auth/userData
2023-06-13T15:28:47.379Z info: POST:/auth/userData
2023-06-13T15:28:47.384Z info: POST:/auth/userData
2023-06-13T15:28:47.390Z info: POST:/auth/userData
2023-06-13T15:28:47.396Z info: POST:/auth/userData
2023-06-13T15:28:47.403Z info: POST:/auth/userData
2023-06-13T15:28:47.408Z info: POST:/auth/userData
2023-06-13T15:28:47.413Z info: POST:/auth/userData
2023-06-13T15:28:47.420Z info: POST:/auth/userData
2023-06-13T15:28:47.426Z info: POST:/auth/userData
2023-06-13T15:28:47.432Z info: POST:/auth/userData
2023-06-13T15:28:47.440Z info: POST:/auth/userData
2023-06-13T15:28:47.445Z info: POST:/auth/userData
2023-06-13T15:28:47.452Z info: POST:/auth/userData
2023-06-13T15:28:47.457Z info: POST:/auth/userData
2023-06-13T15:28:47.464Z info: POST:/auth/userData
2023-06-13T15:28:47.471Z info: POST:/auth/userData
2023-06-13T15:28:47.476Z info: POST:/auth/userData
2023-06-13T15:28:47.481Z info: POST:/auth/userData
2023-06-13T15:28:47.488Z info: POST:/auth/userData
2023-06-13T15:28:47.493Z info: POST:/auth/userData
2023-06-13T15:28:47.500Z info: POST:/auth/userData
2023-06-13T15:28:47.506Z info: POST:/auth/userData
2023-06-13T15:28:47.512Z info: POST:/auth/userData
2023-06-13T15:28:47.519Z info: POST:/auth/userData
2023-06-13T15:28:47.524Z info: POST:/auth/userData
2023-06-13T15:28:47.529Z info: POST:/auth/userData
2023-06-13T15:28:47.536Z info: POST:/auth/userData
2023-06-13T15:28:47.541Z info: POST:/auth/userData
2023-06-13T15:28:47.551Z info: POST:/auth/userData
2023-06-13T15:28:47.557Z info: POST:/auth/userData
2023-06-13T15:28:47.563Z info: POST:/auth/userData
2023-06-13T15:28:47.569Z info: POST:/auth/userData
2023-06-13T15:28:47.576Z info: POST:/auth/userData
2023-06-13T15:28:47.581Z info: POST:/auth/userData
2023-06-13T15:28:47.588Z info: POST:/auth/userData
2023-06-13T15:28:47.593Z info: POST:/auth/userData
2023-06-13T15:28:47.600Z info: POST:/auth/userData
2023-06-13T15:28:47.606Z info: POST:/auth/userData
2023-06-13T15:28:47.611Z info: POST:/auth/userData
2023-06-13T15:28:47.619Z info: POST:/auth/userData
2023-06-13T15:28:47.624Z info: POST:/auth/userData
2023-06-13T15:28:47.630Z info: POST:/auth/userData
2023-06-13T15:28:47.637Z info: POST:/auth/userData
2023-06-13T15:28:47.642Z info: POST:/auth/userData
2023-06-13T15:28:47.648Z info: POST:/auth/userData
2023-06-13T15:28:47.655Z info: POST:/auth/userData
2023-06-13T15:28:47.661Z info: POST:/auth/userData
2023-06-13T15:28:47.670Z info: POST:/auth/userData
2023-06-13T15:28:47.686Z info: POST:/auth/userData
2023-06-13T15:28:47.693Z info: POST:/auth/userData
2023-06-13T15:28:47.704Z info: POST:/auth/userData
2023-06-13T15:28:47.718Z info: POST:/auth/userData
2023-06-13T15:28:47.725Z info: POST:/auth/userData
2023-06-13T15:28:48.909Z info: POST:/auth/userData
2023-06-13T15:28:48.983Z info: POST:/auth/userData
2023-06-13T15:28:49.020Z info: POST:/auth/userData
2023-06-13T15:28:49.109Z info: POST:/auth/userData
2023-06-13T15:28:49.139Z info: POST:/auth/userData
2023-06-13T15:28:49.152Z info: POST:/auth/userData
2023-06-13T15:28:49.164Z info: POST:/auth/userData
2023-06-13T15:28:49.176Z info: POST:/auth/userData
2023-06-13T15:28:49.188Z info: POST:/auth/userData
2023-06-13T15:28:49.199Z info: POST:/auth/userData
2023-06-13T15:28:49.211Z info: POST:/auth/userData
2023-06-13T15:28:49.224Z info: POST:/auth/userData
2023-06-13T15:28:49.237Z info: POST:/auth/userData
2023-06-13T15:28:49.247Z info: POST:/auth/userData
2023-06-13T15:28:49.261Z info: POST:/auth/userData
2023-06-13T15:28:49.277Z info: POST:/auth/userData
2023-06-13T15:28:49.292Z info: POST:/auth/userData
2023-06-13T15:28:49.307Z info: POST:/auth/userData
2023-06-13T15:28:49.320Z info: POST:/auth/userData
2023-06-13T15:28:49.333Z info: POST:/auth/userData
2023-06-13T15:28:49.344Z info: POST:/auth/userData
2023-06-13T15:28:49.357Z info: POST:/auth/userData
2023-06-13T15:28:49.400Z info: POST:/auth/userData
2023-06-13T15:28:49.413Z info: POST:/auth/userData
2023-06-13T15:28:49.426Z info: POST:/auth/userData
2023-06-13T15:28:49.437Z info: POST:/auth/userData
2023-06-13T15:28:49.449Z info: POST:/auth/userData
2023-06-13T15:28:49.546Z info: POST:/auth/userData
2023-06-13T15:28:49.561Z info: POST:/auth/userData
2023-06-13T15:28:49.575Z info: POST:/auth/userData
2023-06-13T15:28:49.587Z info: POST:/auth/userData
2023-06-13T15:28:49.601Z info: POST:/auth/userData
2023-06-13T15:28:49.612Z info: POST:/auth/userData
2023-06-13T15:28:49.623Z info: POST:/auth/userData
2023-06-13T15:28:49.634Z info: POST:/auth/userData
2023-06-13T15:28:49.644Z info: POST:/auth/userData
2023-06-13T15:28:49.657Z info: POST:/auth/userData
2023-06-13T15:28:49.669Z info: POST:/auth/userData
2023-06-13T15:28:49.681Z info: POST:/auth/userData
2023-06-13T15:28:49.691Z info: POST:/auth/userData
2023-06-13T15:28:49.702Z info: POST:/auth/userData
2023-06-13T15:28:49.712Z info: POST:/auth/userData
2023-06-13T15:28:49.722Z info: POST:/auth/userData
2023-06-13T15:28:49.734Z info: POST:/auth/userData
2023-06-13T15:28:49.744Z info: POST:/auth/userData
2023-06-13T15:28:49.756Z info: POST:/auth/userData
2023-06-13T15:28:49.773Z info: POST:/auth/userData
2023-06-13T15:28:49.787Z info: POST:/auth/userData
2023-06-13T15:28:49.798Z info: POST:/auth/userData
2023-06-13T15:28:49.810Z info: POST:/auth/userData
2023-06-13T15:28:49.822Z info: POST:/auth/userData
2023-06-13T15:28:49.835Z info: POST:/auth/userData
2023-06-13T15:28:49.846Z info: POST:/auth/userData
2023-06-13T15:28:49.856Z info: POST:/auth/userData
2023-06-13T15:28:49.865Z info: POST:/auth/userData
2023-06-13T15:28:49.878Z info: POST:/auth/userData
2023-06-13T15:28:49.889Z info: POST:/auth/userData
2023-06-13T15:28:49.900Z info: POST:/auth/userData
2023-06-13T15:28:49.948Z info: POST:/auth/userData
2023-06-13T15:28:49.962Z info: POST:/auth/userData
2023-06-13T15:28:50.029Z info: POST:/auth/userData
2023-06-13T15:28:50.045Z info: POST:/auth/userData
2023-06-13T15:28:50.059Z info: POST:/auth/userData
2023-06-13T15:28:50.074Z info: POST:/auth/userData
2023-06-13T15:28:50.090Z info: POST:/auth/userData
2023-06-13T15:28:50.105Z info: POST:/auth/userData
2023-06-13T15:28:50.119Z info: POST:/auth/userData
2023-06-13T15:28:50.140Z info: POST:/auth/userData
2023-06-13T15:28:50.152Z info: POST:/auth/userData
2023-06-13T15:28:50.165Z info: POST:/auth/userData
2023-06-13T15:28:50.179Z info: POST:/auth/userData
2023-06-13T15:28:50.194Z info: POST:/auth/userData
2023-06-13T15:28:50.206Z info: POST:/auth/userData
2023-06-13T15:28:50.221Z info: POST:/auth/userData
2023-06-13T15:28:50.237Z info: POST:/auth/userData
2023-06-13T15:28:50.248Z info: POST:/auth/userData
2023-06-13T15:28:50.264Z info: POST:/auth/userData
2023-06-13T15:28:50.277Z info: POST:/auth/userData
2023-06-13T15:28:50.296Z info: POST:/auth/userData
2023-06-13T15:28:50.310Z info: POST:/auth/userData
2023-06-13T15:28:50.327Z info: POST:/auth/userData
2023-06-13T15:28:50.342Z info: POST:/auth/userData
2023-06-13T15:28:50.361Z info: POST:/auth/userData
2023-06-13T15:28:50.428Z info: POST:/auth/userData
2023-06-13T15:28:50.444Z info: POST:/auth/userData
2023-06-13T15:28:50.457Z info: POST:/auth/userData
2023-06-13T15:28:50.474Z info: POST:/auth/userData
2023-06-13T15:28:50.490Z info: POST:/auth/userData
2023-06-13T15:28:50.503Z info: POST:/auth/userData
2023-06-13T15:28:50.517Z info: POST:/auth/userData
2023-06-13T15:28:50.530Z info: POST:/auth/userData
2023-06-13T15:28:50.544Z info: POST:/auth/userData
2023-06-13T15:28:50.557Z info: POST:/auth/userData
2023-06-13T15:28:50.570Z info: POST:/auth/userData
2023-06-13T15:28:50.582Z info: POST:/auth/userData
2023-06-13T15:28:50.764Z info: POST:/auth/userData
2023-06-13T15:28:50.826Z info: POST:/auth/userData
2023-06-13T15:28:50.847Z info: POST:/auth/userData
2023-06-13T15:28:50.870Z info: POST:/auth/userData
2023-06-13T15:28:50.886Z info: POST:/auth/userData
2023-06-13T15:28:50.915Z info: POST:/auth/userData
2023-06-13T15:28:50.928Z info: POST:/auth/userData
2023-06-13T15:28:50.943Z info: POST:/auth/userData
2023-06-13T15:28:50.958Z info: POST:/auth/userData
2023-06-13T15:28:50.973Z info: POST:/auth/userData
2023-06-13T15:28:50.985Z info: POST:/auth/userData
2023-06-13T15:28:51.000Z info: POST:/auth/userData
2023-06-13T15:28:51.013Z info: POST:/auth/userData
2023-06-13T15:28:51.026Z info: POST:/auth/userData
2023-06-13T15:28:51.042Z info: POST:/auth/userData
2023-06-13T15:28:51.058Z info: POST:/auth/userData
2023-06-13T15:28:51.074Z info: POST:/auth/userData
2023-06-13T15:28:51.090Z info: POST:/auth/userData
2023-06-13T15:28:51.105Z info: POST:/auth/userData
2023-06-13T15:28:51.123Z info: POST:/auth/userData
2023-06-13T15:28:51.140Z info: POST:/auth/userData
2023-06-13T15:28:51.151Z info: POST:/auth/userData
2023-06-13T15:28:51.163Z info: POST:/auth/userData
2023-06-13T15:28:51.174Z info: POST:/auth/userData
2023-06-13T15:28:51.184Z info: POST:/auth/userData
2023-06-13T15:28:51.195Z info: POST:/auth/userData
2023-06-13T15:28:51.209Z info: POST:/auth/userData
2023-06-13T15:28:51.222Z info: POST:/auth/userData
2023-06-13T15:28:51.237Z info: POST:/auth/userData
2023-06-13T15:28:51.250Z info: POST:/auth/userData
2023-06-13T15:28:51.265Z info: POST:/auth/userData
2023-06-13T15:28:51.277Z info: POST:/auth/userData
2023-06-13T15:28:51.292Z info: POST:/auth/userData
2023-06-13T15:28:51.305Z info: POST:/auth/userData
2023-06-13T15:28:51.315Z info: POST:/auth/userData
2023-06-13T15:28:51.327Z info: POST:/auth/userData
2023-06-13T15:28:51.339Z info: POST:/auth/userData
2023-06-13T15:28:51.348Z info: POST:/auth/userData
2023-06-13T15:28:51.359Z info: POST:/auth/userData
2023-06-13T15:28:51.372Z info: POST:/auth/userData
2023-06-13T15:28:51.384Z info: POST:/auth/userData
2023-06-13T15:28:51.397Z info: POST:/auth/userData
2023-06-13T15:28:51.410Z info: POST:/auth/userData
2023-06-13T15:28:51.420Z info: POST:/auth/userData
2023-06-13T15:28:51.430Z info: POST:/auth/userData
2023-06-13T15:28:51.442Z info: POST:/auth/userData
2023-06-13T15:28:51.453Z info: POST:/auth/userData
2023-06-13T15:28:51.469Z info: POST:/auth/userData
2023-06-13T15:28:51.484Z info: POST:/auth/userData
2023-06-13T15:28:51.503Z info: POST:/auth/userData
2023-06-13T15:28:51.521Z info: POST:/auth/userData
2023-06-13T15:28:51.580Z info: POST:/auth/userData
2023-06-13T15:28:51.595Z info: POST:/auth/userData
2023-06-13T15:28:51.609Z info: POST:/auth/userData
2023-06-13T15:28:51.623Z info: POST:/auth/userData
2023-06-13T15:28:51.635Z info: POST:/auth/userData
2023-06-13T15:28:51.726Z info: POST:/auth/userData
2023-06-13T15:28:51.743Z info: POST:/auth/userData
2023-06-13T15:28:51.757Z info: POST:/auth/userData
2023-06-13T15:28:51.772Z info: POST:/auth/userData
2023-06-13T15:28:51.787Z info: POST:/auth/userData
2023-06-13T15:28:51.803Z info: POST:/auth/userData
2023-06-13T15:28:51.818Z info: POST:/auth/userData
2023-06-13T15:28:51.835Z info: POST:/auth/userData
2023-06-13T15:28:51.849Z info: POST:/auth/userData
2023-06-13T15:28:51.866Z info: POST:/auth/userData
2023-06-13T15:28:51.879Z info: POST:/auth/userData
2023-06-13T15:28:51.893Z info: POST:/auth/userData
2023-06-13T15:28:51.907Z info: POST:/auth/userData
2023-06-13T15:28:51.921Z info: POST:/auth/userData
2023-06-13T15:28:51.937Z info: POST:/auth/userData
2023-06-13T15:28:51.954Z info: OPTIONS:/auth/notificationsettings
2023-06-13T15:28:51.956Z info: POST:/auth/userData
2023-06-13T15:28:51.958Z info: POST:/auth/notificationsettings
2023-06-13T15:28:51.975Z info: OPTIONS:/api/posts
2023-06-13T15:28:51.987Z info: GET:/api/posts
2023-06-13T15:28:54.525Z info: OPTIONS:/auth/userData
2023-06-13T15:28:54.530Z info: POST:/auth/userData
2023-06-13T15:28:54.544Z info: POST:/auth/userData
2023-06-13T15:28:54.558Z info: POST:/auth/userData
2023-06-13T15:28:54.571Z info: POST:/auth/userData
2023-06-13T15:28:54.584Z info: POST:/auth/userData
2023-06-13T15:28:54.597Z info: POST:/auth/userData
2023-06-13T15:28:54.609Z info: POST:/auth/userData
2023-06-13T15:28:54.622Z info: POST:/auth/userData
2023-06-13T15:28:54.636Z info: POST:/auth/userData
2023-06-13T15:28:54.649Z info: POST:/auth/userData
2023-06-13T15:28:54.662Z info: POST:/auth/userData
2023-06-13T15:28:54.676Z info: POST:/auth/userData
2023-06-13T15:28:54.690Z info: POST:/auth/userData
2023-06-13T15:28:54.704Z info: POST:/auth/userData
2023-06-13T15:28:54.717Z info: POST:/auth/userData
2023-06-13T15:28:54.731Z info: POST:/auth/userData
2023-06-13T15:28:54.827Z info: POST:/auth/userData
2023-06-13T15:28:54.840Z info: POST:/auth/userData
2023-06-13T15:28:54.854Z info: POST:/auth/userData
2023-06-13T15:28:54.866Z info: POST:/auth/userData
2023-06-13T15:28:54.880Z info: POST:/auth/userData
2023-06-13T15:28:54.894Z info: POST:/auth/userData
2023-06-13T15:28:54.907Z info: POST:/auth/userData
2023-06-13T15:28:54.920Z info: POST:/auth/userData
2023-06-13T15:28:54.939Z info: POST:/auth/userData
2023-06-13T15:28:54.951Z info: POST:/auth/userData
2023-06-13T15:28:54.966Z info: POST:/auth/userData
2023-06-13T15:28:54.979Z info: POST:/auth/userData
2023-06-13T15:28:54.992Z info: POST:/auth/userData
2023-06-13T15:28:55.006Z info: POST:/auth/userData
2023-06-13T15:28:55.022Z info: POST:/auth/userData
2023-06-13T15:28:55.040Z info: POST:/auth/userData
2023-06-13T15:28:55.058Z info: POST:/auth/userData
2023-06-13T15:28:55.077Z info: POST:/auth/userData
2023-06-13T15:28:55.098Z info: POST:/auth/userData
2023-06-13T15:28:55.118Z info: POST:/auth/userData
2023-06-13T15:28:55.132Z info: POST:/auth/userData
2023-06-13T15:28:55.149Z info: POST:/auth/userData
2023-06-13T15:28:55.165Z info: POST:/auth/userData
2023-06-13T15:28:55.177Z info: POST:/auth/userData
2023-06-13T15:28:55.193Z info: POST:/auth/userData
2023-06-13T15:28:55.207Z info: POST:/auth/userData
2023-06-13T15:28:55.280Z info: POST:/auth/userData
2023-06-13T15:28:55.298Z info: POST:/auth/userData
2023-06-13T15:28:55.316Z info: POST:/auth/userData
2023-06-13T15:28:55.330Z info: POST:/auth/userData
2023-06-13T15:28:55.343Z info: POST:/auth/userData
2023-06-13T15:28:55.356Z info: POST:/auth/userData
2023-06-13T15:28:55.370Z info: POST:/auth/userData
2023-06-13T15:28:55.384Z info: POST:/auth/userData
2023-06-13T15:28:55.398Z info: POST:/auth/userData
2023-06-13T15:28:55.411Z info: POST:/auth/userData
2023-06-13T15:28:55.424Z info: POST:/auth/userData
2023-06-13T15:28:55.437Z info: POST:/auth/userData
2023-06-13T15:28:55.646Z info: POST:/auth/userData
2023-06-13T15:28:56.101Z info: POST:/auth/userData
2023-06-13T15:28:56.153Z info: POST:/auth/userData
2023-06-13T15:28:56.831Z info: POST:/auth/userData
2023-06-13T15:28:56.887Z info: POST:/auth/userData
2023-06-13T15:28:56.929Z info: POST:/auth/userData
2023-06-13T15:28:56.948Z info: POST:/auth/userData
2023-06-13T15:28:57.041Z info: POST:/auth/userData
2023-06-13T15:28:57.057Z info: POST:/auth/userData
2023-06-13T15:28:57.077Z info: POST:/auth/userData
2023-06-13T15:28:57.093Z info: POST:/auth/userData
2023-06-13T15:28:57.110Z info: POST:/auth/userData
2023-06-13T15:28:57.125Z info: POST:/auth/userData
2023-06-13T15:28:57.205Z info: POST:/auth/userData
2023-06-13T15:28:57.218Z info: POST:/auth/userData
2023-06-13T15:28:57.230Z info: POST:/auth/userData
2023-06-13T15:28:57.245Z info: POST:/auth/userData
2023-06-13T15:28:57.258Z info: POST:/auth/userData
2023-06-13T15:28:57.275Z info: POST:/auth/userData
2023-06-13T15:28:57.288Z info: POST:/auth/userData
2023-06-13T15:28:57.302Z info: POST:/auth/userData
2023-06-13T15:28:57.318Z info: POST:/auth/userData
2023-06-13T15:28:57.353Z info: POST:/auth/userData
2023-06-13T15:28:57.403Z info: POST:/auth/userData
2023-06-13T15:28:57.424Z info: POST:/auth/userData
2023-06-13T15:28:57.634Z info: POST:/auth/userData
2023-06-13T15:28:57.696Z info: POST:/auth/userData
2023-06-13T15:28:57.711Z info: POST:/auth/userData
2023-06-13T15:28:57.732Z info: POST:/auth/userData
2023-06-13T15:28:57.878Z info: POST:/auth/userData
2023-06-13T15:28:57.897Z info: POST:/auth/userData
2023-06-13T15:28:57.919Z info: POST:/auth/userData
2023-06-13T15:28:57.942Z info: POST:/auth/userData
2023-06-13T15:28:57.964Z info: POST:/auth/userData
2023-06-13T15:28:57.993Z info: POST:/auth/userData
2023-06-13T15:28:58.013Z info: POST:/auth/userData
2023-06-13T15:28:58.035Z info: POST:/auth/userData
2023-06-13T15:28:58.058Z info: POST:/auth/userData
2023-06-13T15:28:58.078Z info: POST:/auth/userData
2023-06-13T15:28:58.102Z info: POST:/auth/userData
2023-06-13T15:28:58.126Z info: POST:/auth/userData
2023-06-13T15:28:58.152Z info: POST:/auth/userData
2023-06-13T15:28:58.202Z info: POST:/auth/userData
2023-06-13T15:28:58.226Z info: POST:/auth/userData
2023-06-13T15:28:58.248Z info: POST:/auth/userData
2023-06-13T15:28:58.392Z info: POST:/auth/userData
2023-06-13T15:28:58.414Z info: POST:/auth/userData
2023-06-13T15:28:58.437Z info: POST:/auth/userData
2023-06-13T15:28:58.466Z info: POST:/auth/userData
2023-06-13T15:28:58.526Z info: POST:/auth/userData
2023-06-13T15:28:58.541Z info: POST:/auth/userData
2023-06-13T15:28:58.560Z info: POST:/auth/userData
2023-06-13T15:28:58.585Z info: POST:/auth/userData
2023-06-13T15:28:58.614Z info: POST:/auth/userData
2023-06-13T15:28:58.638Z info: POST:/auth/userData
2023-06-13T15:28:58.661Z info: POST:/auth/userData
2023-06-13T15:28:58.684Z info: POST:/auth/userData
2023-06-13T15:28:58.708Z info: POST:/auth/userData
2023-06-13T15:28:58.731Z info: POST:/auth/userData
2023-06-13T15:28:58.760Z info: POST:/auth/userData
2023-06-13T15:28:58.787Z info: POST:/auth/userData
2023-06-13T15:28:58.814Z info: POST:/auth/userData
2023-06-13T15:28:58.836Z info: POST:/auth/userData
2023-06-13T15:28:58.860Z info: POST:/auth/userData
2023-06-13T15:28:58.882Z info: POST:/auth/userData
2023-06-13T15:28:58.904Z info: POST:/auth/userData
2023-06-13T15:28:58.932Z info: POST:/auth/userData
2023-06-13T15:28:58.955Z info: POST:/auth/userData
2023-06-13T15:28:58.983Z info: POST:/auth/userData
2023-06-13T15:28:59.009Z info: POST:/auth/userData
2023-06-13T15:28:59.032Z info: POST:/auth/userData
2023-06-13T15:28:59.054Z info: POST:/auth/userData
2023-06-13T15:28:59.081Z info: POST:/auth/userData
2023-06-13T15:28:59.107Z info: POST:/auth/userData
2023-06-13T15:28:59.131Z info: POST:/auth/userData
2023-06-13T15:28:59.154Z info: POST:/auth/userData
2023-06-13T15:28:59.180Z info: POST:/auth/userData
2023-06-13T15:28:59.203Z info: POST:/auth/userData
2023-06-13T15:28:59.225Z info: POST:/auth/userData
2023-06-13T15:28:59.310Z info: POST:/auth/userData
2023-06-13T15:28:59.328Z info: POST:/auth/userData
2023-06-13T15:28:59.342Z info: POST:/auth/userData
2023-06-13T15:28:59.363Z info: POST:/auth/userData
2023-06-13T15:28:59.383Z info: POST:/auth/userData
2023-06-13T15:28:59.403Z info: POST:/auth/userData
2023-06-13T15:28:59.429Z info: POST:/auth/userData
2023-06-13T15:28:59.444Z info: POST:/auth/userData
2023-06-13T15:28:59.463Z info: POST:/auth/userData
2023-06-13T15:28:59.483Z info: POST:/auth/userData
2023-06-13T15:28:59.498Z info: POST:/auth/userData
2023-06-13T15:28:59.541Z info: OPTIONS:/auth/userData
2023-06-13T15:28:59.544Z info: POST:/auth/userData
2023-06-13T15:28:59.560Z info: POST:/auth/userData
2023-06-13T15:28:59.574Z info: POST:/auth/userData
2023-06-13T15:28:59.604Z info: POST:/auth/userData
2023-06-13T15:28:59.728Z info: POST:/auth/userData
2023-06-13T15:28:59.746Z info: POST:/auth/userData
2023-06-13T15:28:59.765Z info: POST:/auth/userData
2023-06-13T15:28:59.779Z info: POST:/auth/userData
2023-06-13T15:28:59.798Z info: POST:/auth/userData
2023-06-13T15:28:59.819Z info: POST:/auth/userData
2023-06-13T15:28:59.840Z info: POST:/auth/userData
2023-06-13T15:28:59.860Z info: POST:/auth/userData
2023-06-13T15:28:59.878Z info: POST:/auth/userData
2023-06-13T15:28:59.896Z info: POST:/auth/userData
2023-06-13T15:28:59.920Z info: POST:/auth/userData
2023-06-13T15:28:59.932Z info: POST:/auth/userData
2023-06-13T15:28:59.950Z info: POST:/auth/userData
2023-06-13T15:28:59.990Z info: POST:/auth/userData
2023-06-13T15:29:00.032Z info: POST:/auth/userData
2023-06-13T15:29:00.097Z info: POST:/auth/userData
2023-06-13T15:29:00.117Z info: POST:/auth/userData
2023-06-13T15:29:00.131Z info: POST:/auth/userData
2023-06-13T15:29:00.151Z info: POST:/auth/userData
2023-06-13T15:29:00.175Z info: POST:/auth/userData
2023-06-13T15:29:00.194Z info: POST:/auth/userData
2023-06-13T15:29:00.214Z info: POST:/auth/userData
2023-06-13T15:29:00.236Z info: POST:/auth/userData
2023-06-13T15:29:00.258Z info: POST:/auth/userData
2023-06-13T15:29:00.276Z info: POST:/auth/userData
2023-06-13T15:29:00.298Z info: POST:/auth/userData
2023-06-13T15:29:00.361Z info: POST:/auth/userData
2023-06-13T15:29:00.394Z info: POST:/auth/userData
2023-06-13T15:29:00.413Z info: POST:/auth/userData
2023-06-13T15:29:00.431Z info: POST:/auth/userData
2023-06-13T15:29:00.451Z info: POST:/auth/userData
2023-06-13T15:29:00.473Z info: POST:/auth/userData
2023-06-13T15:29:00.489Z info: POST:/auth/userData
2023-06-13T15:29:00.515Z info: POST:/auth/userData
2023-06-13T15:29:00.532Z info: POST:/auth/userData
2023-06-13T15:29:00.567Z info: POST:/auth/userData
2023-06-13T15:29:00.592Z info: POST:/auth/userData
2023-06-13T15:29:00.610Z info: POST:/auth/userData
2023-06-13T15:29:00.698Z info: POST:/auth/userData
2023-06-13T15:29:00.719Z info: POST:/auth/userData
2023-06-13T15:29:00.742Z info: POST:/auth/userData
2023-06-13T15:29:00.762Z info: POST:/auth/userData
2023-06-13T15:29:00.779Z info: POST:/auth/userData
2023-06-13T15:29:00.797Z info: POST:/auth/userData
2023-06-13T15:29:00.811Z info: POST:/auth/userData
2023-06-13T15:29:00.824Z info: POST:/auth/userData
2023-06-13T15:29:00.838Z info: POST:/auth/userData
2023-06-13T15:29:00.861Z info: POST:/auth/userData
2023-06-13T15:29:01.118Z info: POST:/auth/userData
2023-06-13T15:29:01.142Z info: POST:/auth/userData
2023-06-13T15:29:01.164Z info: POST:/auth/userData
2023-06-13T15:29:01.183Z info: POST:/auth/userData
2023-06-13T15:29:01.201Z info: POST:/auth/userData
2023-06-13T15:29:01.224Z info: POST:/auth/userData
2023-06-13T15:29:01.239Z info: POST:/auth/userData
2023-06-13T15:29:01.252Z info: POST:/auth/userData
2023-06-13T15:29:01.271Z info: POST:/auth/userData
2023-06-13T15:29:01.286Z info: POST:/auth/userData
2023-06-13T15:29:01.328Z info: POST:/auth/userData
2023-06-13T15:29:01.342Z info: POST:/auth/userData
2023-06-13T15:29:01.360Z info: POST:/auth/userData
2023-06-13T15:29:01.379Z info: POST:/auth/userData
2023-06-13T15:29:01.401Z info: POST:/auth/userData
2023-06-13T15:29:01.420Z info: POST:/auth/userData
2023-06-13T15:29:01.437Z info: POST:/auth/userData
2023-06-13T15:29:01.449Z info: POST:/auth/userData
2023-06-13T15:29:01.469Z info: POST:/auth/userData
2023-06-13T15:29:01.489Z info: POST:/auth/userData
2023-06-13T15:29:01.513Z info: POST:/auth/userData
2023-06-13T15:29:01.526Z info: POST:/auth/userData
2023-06-13T15:29:01.545Z info: POST:/auth/userData
2023-06-13T15:29:01.562Z info: POST:/auth/userData
2023-06-13T15:29:01.581Z info: POST:/auth/userData
2023-06-13T15:29:01.601Z info: POST:/auth/userData
2023-06-13T15:29:01.620Z info: POST:/auth/userData
2023-06-13T15:29:01.640Z info: POST:/auth/userData
2023-06-13T15:29:01.658Z info: POST:/auth/userData
2023-06-13T15:29:01.677Z info: POST:/auth/userData
2023-06-13T15:29:01.695Z info: POST:/auth/userData
2023-06-13T15:29:01.717Z info: POST:/auth/userData
2023-06-13T15:29:01.737Z info: POST:/auth/userData
2023-06-13T15:29:01.753Z info: POST:/auth/userData
2023-06-13T15:29:01.766Z info: POST:/auth/userData
2023-06-13T15:29:01.786Z info: POST:/auth/userData
2023-06-13T15:29:01.808Z info: POST:/auth/userData
2023-06-13T15:29:01.830Z info: POST:/auth/userData
2023-06-13T15:29:01.882Z info: POST:/auth/userData
2023-06-13T15:29:01.902Z info: POST:/auth/userData
2023-06-13T15:29:01.915Z info: POST:/auth/userData
2023-06-13T15:29:01.934Z info: POST:/auth/userData
2023-06-13T15:29:01.950Z info: POST:/auth/userData
2023-06-13T15:29:01.967Z info: POST:/auth/userData
2023-06-13T15:29:01.986Z info: POST:/auth/userData
2023-06-13T15:29:02.012Z info: POST:/auth/userData
2023-06-13T15:32:57.121Z info: OPTIONS:/auth/userData
2023-06-13T15:32:57.129Z info: POST:/auth/userData
2023-06-13T15:32:58.042Z info: POST:/auth/userData
2023-06-13T15:33:02.039Z info: POST:/auth/userData
2023-06-13T15:33:09.029Z info: OPTIONS:/auth/userData
2023-06-13T15:33:09.037Z info: POST:/auth/userData
2023-06-13T15:33:16.041Z info: OPTIONS:/auth/userData
2023-06-13T15:33:16.046Z info: POST:/auth/userData
2023-06-13T15:33:18.020Z info: POST:/auth/userData
2023-06-13T15:33:20.031Z info: POST:/auth/userData
2023-06-13T15:33:29.029Z info: OPTIONS:/auth/userData
2023-06-13T15:33:29.035Z info: POST:/auth/userData
2023-06-13T15:33:30.030Z info: POST:/auth/userData
2023-06-13T15:33:55.444Z info: OPTIONS:/auth/userData
2023-06-13T15:33:55.449Z info: POST:/auth/userData
2023-06-13T15:34:49.046Z info: OPTIONS:/auth/userData
2023-06-13T15:34:49.050Z info: POST:/auth/userData
2023-06-13T15:34:52.012Z info: POST:/auth/userData
2023-06-13T15:34:53.082Z info: POST:/auth/userData
2023-06-13T15:34:58.040Z info: OPTIONS:/auth/userData
2023-06-13T15:34:58.047Z info: POST:/auth/userData
2023-06-13T15:35:26.042Z info: OPTIONS:/auth/userData
2023-06-13T15:35:26.045Z info: POST:/auth/userData
2023-06-13T15:35:34.048Z info: OPTIONS:/auth/userData
2023-06-13T15:35:34.055Z info: POST:/auth/userData
2023-06-13T15:35:39.033Z info: POST:/auth/userData
2023-06-13T15:35:46.049Z info: OPTIONS:/auth/userData
2023-06-13T15:35:46.057Z info: POST:/auth/userData
2023-06-13T15:35:52.465Z info: OPTIONS:/auth/userData
2023-06-13T15:35:52.471Z info: POST:/auth/userData
2023-06-13T15:36:04.038Z info: OPTIONS:/auth/userData
2023-06-13T15:36:04.042Z info: POST:/auth/userData
2023-06-13T15:36:06.033Z info: POST:/auth/userData
2023-06-13T15:36:31.313Z info: OPTIONS:/auth/userData
2023-06-13T15:36:31.322Z info: POST:/auth/userData
2023-06-13T15:39:39.046Z info: OPTIONS:/auth/userData
2023-06-13T15:39:39.051Z info: POST:/auth/userData
2023-06-13T15:39:43.321Z info: POST:/auth/userData
2023-06-13T15:39:46.514Z info: OPTIONS:/auth/notificationsettings
2023-06-13T15:39:46.549Z info: OPTIONS:/auth/userData
2023-06-13T15:39:46.636Z info: POST:/auth/notificationsettings
2023-06-13T15:39:46.640Z info: OPTIONS:/api/posts
2023-06-13T15:39:46.652Z info: GET:/api/posts
2023-06-13T15:39:48.785Z info: OPTIONS:/auth/userData
2023-06-13T15:39:48.790Z info: POST:/auth/userData
2023-06-13T15:41:58.988Z info: OPTIONS:/auth/userData
2023-06-13T15:41:58.992Z info: POST:/auth/userData
2023-06-13T15:42:04.071Z info: OPTIONS:/auth/userData
2023-06-13T15:42:04.076Z info: POST:/auth/userData
2023-06-13T15:42:11.050Z info: OPTIONS:/auth/userData
2023-06-13T15:42:11.056Z info: POST:/auth/userData
2023-06-13T15:42:33.045Z info: OPTIONS:/auth/userData
2023-06-13T15:42:33.051Z info: POST:/auth/userData
2023-06-13T15:42:37.033Z info: POST:/auth/userData
2023-06-13T15:42:38.023Z info: POST:/auth/userData
2023-06-13T15:42:57.065Z info: OPTIONS:/auth/userData
2023-06-13T15:42:57.072Z info: POST:/auth/userData
2023-06-13T15:43:00.025Z info: POST:/auth/userData
2023-06-13T15:43:06.030Z info: OPTIONS:/auth/userData
2023-06-13T15:43:06.036Z info: POST:/auth/userData
2023-06-13T15:43:12.023Z info: OPTIONS:/auth/userData
2023-06-13T15:43:12.029Z info: POST:/auth/userData
2023-06-13T15:43:28.024Z info: OPTIONS:/auth/userData
2023-06-13T15:43:28.031Z info: POST:/auth/userData
2023-06-13T15:43:31.725Z info: POST:/auth/userData
2023-06-13T15:43:34.701Z info: OPTIONS:/auth/userData
2023-06-13T15:43:34.706Z info: POST:/auth/userData
2023-06-13T15:43:36.646Z info: POST:/auth/userData
2023-06-13T15:43:36.647Z info: OPTIONS:/auth/notificationsettings
2023-06-13T15:43:36.652Z info: POST:/auth/notificationsettings
2023-06-13T15:43:36.673Z info: OPTIONS:/api/posts
2023-06-13T15:43:36.678Z info: GET:/api/posts
2023-06-13T15:43:39.090Z info: OPTIONS:/auth/userData
2023-06-13T15:43:39.098Z info: POST:/auth/userData
2023-06-13T15:43:41.123Z info: POST:/auth/userData
2023-06-13T15:43:57.847Z info: OPTIONS:/auth/notificationsettings
2023-06-13T15:43:57.849Z info: OPTIONS:/auth/userData
2023-06-13T15:43:57.856Z info: POST:/auth/notificationsettings
2023-06-13T15:43:57.880Z info: OPTIONS:/api/posts
2023-06-13T15:43:57.884Z info: GET:/api/posts
2023-06-13T15:44:04.331Z info: OPTIONS:/auth/userData
2023-06-13T15:44:04.338Z info: POST:/auth/userData
2023-06-13T15:44:17.862Z info: OPTIONS:/auth/userData
2023-06-13T15:44:17.867Z info: POST:/auth/userData
2023-06-13T15:44:24.514Z info: OPTIONS:/auth/notificationsettings
2023-06-13T15:44:24.516Z info: OPTIONS:/auth/userData
2023-06-13T15:44:24.531Z info: POST:/auth/notificationsettings
2023-06-13T15:44:24.550Z info: OPTIONS:/api/posts
2023-06-13T15:44:24.585Z info: GET:/api/posts
2023-06-13T15:44:36.598Z info: OPTIONS:/auth/userData
2023-06-13T15:44:36.606Z info: POST:/auth/userData
2023-06-13T15:46:43.893Z info: OPTIONS:/auth/userData
2023-06-13T15:46:43.899Z info: POST:/auth/userData
2023-06-13T15:46:45.229Z info: OPTIONS:/api/posts
2023-06-13T15:46:45.233Z info: GET:/api/posts
2023-06-13T15:46:48.436Z info: GET:/api/posts
2023-06-13T15:46:52.449Z info: OPTIONS:/api/post/7
2023-06-13T15:46:52.458Z info: GET:/api/post/7
2023-06-13T15:46:55.805Z info: GET:/api/post/7
2023-06-13T15:47:06.641Z info: OPTIONS:/api/editpost/7
2023-06-13T15:47:06.647Z info: PUT:/api/editpost/7
2023-06-13T15:47:06.652Z info: {"title":"t","content":"s","genre":"Sport","isPrivate":false}
2023-06-13T15:47:08.257Z info: OPTIONS:/api/posts
2023-06-13T15:47:08.262Z info: GET:/api/posts
2023-06-13T15:47:10.682Z info: GET:/api/posts
2023-06-13T15:47:15.143Z info: OPTIONS:/api/post/7
2023-06-13T15:47:15.149Z info: GET:/api/post/7
2023-06-13T15:47:27.832Z info: OPTIONS:/api/post/7
2023-06-13T15:47:27.836Z info: GET:/api/post/7
2023-06-13T15:49:40.045Z info: OPTIONS:/api/post/7
2023-06-13T15:49:40.053Z info: GET:/api/post/7
2023-06-13T15:49:42.262Z info: OPTIONS:/auth/userData
2023-06-13T15:49:42.266Z info: POST:/auth/userData
2023-06-13T15:49:47.184Z info: POST:/auth/userData
2023-06-13T15:49:51.222Z info: OPTIONS:/auth/notificationsettings
2023-06-13T15:49:51.224Z info: OPTIONS:/auth/userData
2023-06-13T15:49:51.229Z info: POST:/auth/notificationsettings
2023-06-13T15:49:51.257Z info: OPTIONS:/api/posts
2023-06-13T15:49:51.262Z info: GET:/api/posts
2023-06-13T15:50:02.005Z info: OPTIONS:/auth/userData
2023-06-13T15:50:02.013Z info: POST:/auth/userData
