2023-06-20T20:05:03.336Z info: GET:/favicon.ico
2023-06-20T20:05:03.350Z info: GET:/logo192.png
2023-06-20T20:05:03.354Z info: GET:/logo512.png
2023-06-20T20:05:06.954Z info: GET:/favicon.ico
2023-06-20T20:05:06.958Z info: GET:/logo192.png
2023-06-20T20:05:06.963Z info: GET:/logo512.png
2023-06-20T20:05:07.972Z info: GET:/favicon.ico
2023-06-20T20:05:07.978Z info: GET:/logo192.png
2023-06-20T20:05:07.985Z info: GET:/logo512.png
2023-06-20T20:05:12.983Z info: GET:/ws
2023-06-20T20:05:13.296Z info: GET:/manifest.json
2023-06-20T20:05:14.327Z info: GET:/ws
2023-06-20T20:05:14.981Z info: GET:/ws
2023-06-20T20:05:15.067Z info: GET:/manifest.json
2023-06-20T20:05:16.138Z info: GET:/ws
2023-06-20T20:05:18.231Z info: GET:/ws
2023-06-20T20:05:22.283Z info: GET:/ws
2023-06-20T20:05:24.137Z info: GET:/
2023-06-20T20:05:29.281Z info: GET:/
2023-06-20T20:05:34.088Z info: GET:/registration
2023-06-20T20:05:42.622Z info: GET:/
2023-06-20T20:07:05.467Z info: GET:/api/posts
2023-06-20T20:07:11.371Z info: GET:/api/posts
2023-06-20T20:07:13.078Z info: GET:/api/post/4
2023-06-20T20:07:19.868Z info: GET:/api/posts
2023-06-20T20:07:26.002Z info: POST:/api/createNewPost
2023-06-20T20:07:26.003Z info: {"title":"ddd","content":"ddd","genre":"Business","isPrivate":false}
2023-06-20T20:07:28.554Z info: GET:/api/posts
