2023-06-12T11:10:35.220Z info: OPTIONS:/api/posts
2023-06-12T11:10:35.234Z info: GET:/api/posts
2023-06-12T11:10:35.241Z error: jwt expired
2023-06-12T11:10:41.952Z info: OPTIONS:/api/posts
2023-06-12T11:10:41.957Z info: GET:/api/posts
2023-06-12T11:10:41.961Z error: jwt expired
2023-06-12T11:11:17.357Z info: OPTIONS:/auth/register
2023-06-12T11:11:17.409Z info: POST:/auth/register
2023-06-12T11:11:19.101Z info: OPTIONS:/api/posts
2023-06-12T11:11:19.107Z info: GET:/api/posts
2023-06-12T11:11:19.112Z error: invalid signature
2023-06-12T11:11:29.172Z info: OPTIONS:/api/posts
2023-06-12T11:11:29.180Z info: GET:/api/posts
2023-06-12T11:11:29.183Z error: invalid signature
2023-06-12T11:15:49.755Z info: OPTIONS:/api/posts
2023-06-12T11:15:49.760Z info: GET:/api/posts
2023-06-12T11:15:49.763Z error: invalid signature
2023-06-12T11:16:19.069Z info: OPTIONS:/auth/register
2023-06-12T11:16:19.075Z info: POST:/auth/register
2023-06-12T11:18:38.560Z info: OPTIONS:/auth/login
2023-06-12T11:18:38.567Z info: POST:/auth/login
2023-06-12T11:18:40.258Z info: OPTIONS:/api/posts
2023-06-12T11:18:40.264Z info: GET:/api/posts
2023-06-12T11:19:09.558Z info: OPTIONS:/auth/register
2023-06-12T11:19:09.562Z info: POST:/auth/register
2023-06-12T11:20:28.438Z info: OPTIONS:/auth/register
2023-06-12T11:20:28.443Z info: POST:/auth/register
2023-06-12T11:22:10.574Z info: OPTIONS:/auth/register
2023-06-12T11:22:10.579Z info: POST:/auth/register
2023-06-12T11:22:10.581Z warn: {"ValidationError":["must match format \"email\""]}
2023-06-12T11:23:50.021Z info: OPTIONS:/auth/register
2023-06-12T11:23:50.026Z info: POST:/auth/register
2023-06-12T11:23:51.711Z info: OPTIONS:/api/posts
2023-06-12T11:23:51.715Z info: GET:/api/posts
2023-06-12T11:23:51.718Z error: invalid signature
2023-06-12T11:24:22.838Z info: GET:/api/posts
2023-06-12T11:24:22.839Z error: No authorization token was found
2023-06-12T15:57:13.850Z info: OPTIONS:/api/posts
2023-06-12T15:57:13.865Z info: GET:/api/posts
2023-06-12T15:57:13.869Z error: invalid signature
2023-06-12T15:57:25.055Z info: OPTIONS:/api/createNewPost
2023-06-12T15:57:25.074Z info: POST:/api/createNewPost
2023-06-12T15:57:25.075Z error: invalid signature
2023-06-12T15:57:41.421Z info: GET:/api/posts
2023-06-12T15:57:41.421Z error: No authorization token was found
2023-06-12T15:57:44.126Z info: OPTIONS:/auth/userData
2023-06-12T15:57:44.130Z info: POST:/auth/userData
2023-06-12T15:57:55.682Z info: OPTIONS:/auth/login
2023-06-12T15:57:55.687Z info: POST:/auth/login
2023-06-12T15:57:57.202Z info: OPTIONS:/api/posts
2023-06-12T15:57:57.208Z info: GET:/api/posts
2023-06-12T15:58:13.207Z info: OPTIONS:/api/post/1
2023-06-12T15:58:13.214Z info: GET:/api/post/1
2023-06-12T16:30:41.055Z info: OPTIONS:/api/posts
2023-06-12T16:30:41.076Z info: GET:/api/posts
2023-06-12T16:30:43.940Z info: GET:/api/posts
2023-06-12T16:30:55.985Z info: OPTIONS:/api/createNewPost
2023-06-12T16:30:56.024Z info: POST:/api/createNewPost
2023-06-12T16:30:56.031Z info: {"title":"11111111","content":"111111111111","genre":"Other","isPrivate":true}
2023-06-12T16:31:59.575Z info: OPTIONS:/api/createNewPost
2023-06-12T16:31:59.624Z info: POST:/api/createNewPost
2023-06-12T16:31:59.640Z info: {"title":"222222","content":"2222222","genre":"Business","isPrivate":true}
2023-06-12T16:42:43.808Z info: OPTIONS:/api/createNewPost
2023-06-12T16:42:43.817Z info: POST:/api/createNewPost
2023-06-12T16:42:43.822Z info: {"title":"as","content":"as","genre":"Sport","isPrivate":true}
2023-06-12T16:43:34.005Z info: OPTIONS:/api/createNewPost
2023-06-12T16:43:34.024Z info: POST:/api/createNewPost
2023-06-12T16:43:34.028Z info: {"title":"ds","content":"ds","genre":"Sport","isPrivate":false}
2023-06-12T16:45:32.664Z info: OPTIONS:/api/createNewPost
2023-06-12T16:45:32.724Z info: POST:/api/createNewPost
2023-06-12T16:45:32.741Z info: {"title":"s","content":"s","genre":"Sport","isPrivate":false}
2023-06-12T16:48:26.274Z info: OPTIONS:/api/createNewPost
2023-06-12T16:48:26.337Z info: POST:/api/createNewPost
2023-06-12T16:48:26.355Z info: {"title":"df","content":"df","genre":"Sport","isPrivate":false}
2023-06-12T18:18:29.600Z info: OPTIONS:/api/posts
2023-06-12T18:18:29.626Z info: GET:/api/posts
2023-06-12T18:18:29.644Z error: jwt expired
2023-06-12T18:18:46.435Z info: OPTIONS:/auth/login
2023-06-12T18:18:46.475Z info: POST:/auth/login
2023-06-12T18:18:47.970Z info: OPTIONS:/api/posts
2023-06-12T18:18:47.977Z info: GET:/api/posts
2023-06-12T18:19:07.761Z info: OPTIONS:/api/createNewPost
2023-06-12T18:19:07.768Z info: POST:/api/createNewPost
2023-06-12T18:19:07.775Z info: {"title":"4545","content":"4546","genre":"Sport","isPrivate":true}
2023-06-12T18:26:07.130Z info: OPTIONS:/api/createNewPost
2023-06-12T18:26:07.178Z info: POST:/api/createNewPost
2023-06-12T18:26:07.194Z info: {"title":"fg","content":"fgg","genre":"Business","isPrivate":true}
2023-06-12T18:27:23.761Z info: OPTIONS:/api/createNewPost
2023-06-12T18:27:23.803Z info: POST:/api/createNewPost
2023-06-12T18:27:23.821Z info: {"title":"ee","content":"ee","genre":"Business","isPrivate":true}
2023-06-12T18:29:49.048Z info: OPTIONS:/api/createNewPost
2023-06-12T18:29:49.087Z info: POST:/api/createNewPost
2023-06-12T18:29:49.105Z info: {"title":"xc","content":"xc","genre":"Business","isPrivate":true}
